\BOOKMARK [-1][-]{chapter*.1}{\376\377\000V\000o\000l\000u\000m\000e\000\040\000I\000:\000\040\000F\000o\000u\000n\000d\000a\000t\000i\000o\000n\000s}{}% 1
\BOOKMARK [0][-]{section*.2}{\376\377\000P\000a\000r\000t\000\040\000A\000:\000\040\000T\000h\000e\000\040\000O\000n\000t\000o\000l\000o\000g\000y}{chapter*.1}% 2
\BOOKMARK [1][-]{section*.2}{\376\377\000P\000A\000R\000T\000\040\000I\000:\000\040\000F\000O\000U\000N\000D\000A\000T\000I\000O\000N\000S}{chapter*.1}% 3
\BOOKMARK [1][-]{table.0.1}{\376\377\000P\000A\000R\000T\000\040\000I\000I\000:\000\040\000D\000Y\000N\000A\000M\000I\000C\000S}{chapter*.1}% 4
\BOOKMARK [0][-]{Item.23}{\376\377\000P\000a\000r\000t\000\040\000B\000:\000\040\000T\000h\000e\000\040\000T\000e\000r\000r\000i\000t\000o\000r\000y}{chapter*.1}% 5
\BOOKMARK [1][-]{Item.28}{\376\377\000P\000A\000R\000T\000\040\000I\000:\000\040\000M\000A\000T\000H\000E\000M\000A\000T\000I\000C\000S}{Item.23}% 6
\BOOKMARK [1][-]{Item.28}{\376\377\000P\000A\000R\000T\000\040\000I\000I\000:\000\040\000P\000H\000Y\000S\000I\000C\000S}{Item.23}% 7
\BOOKMARK [1][-]{Item.28}{\376\377\000P\000A\000R\000T\000\040\000I\000I\000I\000:\000\040\000S\000P\000E\000C\000I\000F\000I\000C\000\040\000F\000R\000A\000M\000E\000W\000O\000R\000K\000S\000\040\000R\000E\000L\000E\000V\000A\000N\000T\000\040\000T\000O\000\040\000M\000E\000R\000I\000D\000I\000A\000N}{Item.23}% 8
\BOOKMARK [1][-]{Item.28}{\376\377\000P\000A\000R\000T\000\040\000I\000V\000:\000\040\000C\000R\000O\000S\000S\000-\000C\000U\000T\000T\000I\000N\000G\000\040\000F\000R\000A\000M\000E\000W\000O\000R\000K\000S}{Item.23}% 9
\BOOKMARK [-1][-]{Item.28}{\376\377\000V\000o\000l\000u\000m\000e\000\040\000I\000I\000:\000\040\000T\000h\000e\000\040\000I\000n\000h\000a\000b\000i\000t\000a\000n\000t\000s}{}% 10
\BOOKMARK [0][-]{section*.3}{\376\377\000P\000a\000r\000t\000\040\000C\000:\000\040\000T\000h\000e\000\040\000T\000a\000x\000o\000n\000o\000m\000y}{Item.28}% 11
\BOOKMARK [0][-]{Item.31}{\376\377\000P\000a\000r\000t\000\040\000D\000:\000\040\000T\000h\000e\000\040\000C\000o\000l\000l\000e\000c\000t\000i\000v\000e\000\040\000D\000i\000m\000e\000n\000s\000i\000o\000n}{Item.28}% 12
\BOOKMARK [1][-]{section*.4}{\376\377\000P\000A\000R\000T\000\040\000I\000I\000I\000:\000\040\000T\000H\000E\000\040\000C\000O\000L\000L\000E\000C\000T\000I\000V\000E\000\040\000D\000I\000M\000E\000N\000S\000I\000O\000N}{Item.31}% 13
\BOOKMARK [1][-]{Item.40}{\376\377\000P\000A\000R\000T\000\040\000X\000V\000:\000\040\000C\000O\000L\000L\000E\000C\000T\000I\000V\000E\000\040\000F\000O\000R\000M\000A\000T\000I\000O\000N\000\040\000\046\000\040\000I\000N\000T\000E\000R\000S\000U\000B\000J\000E\000C\000T\000I\000V\000I\000T\000Y}{Item.31}% 14
\BOOKMARK [1][-]{Item.40}{\376\377\000P\000A\000R\000T\000\040\000X\000V\000I\000:\000\040\000C\000O\000L\000L\000E\000C\000T\000I\000V\000E\000\040\000D\000E\000V\000E\000L\000O\000P\000M\000E\000N\000T}{Item.31}% 15
\BOOKMARK [-1][-]{Item.40}{\376\377\000V\000o\000l\000u\000m\000e\000\040\000I\000I\000I\000:\000\040\000D\000y\000n\000a\000m\000i\000c\000s\000\040\000A\000n\000d\000\040\000F\000o\000r\000c\000e\000s}{}% 16
\BOOKMARK [0][-]{section*.5}{\376\377\000P\000a\000r\000t\000\040\000E\000:\000\040\000E\000c\000o\000l\000o\000g\000i\000c\000a\000l\000\040\000D\000y\000n\000a\000m\000i\000c\000s}{Item.40}% 17
\BOOKMARK [1][-]{Item.45}{\376\377\000P\000A\000R\000T\000\040\000X\000I\000I\000:\000\040\000P\000R\000E\000D\000A\000T\000I\000O\000N\000\040\000A\000N\000D\000\040\000P\000A\000R\000A\000S\000I\000T\000I\000S\000M}{Item.40}% 18
\BOOKMARK [1][-]{Item.45}{\376\377\000P\000A\000R\000T\000\040\000X\000I\000X\000:\000\040\000C\000O\000M\000P\000U\000T\000A\000T\000I\000O\000N\000A\000L\000\040\000C\000O\000N\000S\000C\000I\000O\000U\000S\000N\000E\000S\000S\000\040\000A\000N\000D\000\040\000C\000R\000O\000S\000S\000-\000S\000U\000B\000S\000T\000R\000A\000T\000E\000\040\000N\000A\000V\000I\000G\000A\000T\000I\000O\000N}{Item.40}% 19
\BOOKMARK [0][-]{Item.45}{\376\377\000P\000a\000r\000t\000\040\000F\000:\000\040\000S\000u\000f\000f\000e\000r\000i\000n\000g\000,\000\040\000C\000o\000n\000t\000r\000a\000c\000t\000i\000o\000n\000,\000\040\000a\000n\000d\000\040\000T\000r\000a\000n\000s\000f\000o\000r\000m\000a\000t\000i\000o\000n}{Item.40}% 20
\BOOKMARK [1][-]{section*.6}{\376\377\000P\000A\000R\000T\000\040\000I\000X\000:\000\040\000E\000T\000H\000I\000C\000S\000,\000\040\000P\000O\000W\000E\000R\000,\000\040\000A\000N\000D\000\040\000A\000T\000T\000E\000N\000T\000I\000O\000N}{Item.45}% 21
\BOOKMARK [1][-]{section*.6}{\376\377\000P\000A\000R\000T\000\040\000X\000:\000\040\000S\000U\000F\000F\000E\000R\000I\000N\000G\000\040\000A\000N\000D\000\040\000T\000R\000A\000N\000S\000F\000O\000R\000M\000A\000T\000I\000O\000N}{Item.45}% 22
\BOOKMARK [1][-]{section*.6}{\376\377\000P\000A\000R\000T\000\040\000X\000I\000:\000\040\000C\000O\000N\000T\000R\000A\000C\000T\000I\000O\000N\000\040\000A\000N\000D\000\040\000W\000I\000T\000H\000D\000R\000A\000W\000A\000L}{Item.45}% 23
\BOOKMARK [1][-]{section*.6}{\376\377\000P\000A\000R\000T\000\040\000X\000V\000I\000I\000:\000\040\000C\000O\000L\000L\000E\000C\000T\000I\000V\000E\000\040\000S\000U\000F\000F\000E\000R\000I\000N\000G\000\040\000\046\000\040\000D\000A\000R\000K\000\040\000N\000I\000G\000H\000T\000S}{Item.45}% 24
\BOOKMARK [-1][-]{section*.6}{\376\377\000V\000o\000l\000u\000m\000e\000\040\000I\000V\000:\000\040\000B\000e\000a\000u\000t\000y\000,\000\040\000G\000r\000o\000w\000t\000h\000,\000\040\000A\000n\000d\000\040\000R\000e\000s\000o\000l\000u\000t\000i\000o\000n}{}% 25
\BOOKMARK [0][-]{section*.7}{\376\377\000P\000a\000r\000t\000\040\000G\000:\000\040\000B\000e\000a\000u\000t\000y\000\040\000a\000n\000d\000\040\000A\000e\000s\000t\000h\000e\000t\000i\000c\000s}{section*.6}% 26
\BOOKMARK [1][-]{section*.7}{\376\377\000P\000A\000R\000T\000\040\000X\000I\000V\000:\000\040\000A\000E\000S\000T\000H\000E\000T\000I\000C\000S\000\040\000A\000N\000D\000\040\000B\000E\000A\000U\000T\000Y}{section*.6}% 27
\BOOKMARK [0][-]{section*.7}{\376\377\000P\000a\000r\000t\000\040\000H\000:\000\040\000D\000e\000v\000e\000l\000o\000p\000m\000e\000n\000t\000\040\000a\000n\000d\000\040\000t\000h\000e\000\040\000A\000r\000c}{section*.6}% 28
\BOOKMARK [1][-]{section*.8}{\376\377\000P\000A\000R\000T\000\040\000X\000I\000I\000I\000:\000\040\000D\000E\000V\000E\000L\000O\000P\000M\000E\000N\000T\000\040\000A\000N\000D\000\040\000T\000R\000A\000N\000S\000F\000O\000R\000M\000A\000T\000I\000O\000N}{section*.7}% 29
\BOOKMARK [0][-]{section*.8}{\376\377\000P\000a\000r\000t\000\040\000I\000:\000\040\000P\000h\000e\000n\000o\000m\000e\000n\000a\000l\000\040\000S\000t\000r\000u\000c\000t\000u\000r\000e\000\040\000a\000n\000d\000\040\000E\000p\000i\000s\000t\000e\000m\000o\000l\000o\000g\000y}{section*.6}% 30
\BOOKMARK [1][-]{section*.9}{\376\377\000P\000A\000R\000T\000\040\000I\000V\000:\000\040\000P\000H\000E\000N\000O\000M\000E\000N\000A\000L\000\040\000S\000T\000R\000U\000C\000T\000U\000R\000E}{section*.8}% 31
\BOOKMARK [1][-]{Item.50}{\376\377\000P\000A\000R\000T\000\040\000V\000:\000\040\000E\000P\000I\000S\000T\000E\000M\000O\000L\000O\000G\000Y\000\040\000A\000N\000D\000\040\000D\000I\000S\000C\000O\000V\000E\000R\000Y}{section*.8}% 32
\BOOKMARK [1][-]{Item.50}{\376\377\000P\000A\000R\000T\000\040\000V\000:\000\040\000L\000I\000F\000E\000\040\000S\000C\000I\000E\000N\000C\000E\000S}{section*.8}% 33
\BOOKMARK [1][-]{Item.50}{\376\377\000P\000A\000R\000T\000\040\000V\000I\000:\000\040\000C\000O\000G\000N\000I\000T\000I\000V\000E\000\040\000A\000N\000D\000\040\000P\000H\000I\000L\000O\000S\000O\000P\000H\000I\000C\000A\000L\000\040\000F\000R\000A\000M\000E\000W\000O\000R\000K\000S}{section*.8}% 34
\BOOKMARK [1][-]{Item.50}{\376\377\000P\000A\000R\000T\000\040\000V\000I\000I\000:\000\040\000A\000P\000P\000L\000I\000E\000D\000\040\000A\000N\000D\000\040\000C\000O\000M\000P\000U\000T\000A\000T\000I\000O\000N\000A\000L\000\040\000F\000R\000A\000M\000E\000W\000O\000R\000K\000S}{section*.8}% 35
\BOOKMARK [0][-]{Item.50}{\376\377\000P\000a\000r\000t\000\040\000J\000:\000\040\000R\000e\000s\000o\000l\000u\000t\000i\000o\000n}{section*.6}% 36
\BOOKMARK [1][-]{section*.10}{\376\377\000P\000A\000R\000T\000\040\000V\000I\000:\000\040\000R\000E\000S\000O\000L\000U\000T\000I\000O\000N}{Item.50}% 37
\BOOKMARK [1][-]{section*.10}{\376\377\000P\000A\000R\000T\000\040\000V\000I\000I\000:\000\040\000E\000V\000I\000D\000E\000N\000C\000E\000\040\000A\000N\000D\000\040\000I\000M\000P\000L\000I\000C\000A\000T\000I\000O\000N\000S}{Item.50}% 38
\BOOKMARK [-1][-]{Item.60}{\376\377\000V\000o\000l\000u\000m\000e\000\040\000V\000:\000\040\000T\000h\000e\000\040\000P\000r\000a\000c\000t\000i\000c\000e}{}% 39
\BOOKMARK [0][-]{section*.11}{\376\377\000P\000a\000r\000t\000\040\000K\000:\000\040\000O\000r\000i\000e\000n\000t\000a\000t\000i\000o\000n}{Item.60}% 40
\BOOKMARK [0][-]{Item.62}{\376\377\000P\000a\000r\000t\000\040\000L\000:\000\040\000T\000h\000e\000\040\000L\000a\000n\000d\000s\000c\000a\000p\000e}{Item.60}% 41
\BOOKMARK [0][-]{Item.62}{\376\377\000P\000a\000r\000t\000\040\000M\000:\000\040\000T\000h\000e\000\040\000O\000t\000h\000e\000r\000s}{Item.60}% 42
\BOOKMARK [0][-]{Item.62}{\376\377\000P\000a\000r\000t\000\040\000N\000:\000\040\000M\000e\000t\000h\000o\000d\000s}{Item.60}% 43
\BOOKMARK [0][-]{table.0.2}{\376\377\000P\000a\000r\000t\000\040\000O\000:\000\040\000T\000h\000e\000\040\000I\000n\000v\000i\000s\000i\000b\000l\000e}{Item.60}% 44
\BOOKMARK [0][-]{table.0.2}{\376\377\000P\000a\000r\000t\000\040\000P\000:\000\040\000C\000o\000s\000t\000s\000\040\000a\000n\000d\000\040\000G\000i\000f\000t\000s}{Item.60}% 45
\BOOKMARK [0][-]{table.0.2}{\376\377\000P\000a\000r\000t\000\040\000Q\000:\000\040\000T\000h\000e\000\040\000L\000i\000f\000e\000\040\000A\000r\000c}{Item.60}% 46
\BOOKMARK [1][-]{section*.12}{\376\377\000P\000a\000r\000t\000\040\000V\000I\000I\000:\000\040\000T\000h\000e\000\040\000A\000r\000c\000\040\040\024\000\040\000H\000o\000w\000\040\000N\000a\000v\000i\000g\000a\000t\000i\000o\000n\000\040\000D\000e\000v\000e\000l\000o\000p\000s\000\040\000O\000v\000e\000r\000\040\000a\000\040\000L\000i\000f\000e\000t\000i\000m\000e}{table.0.2}% 47
\BOOKMARK [0][-]{section*.12}{\376\377\000P\000a\000r\000t\000\040\000R\000:\000\040\000T\000o\000g\000e\000t\000h\000e\000r}{Item.60}% 48
\BOOKMARK [1][-]{section*.13}{\376\377\000P\000a\000r\000t\000\040\000V\000I\000I\000I\000:\000\040\000N\000a\000v\000i\000g\000a\000t\000i\000n\000g\000\040\000T\000o\000g\000e\000t\000h\000e\000r\000\040\040\024\000\040\000T\000h\000e\000\040\000C\000o\000l\000l\000e\000c\000t\000i\000v\000e\000\040\000D\000i\000m\000e\000n\000s\000i\000o\000n}{section*.12}% 49
\BOOKMARK [0][-]{section*.13}{\376\377\000P\000a\000r\000t\000\040\000S\000:\000\040\000R\000e\000f\000e\000r\000e\000n\000c\000e}{Item.60}% 50
\BOOKMARK [-1][-]{table.0.6}{\376\377\000R\000e\000f\000e\000r\000e\000n\000c\000e\000\040\000A\000p\000p\000a\000r\000a\000t\000u\000s}{}% 51
\BOOKMARK [0][-]{section*.14}{\376\377\000T\000h\000e\000o\000r\000e\000m\000\040\000I\000n\000d\000e\000x\000\040\040\024\000\040\000C\000r\000o\000s\000s\000-\000R\000e\000f\000e\000r\000e\000n\000c\000e\000\040\000M\000a\000p\000\040\000f\000o\000r\000\040\000t\000h\000e\000\040\000C\000o\000r\000p\000u\000s\000\040\000P\000e\000r\000s\000p\000e\000c\000t\000i\000v\000a\000l}{table.0.6}% 52
\BOOKMARK [1][-]{table.0.32}{\376\377\000C\000o\000r\000p\000u\000s\000\040\000C\000r\000o\000s\000s\000-\000R\000e\000f\000e\000r\000e\000n\000c\000e\000\040\000S\000y\000s\000t\000e\000m}{table.0.6}% 53
\BOOKMARK [0][-]{table.0.47}{\376\377\000B\000i\000b\000l\000i\000o\000g\000r\000a\000p\000h\000y}{table.0.6}% 54
