\BOOKMARK [0][-]{chapter*.1}{\376\377\000P\000r\000e\000f\000a\000c\000e}{}% 1
\BOOKMARK [0][-]{chapter*.2}{\376\377\000A\000b\000s\000t\000r\000a\000c\000t}{}% 2
\BOOKMARK [0][-]{chapter*.3}{\376\377\000E\000p\000i\000s\000t\000e\000m\000i\000c\000\040\000S\000t\000a\000t\000u\000s\000\040\000M\000a\000p}{}% 3
\BOOKMARK [0][-]{chapter*.6}{\376\377\000N\000o\000t\000a\000t\000i\000o\000n\000\040\000a\000n\000d\000\040\000C\000o\000n\000v\000e\000n\000t\000i\000o\000n\000s}{}% 4
\BOOKMARK [0][-]{chapter.0}{\376\377\000T\000h\000e\000\040\000B\000a\000s\000i\000n\000\040\000W\000e\000\040\000I\000n\000h\000a\000b\000i\000t}{}% 5
\BOOKMARK [1][-]{section.0.1}{\376\377\000W\000h\000a\000t\000\040\000I\000s\000\040\000a\000\040\000B\000a\000s\000i\000n\000?}{chapter.0}% 6
\BOOKMARK [1][-]{section.0.2}{\376\377\000T\000w\000o\000\040\000A\000x\000i\000o\000m\000s\000\040\000a\000n\000d\000\040\000F\000o\000u\000r\000\040\000C\000o\000m\000m\000i\000t\000m\000e\000n\000t\000s}{chapter.0}% 7
\BOOKMARK [1][-]{section.0.3}{\376\377\000T\000h\000e\000\040\000F\000o\000u\000r\000\040\000C\000o\000n\000d\000i\000t\000i\000o\000n\000s\000\040\000o\000f\000\040\000t\000h\000e\000\040\000C\000o\000h\000e\000r\000e\000n\000c\000e\000\040\000P\000r\000i\000n\000c\000i\000p\000l\000e}{chapter.0}% 8
\BOOKMARK [2][-]{subsection.0.3.1}{\376\377\000S\000e\000p\000a\000r\000a\000t\000i\000o\000n}{section.0.3}% 9
\BOOKMARK [2][-]{subsection.0.3.2}{\376\377\000M\000e\000a\000s\000u\000r\000e\000m\000e\000n\000t}{section.0.3}% 10
\BOOKMARK [2][-]{subsection.0.3.3}{\376\377\000M\000u\000l\000t\000i\000-\000S\000c\000a\000l\000e\000\040\000C\000o\000n\000s\000i\000s\000t\000e\000n\000c\000y}{section.0.3}% 11
\BOOKMARK [2][-]{subsection.0.3.4}{\376\377\000D\000y\000n\000a\000m\000i\000c\000\040\000M\000a\000i\000n\000t\000e\000n\000a\000n\000c\000e}{section.0.3}% 12
\BOOKMARK [1][-]{section.0.4}{\376\377\000T\000h\000e\000\040\000D\000e\000r\000i\000v\000a\000t\000i\000o\000n\000\040\000C\000h\000a\000i\000n}{chapter.0}% 13
\BOOKMARK [1][-]{section.0.5}{\376\377\000T\000h\000e\000\040\000C\000M\000B\000\040\000a\000s\000\040\000B\000a\000s\000i\000n\000\040\000T\000o\000p\000o\000l\000o\000g\000y}{chapter.0}% 14
\BOOKMARK [2][-]{subsection.0.5.1}{\376\377\000T\000h\000e\000\040\000D\000E\000S\000I\000\040\000T\000e\000n\000s\000i\000o\000n}{section.0.5}% 15
\BOOKMARK [1][-]{section.0.6}{\376\377\000P\000r\000e\000d\000i\000c\000t\000i\000o\000n\000\040\000R\000e\000g\000i\000s\000t\000r\000y}{chapter.0}% 16
\BOOKMARK [1][-]{section.0.7}{\376\377\000H\000o\000w\000\040\000t\000o\000\040\000R\000e\000a\000d\000\040\000T\000h\000i\000s\000\040\000B\000o\000o\000k}{chapter.0}% 17
\BOOKMARK [1][-]{section.0.8}{\376\377\000W\000h\000a\000t\000\040\000R\000e\000m\000a\000i\000n\000s\000\040\000O\000p\000e\000n}{chapter.0}% 18
\BOOKMARK [0][-]{chapter.1}{\376\377\000S\000e\000l\000f\000-\000T\000u\000n\000i\000n\000g\000\040\000C\000o\000s\000m\000o\000l\000o\000g\000y\000\040\000f\000r\000o\000m\000\040\0005\000D\000\040\000W\000a\000r\000p\000e\000d\000\040\000G\000e\000o\000m\000e\000t\000r\000y}{}% 19
\BOOKMARK [1][-]{section.1.1}{\376\377\000I\000n\000t\000r\000o\000d\000u\000c\000t\000i\000o\000n}{chapter.1}% 20
\BOOKMARK [2][-]{subsection.1.1.1}{\376\377\000T\000h\000e\000\040\000C\000o\000s\000m\000o\000l\000o\000g\000i\000c\000a\000l\000\040\000C\000o\000n\000s\000t\000a\000n\000t\000\040\000P\000r\000o\000b\000l\000e\000m}{section.1.1}% 21
\BOOKMARK [2][-]{subsection.1.1.2}{\376\377\000S\000e\000l\000f\000-\000T\000u\000n\000i\000n\000g\000\040\000i\000n\000\040\000E\000x\000t\000r\000a\000\040\000D\000i\000m\000e\000n\000s\000i\000o\000n\000s}{section.1.1}% 22
\BOOKMARK [2][-]{subsection.1.1.3}{\376\377\000T\000h\000e\000\040\000D\000E\000S\000I\000\040\000L\000a\000n\000d\000s\000c\000a\000p\000e}{section.1.1}% 23
\BOOKMARK [2][-]{subsection.1.1.4}{\376\377\000O\000u\000t\000l\000i\000n\000e}{section.1.1}% 24
\BOOKMARK [2][-]{subsection.1.1.5}{\376\377\000R\000e\000l\000a\000t\000i\000o\000n\000\040\000t\000o\000\040\000C\000o\000m\000p\000a\000n\000i\000o\000n\000\040\000C\000h\000a\000p\000t\000e\000r\000s}{section.1.1}% 25
\BOOKMARK [1][-]{section.1.2}{\376\377\000T\000h\000e\000\040\000F\000i\000v\000e\000-\000D\000i\000m\000e\000n\000s\000i\000o\000n\000a\000l\000\040\000A\000c\000t\000i\000o\000n}{chapter.1}% 26
\BOOKMARK [2][-]{subsection.1.2.1}{\376\377\000G\000e\000o\000m\000e\000t\000r\000y\000\040\000a\000n\000d\000\040\000C\000o\000n\000v\000e\000n\000t\000i\000o\000n\000s}{section.1.2}% 27
\BOOKMARK [2][-]{subsection.1.2.2}{\376\377\000G\000e\000o\000m\000e\000t\000r\000i\000c\000\040\000D\000e\000c\000o\000m\000p\000o\000s\000i\000t\000i\000o\000n}{section.1.2}% 28
\BOOKMARK [2][-]{subsection.1.2.3}{\376\377\000F\000i\000e\000l\000d\000\040\000C\000o\000n\000t\000e\000n\000t}{section.1.2}% 29
\BOOKMARK [2][-]{subsection.1.2.4}{\376\377\000T\000h\000e\000\040\000C\000o\000m\000p\000l\000e\000t\000e\000\040\000A\000c\000t\000i\000o\000n}{section.1.2}% 30
\BOOKMARK [2][-]{subsection.1.2.5}{\376\377\000A\000x\000i\000o\000m\000\040\000S\000u\000m\000m\000a\000r\000y}{section.1.2}% 31
\BOOKMARK [1][-]{section.1.3}{\376\377\000S\000e\000l\000f\000-\000T\000u\000n\000i\000n\000g\000\040\000a\000n\000d\000\040\000t\000h\000e\000\040\000C\000u\000s\000c\000u\000t\000o\000n}{chapter.1}% 32
\BOOKMARK [2][-]{subsection.1.3.1}{\376\377\000T\000h\000e\000\040\000B\000a\000c\000k\000g\000r\000o\000u\000n\000d\000\040\000F\000i\000e\000l\000d\000\040\000E\000q\000u\000a\000t\000i\000o\000n\000s}{section.1.3}% 33
\BOOKMARK [2][-]{subsection.1.3.2}{\376\377\000T\000h\000e\000\040\000D\000e\000g\000e\000n\000e\000r\000a\000c\000y\000\040\000C\000o\000n\000d\000i\000t\000i\000o\000n\000\040\000a\000n\000d\000\040\000U\000n\000i\000q\000u\000e\000n\000e\000s\000s\000\040\000o\000f\000\040\000t\000h\000e\000\040\000C\000u\000s\000c\000u\000t\000o\000n}{section.1.3}% 34
\BOOKMARK [2][-]{subsection.1.3.3}{\376\377\000T\000h\000e\000\040\000Z\000e\000r\000o\000\040\000K\000i\000n\000e\000t\000i\000c\000\040\000E\000n\000e\000r\000g\000y\000\040\000T\000h\000e\000o\000r\000e\000m}{section.1.3}% 35
\BOOKMARK [2][-]{subsection.1.3.4}{\376\377\000T\000h\000e\000\040\000S\000c\000a\000l\000a\000r\000\040\000F\000i\000e\000l\000d\000\040\000a\000s\000\040\000C\000o\000n\000s\000t\000r\000a\000i\000n\000t}{section.1.3}% 36
\BOOKMARK [2][-]{subsection.1.3.5}{\376\377\000T\000h\000e\000\040\000A\000u\000t\000o\000n\000o\000m\000o\000u\000s\000\040\000P\000h\000a\000s\000e\000-\000P\000l\000a\000n\000e\000\040\000S\000y\000s\000t\000e\000m}{section.1.3}% 37
\BOOKMARK [2][-]{subsection.1.3.6}{\376\377\000T\000h\000e\000\040\000S\000e\000l\000f\000-\000T\000u\000n\000i\000n\000g\000\040\000M\000e\000c\000h\000a\000n\000i\000s\000m}{section.1.3}% 38
\BOOKMARK [2][-]{subsection.1.3.7}{\376\377\000N\000u\000m\000e\000r\000i\000c\000a\000l\000\040\000S\000e\000l\000f\000-\000T\000u\000n\000i\000n\000g\000\040\000D\000e\000m\000o\000n\000s\000t\000r\000a\000t\000i\000o\000n}{section.1.3}% 39
\BOOKMARK [2][-]{subsection.1.3.8}{\376\377\000D\000y\000n\000a\000m\000i\000c\000a\000l\000\040\000S\000e\000l\000f\000-\000T\000u\000n\000i\000n\000g}{section.1.3}% 40
\BOOKMARK [2][-]{subsection.1.3.9}{\376\377\000F\000u\000l\000l\000\040\000L\000i\000n\000e\000a\000r\000i\000z\000e\000d\000\040\000P\000e\000r\000t\000u\000r\000b\000a\000t\000i\000o\000n\000\040\000A\000n\000a\000l\000y\000s\000i\000s}{section.1.3}% 41
\BOOKMARK [1][-]{section.1.4}{\376\377\000K\000a\000l\000u\000z\000a\040\023\000K\000l\000e\000i\000n\000\040\000R\000e\000d\000u\000c\000t\000i\000o\000n\000\040\000a\000n\000d\000\040\000t\000h\000e\000\040\000O\000n\000e\000-\000P\000a\000r\000a\000m\000e\000t\000e\000r\000\040\000T\000h\000e\000o\000r\000y}{chapter.1}% 42
\BOOKMARK [2][-]{subsection.1.4.1}{\376\377\000T\000h\000e\000\040\0004\000D\000\040\000E\000f\000f\000e\000c\000t\000i\000v\000e\000\040\000P\000l\000a\000n\000c\000k\000\040\000M\000a\000s\000s}{section.1.4}% 43
\BOOKMARK [2][-]{subsection.1.4.2}{\376\377\000H\000i\000e\000r\000a\000r\000c\000h\000y\000\040\000U\000n\000i\000f\000i\000c\000a\000t\000i\000o\000n}{section.1.4}% 44
\BOOKMARK [2][-]{subsection.1.4.3}{\376\377\000R\000a\000d\000i\000o\000n\000\040\000S\000t\000a\000b\000i\000l\000i\000z\000a\000t\000i\000o\000n}{section.1.4}% 45
\BOOKMARK [2][-]{subsection.1.4.4}{\376\377\000T\000h\000e\000\040\000N\000o\000n\000-\000M\000i\000n\000i\000m\000a\000l\000\040\000C\000o\000u\000p\000l\000i\000n\000g\000\040\000z\000e\000t\000a\000\137\0000}{section.1.4}% 46
\BOOKMARK [2][-]{subsection.1.4.5}{\376\377\000O\000n\000e\000-\000P\000a\000r\000a\000m\000e\000t\000e\000r\000\040\000T\000h\000e\000o\000r\000y}{section.1.4}% 47
\BOOKMARK [2][-]{subsection.1.4.6}{\376\377\000T\000h\000e\000\040\000C\000o\000n\000f\000o\000r\000m\000a\000l\000\040\000C\000o\000u\000p\000l\000i\000n\000g\000\040\000x\000i\000\040\000=\000\040\0001\000/\0006}{section.1.4}% 48
\BOOKMARK [1][-]{section.1.5}{\376\377\000T\000h\000e\000\040\000N\000C\000G\000\040\000S\000p\000e\000c\000t\000r\000a\000l\000\040\000A\000c\000t\000i\000o\000n\000\040\000o\000n\000\040\000t\000h\000e\000\040\000W\000a\000r\000p\000e\000d\000\040\000O\000r\000b\000i\000f\000o\000l\000d}{chapter.1}% 49
\BOOKMARK [2][-]{subsection.1.5.1}{\376\377\000N\000o\000n\000c\000o\000m\000m\000u\000t\000a\000t\000i\000v\000e\000\040\000G\000e\000o\000m\000e\000t\000r\000y\000:\000\040\000M\000o\000t\000i\000v\000a\000t\000i\000o\000n\000\040\000a\000n\000d\000\040\000F\000r\000a\000m\000e\000w\000o\000r\000k}{section.1.5}% 50
\BOOKMARK [2][-]{subsection.1.5.2}{\376\377\000T\000h\000e\000\040\000S\000p\000e\000c\000t\000r\000a\000l\000\040\000T\000r\000i\000p\000l\000e}{section.1.5}% 51
\BOOKMARK [2][-]{subsection.1.5.3}{\376\377\000T\000h\000e\000\040\000S\000p\000e\000c\000t\000r\000a\000l\000\040\000A\000c\000t\000i\000o\000n\000\040\000P\000r\000i\000n\000c\000i\000p\000l\000e}{section.1.5}% 52
\BOOKMARK [2][-]{subsection.1.5.4}{\376\377\000K\000e\000y\000\040\000S\000e\000e\000l\000e\000y\040\023\000D\000e\000W\000i\000t\000t\000\040\000C\000o\000e\000f\000f\000i\000c\000i\000e\000n\000t\000s\000\040\000a\000n\000d\000\040\000T\000h\000e\000i\000r\000\040\000P\000h\000y\000s\000i\000c\000a\000l\000\040\000C\000o\000n\000t\000e\000n\000t}{section.1.5}% 53
\BOOKMARK [1][-]{section.1.6}{\376\377\000T\000h\000e\000\040\000G\000a\000u\000s\000s\040\023\000B\000o\000n\000n\000e\000t\000\040\000C\000o\000r\000r\000e\000c\000t\000i\000o\000n\000:\000\040\000B\000r\000e\000a\000k\000i\000n\000g\000\040\000t\000h\000e\000\040\000Z\000e\000r\000o\000\040\000K\000i\000n\000e\000t\000i\000c\000\040\000E\000n\000e\000r\000g\000y\000\040\000T\000h\000e\000o\000r\000e\000m}{chapter.1}% 54
\BOOKMARK [2][-]{subsection.1.6.1}{\376\377\000T\000h\000e\000\040\000F\000u\000l\000l\000\040\000K\000K\000\040\000R\000e\000d\000u\000c\000t\000i\000o\000n}{section.1.6}% 55
\BOOKMARK [2][-]{subsection.1.6.2}{\376\377\000B\000r\000e\000a\000k\000i\000n\000g\000\040\000t\000h\000e\000\040\000T\000h\000e\000o\000r\000e\000m}{section.1.6}% 56
\BOOKMARK [2][-]{subsection.1.6.3}{\376\377\000U\000n\000i\000q\000u\000e\000n\000e\000s\000s\000\040\000o\000f\000\040\000t\000h\000e\000\040\000B\000r\000e\000a\000k\000i\000n\000g\000\040\000M\000e\000c\000h\000a\000n\000i\000s\000m}{section.1.6}% 57
\BOOKMARK [1][-]{section.1.7}{\376\377\000D\000a\000r\000k\000\040\000E\000n\000e\000r\000g\000y\000\040\000E\000q\000u\000a\000t\000i\000o\000n\000\040\000o\000f\000\040\000S\000t\000a\000t\000e}{chapter.1}% 58
\BOOKMARK [2][-]{subsection.1.7.1}{\376\377\000T\000h\000e\000\040\000M\000o\000d\000i\000f\000i\000e\000d\000\040\000F\000r\000i\000e\000d\000m\000a\000n\000n\000\040\000E\000q\000u\000a\000t\000i\000o\000n}{section.1.7}% 59
\BOOKMARK [2][-]{subsection.1.7.2}{\376\377\000D\000e\000r\000i\000v\000a\000t\000i\000o\000n\000\040\000o\000f\000\040\000w\0000}{section.1.7}% 60
\BOOKMARK [2][-]{subsection.1.7.3}{\376\377\000R\000e\000l\000a\000t\000i\000n\000g\000\040\000k\000a\000p\000p\000a\0000\000\040\000t\000o\000\040\000e\000p\000s\000i\000l\000o\000n\0001}{section.1.7}% 61
\BOOKMARK [2][-]{subsection.1.7.4}{\376\377\000T\000h\000e\000\040\000P\000r\000e\000d\000i\000c\000t\000i\000o\000n}{section.1.7}% 62
\BOOKMARK [2][-]{subsection.1.7.5}{\376\377\000T\000i\000m\000e\000\040\000E\000v\000o\000l\000u\000t\000i\000o\000n}{section.1.7}% 63
\BOOKMARK [1][-]{section.1.8}{\376\377\000S\000o\000u\000n\000d\000\040\000S\000p\000e\000e\000d\000\040\000a\000n\000d\000\040\000P\000e\000r\000t\000u\000r\000b\000a\000t\000i\000o\000n\000\040\000P\000r\000o\000p\000e\000r\000t\000i\000e\000s}{chapter.1}% 64
\BOOKMARK [2][-]{subsection.1.8.1}{\376\377\000P\000r\000o\000p\000a\000g\000a\000t\000i\000o\000n\000\040\000S\000p\000e\000e\000d}{section.1.8}% 65
\BOOKMARK [2][-]{subsection.1.8.2}{\376\377\000P\000h\000y\000s\000i\000c\000a\000l\000\040\000I\000n\000t\000e\000r\000p\000r\000e\000t\000a\000t\000i\000o\000n\000\040\000o\000f\000\040\000S\000u\000p\000e\000r\000l\000u\000m\000i\000n\000a\000l\000\040\000S\000o\000u\000n\000d\000\040\000S\000p\000e\000e\000d}{section.1.8}% 66
\BOOKMARK [2][-]{subsection.1.8.3}{\376\377\000G\000h\000o\000s\000t\000-\000F\000r\000e\000e\000d\000o\000m}{section.1.8}% 67
\BOOKMARK [2][-]{subsection.1.8.4}{\376\377\000J\000e\000a\000n\000s\000\040\000S\000c\000a\000l\000e}{section.1.8}% 68
\BOOKMARK [1][-]{section.1.9}{\376\377\000T\000h\000e\000\040\000a\000l\000p\000h\000a\000T\000\040\000=\000\040\0000\000\040\000D\000e\000r\000i\000v\000a\000t\000i\000o\000n\000:\000\040\000P\000e\000r\000t\000u\000r\000b\000a\000t\000i\000o\000n\000s\000\040\000a\000r\000e\000\040\000G\000R}{chapter.1}% 69
\BOOKMARK [2][-]{subsection.1.9.1}{\376\377\000T\000h\000e\000\040\000C\000o\000n\000s\000t\000a\000n\000t\000\040\000E\000f\000f\000e\000c\000t\000i\000v\000e\000\040\000G\000B\000\040\000C\000o\000u\000p\000l\000i\000n\000g\000\040\000f\000r\000o\000m\000\040\000K\000K\000\040\000R\000e\000d\000u\000c\000t\000i\000o\000n}{section.1.9}% 70
\BOOKMARK [2][-]{subsection.1.9.2}{\376\377\000V\000a\000n\000i\000s\000h\000i\000n\000g\000\040\000o\000f\000\040\000A\000l\000l\000\040\000A\000l\000p\000h\000a\000\040\000F\000u\000n\000c\000t\000i\000o\000n\000s}{section.1.9}% 71
\BOOKMARK [2][-]{subsection.1.9.3}{\376\377\000G\000r\000o\000w\000t\000h\040\023\000E\000x\000p\000a\000n\000s\000i\000o\000n\000\040\000D\000e\000c\000o\000u\000p\000l\000i\000n\000g}{section.1.9}% 72
\BOOKMARK [1][-]{section.1.10}{\376\377\000F\000a\000l\000s\000i\000f\000i\000a\000b\000l\000e\000\040\000P\000r\000e\000d\000i\000c\000t\000i\000o\000n\000s}{chapter.1}% 73
\BOOKMARK [2][-]{subsection.1.10.1}{\376\377\000P\000r\000e\000d\000i\000c\000t\000i\000o\000n\000\040\0001\000:\000\040\000w\0000\000\050\000z\000e\000t\000a\0000\000\051\000\040\040\024\000\040\000P\000a\000r\000a\000m\000e\000t\000r\000i\000c\000\040\000E\000q\000u\000a\000t\000i\000o\000n\000\040\000o\000f\000\040\000S\000t\000a\000t\000e}{section.1.10}% 74
\BOOKMARK [2][-]{subsection.1.10.2}{\376\377\000P\000r\000e\000d\000i\000c\000t\000i\000o\000n\000\040\0002\000:\000\040\000w\000a\000\040\000\040\000\040\0000}{section.1.10}% 75
\BOOKMARK [2][-]{subsection.1.10.3}{\376\377\000P\000r\000e\000d\000i\000c\000t\000i\000o\000n\000\040\0003\000:\000\040\000c\000s\000\040\000i\000n\000\040\000[\0001\0002\000c\000,\000\040\0001\0005\000c\000]}{section.1.10}% 76
\BOOKMARK [2][-]{subsection.1.10.4}{\376\377\000P\000r\000e\000d\000i\000c\000t\000i\000o\000n\000\040\0004\000:\000\040\000z\000e\000t\000a\0000\000\040\040\024\000\040\000O\000n\000e\000\040\000R\000e\000m\000a\000i\000n\000i\000n\000g\000\040\000F\000r\000e\000e\000\040\000P\000a\000r\000a\000m\000e\000t\000e\000r\000\040\000f\000r\000o\000m\000\040\000B\000r\000a\000n\000e\000\040\000U\000V\000\040\000P\000h\000y\000s\000i\000c\000s}{section.1.10}% 77
\BOOKMARK [2][-]{subsection.1.10.5}{\376\377\000P\000r\000e\000d\000i\000c\000t\000i\000o\000n\000\040\0005\000:\000\040\000N\000o\000\040\000P\000h\000a\000n\000t\000o\000m\000\040\000C\000r\000o\000s\000s\000i\000n\000g}{section.1.10}% 78
\BOOKMARK [2][-]{subsection.1.10.6}{\376\377\000P\000r\000e\000d\000i\000c\000t\000i\000o\000n\000\040\0006\000:\000\040\000I\000n\000f\000l\000a\000t\000i\000o\000n\000a\000r\000y\000\040\000O\000b\000s\000e\000r\000v\000a\000b\000l\000e\000s}{section.1.10}% 79
\BOOKMARK [2][-]{subsection.1.10.7}{\376\377\000P\000r\000e\000d\000i\000c\000t\000i\000o\000n\000\040\0007\000:\000\040\000N\000o\000\040\000F\000o\000u\000r\000t\000h\000\040\000G\000e\000n\000e\000r\000a\000t\000i\000o\000n}{section.1.10}% 80
\BOOKMARK [2][-]{subsection.1.10.8}{\376\377\000P\000r\000e\000d\000i\000c\000t\000i\000o\000n\000\040\0008\000:\000\040\000F\000e\000r\000m\000i\000o\000n\000\040\000S\000e\000c\000t\000o\000r\000\040\000S\000t\000r\000u\000c\000t\000u\000r\000e}{section.1.10}% 81
\BOOKMARK [2][-]{subsection.1.10.9}{\376\377\000P\000r\000e\000d\000i\000c\000t\000i\000o\000n\000\040\0009\000:\000\040\000D\000a\000r\000k\000\040\000M\000a\000t\000t\000e\000r\000\040\000C\000a\000n\000d\000i\000d\000a\000t\000e}{section.1.10}% 82
\BOOKMARK [2][-]{subsection.1.10.10}{\376\377\000P\000r\000e\000d\000i\000c\000t\000i\000o\000n\000\040\0001\0000\000:\000\040\000E\000x\000p\000l\000i\000c\000i\000t\000\040\000F\000a\000l\000s\000i\000f\000i\000c\000a\000t\000i\000o\000n\000\040\000C\000r\000i\000t\000e\000r\000i\000o\000n}{section.1.10}% 83
\BOOKMARK [1][-]{section.1.11}{\376\377\000D\000i\000s\000c\000u\000s\000s\000i\000o\000n}{chapter.1}% 84
\BOOKMARK [2][-]{subsection.1.11.1}{\376\377\000W\000h\000a\000t\000\040\000t\000h\000e\000\040\000M\000o\000d\000e\000l\000\040\000A\000c\000h\000i\000e\000v\000e\000s}{section.1.11}% 85
\BOOKMARK [2][-]{subsection.1.11.2}{\376\377\000T\000h\000e\000\040\000H\000o\000r\000n\000d\000e\000s\000k\000i\000\040\000D\000i\000l\000e\000m\000m\000a}{section.1.11}% 86
\BOOKMARK [2][-]{subsection.1.11.3}{\376\377\000T\000h\000e\000\040\000D\000E\000S\000I\000\040\000T\000e\000n\000s\000i\000o\000n}{section.1.11}% 87
\BOOKMARK [2][-]{subsection.1.11.4}{\376\377\000C\000o\000m\000p\000a\000r\000i\000s\000o\000n\000\040\000w\000i\000t\000h\000\040\000O\000t\000h\000e\000r\000\040\000A\000p\000p\000r\000o\000a\000c\000h\000e\000s}{section.1.11}% 88
\BOOKMARK [2][-]{subsection.1.11.5}{\376\377\000L\000i\000m\000i\000t\000a\000t\000i\000o\000n\000s}{section.1.11}% 89
\BOOKMARK [2][-]{subsection.1.11.6}{\376\377\000C\000o\000n\000f\000r\000o\000n\000t\000a\000t\000i\000o\000n\000\040\000w\000i\000t\000h\000\040\000S\000e\000l\000f\000-\000T\000u\000n\000i\000n\000g\000\040\000N\000o\000-\000G\000o\000\040\000T\000h\000e\000o\000r\000e\000m\000s}{section.1.11}% 90
\BOOKMARK [1][-]{section.1.12}{\376\377\000C\000o\000n\000c\000l\000u\000s\000i\000o\000n\000s}{chapter.1}% 91
\BOOKMARK [0][-]{chapter.2}{\376\377\000O\000b\000s\000e\000r\000v\000a\000t\000i\000o\000n\000a\000l\000\040\000C\000o\000n\000f\000r\000o\000n\000t\000a\000t\000i\000o\000n\000\040\000o\000f\000\040\000F\000i\000v\000e\000-\000D\000i\000m\000e\000n\000s\000i\000o\000n\000a\000l\000\040\000S\000e\000l\000f\000-\000T\000u\000n\000i\000n\000g\000\040\000C\000o\000s\000m\000o\000l\000o\000g\000y}{}% 92
\BOOKMARK [1][-]{section.2.1}{\376\377\000I\000n\000t\000r\000o\000d\000u\000c\000t\000i\000o\000n}{chapter.2}% 93
\BOOKMARK [2][-]{subsection.2.1.1}{\376\377\000O\000u\000t\000l\000i\000n\000e}{section.2.1}% 94
\BOOKMARK [2][-]{subsection.2.1.2}{\376\377\000K\000e\000y\000\040\000R\000e\000s\000u\000l\000t\000s\000\040\000f\000r\000o\000m\000\040\000C\000o\000m\000p\000a\000n\000i\000o\000n\000\040\000C\000h\000a\000p\000t\000e\000r\000s}{section.2.1}% 95
\BOOKMARK [1][-]{section.2.2}{\376\377\000M\000o\000d\000e\000l\000\040\000S\000u\000m\000m\000a\000r\000y\000\040\000a\000n\000d\000\040\000O\000b\000s\000e\000r\000v\000a\000t\000i\000o\000n\000a\000l\000\040\000S\000i\000g\000n\000a\000t\000u\000r\000e\000s}{chapter.2}% 96
\BOOKMARK [2][-]{subsection.2.2.1}{\376\377\000T\000h\000e\000\040\000O\000n\000e\000-\000P\000a\000r\000a\000m\000e\000t\000e\000r\000\040\000T\000h\000e\000o\000r\000y}{section.2.2}% 97
\BOOKMARK [2][-]{subsection.2.2.2}{\376\377\000T\000h\000e\000\040\000C\000e\000n\000t\000r\000a\000l\000\040\000P\000r\000e\000d\000i\000c\000t\000i\000o\000n\000:\000\040\000w\0000\000\050\0000\000\051}{section.2.2}% 98
\BOOKMARK [2][-]{subsection.2.2.3}{\376\377\000I\000n\000s\000e\000n\000s\000i\000t\000i\000v\000i\000t\000y\000\040\000t\000o\000\040\000t\000h\000e\000\040\000K\000K\000\040\000T\000o\000w\000e\000r\000\040\000C\000o\000e\000f\000f\000i\000c\000i\000e\000n\000t\000\040\000C\000e\000f\000f}{section.2.2}% 99
\BOOKMARK [2][-]{subsection.2.2.4}{\376\377\000M\000o\000d\000i\000f\000i\000e\000d\000\040\000E\000x\000p\000a\000n\000s\000i\000o\000n\000\040\000H\000i\000s\000t\000o\000r\000y}{section.2.2}% 100
\BOOKMARK [2][-]{subsection.2.2.5}{\376\377\000G\000r\000a\000v\000i\000t\000a\000t\000i\000o\000n\000a\000l\000\040\000M\000o\000d\000i\000f\000i\000c\000a\000t\000i\000o\000n}{section.2.2}% 101
\BOOKMARK [2][-]{subsection.2.2.6}{\376\377\000D\000i\000s\000t\000a\000n\000c\000e\000\040\000O\000b\000s\000e\000r\000v\000a\000b\000l\000e\000s}{section.2.2}% 102
\BOOKMARK [1][-]{section.2.3}{\376\377\000M\000u\000l\000t\000i\000-\000P\000r\000o\000b\000e\000\040\000O\000b\000s\000e\000r\000v\000a\000t\000i\000o\000n\000a\000l\000\040\000A\000n\000a\000l\000y\000s\000i\000s}{chapter.2}% 103
\BOOKMARK [2][-]{subsection.2.3.1}{\376\377\000D\000a\000t\000a\000\040\000C\000l\000a\000s\000s\000e\000s\000\040\000a\000n\000d\000\040\000M\000e\000t\000h\000o\000d\000o\000l\000o\000g\000y}{section.2.3}% 104
\BOOKMARK [2][-]{subsection.2.3.2}{\376\377\000M\000u\000l\000t\000i\000-\000P\000r\000o\000b\000e\000\040\0002\000\040\000D\000e\000c\000o\000m\000p\000o\000s\000i\000t\000i\000o\000n}{section.2.3}% 105
\BOOKMARK [2][-]{subsection.2.3.3}{\376\377\000T\000h\000e\000\040\000H\000i\000r\000a\000m\000a\000t\000s\000u\040\023\000K\000o\000b\000a\000y\000a\000s\000h\000i\000\040\000C\000M\000B\000\040\000C\000o\000n\000s\000t\000r\000a\000i\000n\000t}{section.2.3}% 106
\BOOKMARK [2][-]{subsection.2.3.4}{\376\377\000T\000h\000e\000\040\000H\000\050\000z\000\051\000\040\000E\000x\000p\000a\000n\000s\000i\000o\000n\000\040\000R\000a\000t\000e\000\040\000C\000o\000m\000p\000i\000l\000a\000t\000i\000o\000n}{section.2.3}% 107
\BOOKMARK [2][-]{subsection.2.3.5}{\376\377\000T\000e\000n\000s\000i\000o\000n\000\040\000B\000e\000t\000w\000e\000e\000n\000\040\000C\000M\000B\000\040\000a\000n\000d\000\040\000H\000\050\000z\000\051\000\040\000C\000o\000n\000s\000t\000r\000a\000i\000n\000t\000s}{section.2.3}% 108
\BOOKMARK [2][-]{subsection.2.3.6}{\376\377\000T\000w\000o\000\040\000A\000n\000a\000l\000y\000s\000i\000s\000\040\000R\000e\000g\000i\000m\000e\000s\000:\000\040\000C\000o\000m\000p\000r\000e\000s\000s\000e\000d\000\040\000L\000i\000k\000e\000l\000i\000h\000o\000o\000d\000\040\000v\000s\000.\000\040\000M\000u\000l\000t\000i\000-\000P\000r\000o\000b\000e}{section.2.3}% 109
\BOOKMARK [2][-]{subsection.2.3.7}{\376\377\000B\000o\000l\000t\000z\000m\000a\000n\000n\000\040\000C\000o\000d\000e\000\040\000C\000o\000n\000s\000t\000r\000a\000i\000n\000t\000\040\000o\000n\000\040\0000}{section.2.3}% 110
\BOOKMARK [2][-]{subsection.2.3.8}{\376\377\000B\000a\000y\000e\000s\000i\000a\000n\000\040\000M\000o\000d\000e\000l\000\040\000C\000o\000m\000p\000a\000r\000i\000s\000o\000n}{section.2.3}% 111
\BOOKMARK [2][-]{subsection.2.3.9}{\376\377\000P\000h\000y\000s\000i\000c\000a\000l\000\040\000I\000n\000t\000e\000r\000p\000r\000e\000t\000a\000t\000i\000o\000n}{section.2.3}% 112
\BOOKMARK [2][-]{subsection.2.3.10}{\376\377\000F\000u\000l\000l\000\040\000M\000u\000l\000t\000i\000-\000P\000r\000o\000b\000e\000\040\000D\000a\000t\000a\000\040\000C\000o\000n\000f\000r\000o\000n\000t\000a\000t\000i\000o\000n}{section.2.3}% 113
\BOOKMARK [2][-]{subsection.2.3.11}{\376\377\000T\000h\000e\000\040\0000\000\040\000T\000e\000n\000s\000i\000o\000n\000\040\000a\000n\000d\000\040\000S\000t\000r\000u\000c\000t\000u\000r\000a\000l\000\040\000F\000a\000l\000s\000i\000f\000i\000a\000b\000i\000l\000i\000t\000y}{section.2.3}% 114
\BOOKMARK [2][-]{subsection.2.3.12}{\376\377\000C\000M\000B\000\040\000B\000e\000n\000c\000h\000m\000a\000r\000k\000\040\000C\000o\000m\000p\000a\000r\000i\000s\000o\000n}{section.2.3}% 115
\BOOKMARK [2][-]{subsection.2.3.13}{\376\377\000T\000h\000e\000\040\0000\000\040\000D\000i\000s\000c\000r\000e\000p\000a\000n\000c\000y}{section.2.3}% 116
\BOOKMARK [1][-]{section.2.4}{\376\377\000D\000E\000S\000I\000\040\000D\000R\0002\000\040\000B\000A\000O\000\040\000C\000o\000n\000f\000r\000o\000n\000t\000a\000t\000i\000o\000n}{chapter.2}% 117
\BOOKMARK [2][-]{subsection.2.4.1}{\376\377\000M\000e\000t\000h\000o\000d}{section.2.4}% 118
\BOOKMARK [2][-]{subsection.2.4.2}{\376\377\000R\000e\000s\000u\000l\000t\000s\000:\000\040\000D\000i\000s\000t\000a\000n\000c\000e\000s}{section.2.4}% 119
\BOOKMARK [2][-]{subsection.2.4.3}{\376\377\000R\000e\000s\000u\000l\000t\000s\000:\000\040\000D\000e\000t\000e\000c\000t\000i\000o\000n\000\040\000S\000i\000g\000n\000i\000f\000i\000c\000a\000n\000c\000e}{section.2.4}% 120
\BOOKMARK [2][-]{subsection.2.4.4}{\376\377\000S\000u\000m\000m\000a\000r\000y\000\040\000S\000t\000a\000t\000i\000s\000t\000i\000c\000s}{section.2.4}% 121
\BOOKMARK [2][-]{subsection.2.4.5}{\376\377\0000\000-\000D\000e\000p\000e\000n\000d\000e\000n\000t\000\040\000I\000n\000t\000e\000r\000p\000r\000e\000t\000a\000t\000i\000o\000n}{section.2.4}% 122
\BOOKMARK [2][-]{subsection.2.4.6}{\376\377\000Q\000u\000a\000l\000i\000t\000a\000t\000i\000v\000e\000\040\000M\000o\000d\000e\000l\000\040\000C\000o\000m\000p\000a\000r\000i\000s\000o\000n\000\040\000f\000r\000o\000m\000\040\000P\000u\000b\000l\000i\000s\000h\000e\000d\000\040\000A\000n\000a\000l\000y\000s\000e\000s}{section.2.4}% 123
\BOOKMARK [2][-]{subsection.2.4.7}{\376\377\000P\000h\000a\000n\000t\000o\000m\000\040\000C\000r\000o\000s\000s\000i\000n\000g\000\040\000A\000n\000a\000l\000y\000s\000i\000s}{section.2.4}% 124
\BOOKMARK [2][-]{subsection.2.4.8}{\376\377\000B\000r\000a\000n\000e\000w\000o\000r\000l\000d\000\040\000C\000o\000m\000p\000e\000t\000i\000t\000o\000r\000\040\000C\000o\000m\000p\000a\000r\000i\000s\000o\000n}{section.2.4}% 125
\BOOKMARK [2][-]{subsection.2.4.9}{\376\377\000S\000o\000u\000n\000d\000\040\000H\000o\000r\000i\000z\000o\000n\000\040\000A\000n\000c\000h\000o\000r\000i\000n\000g\000\040\000a\000n\000d\000\040\000t\000h\000e\000\040\000L\000e\000e\000\040\000\050\0002\0000\0002\0005\000\051\000\040\000A\000n\000a\000l\000y\000s\000i\000s}{section.2.4}% 126
\BOOKMARK [1][-]{section.2.5}{\376\377\000P\000r\000e\000-\000D\000a\000t\000a\000\040\000P\000r\000e\000d\000i\000c\000t\000i\000o\000n\000s\000\040\000f\000o\000r\000\040\000D\000E\000S\000I\000\040\000D\000R\0003}{chapter.2}% 127
\BOOKMARK [2][-]{subsection.2.5.1}{\376\377\000M\000e\000r\000i\000d\000i\000a\000n\000\040\000v\000s\000.\000\040\000C\000P\000L\000:\000\040\000w\000\050\000z\000\051\000\040\000C\000o\000m\000p\000a\000r\000i\000s\000o\000n}{section.2.5}% 128
\BOOKMARK [2][-]{subsection.2.5.2}{\376\377\000M\000o\000d\000e\000l\000\040\000D\000i\000s\000c\000r\000i\000m\000i\000n\000a\000t\000i\000o\000n\000\040\000S\000u\000m\000m\000a\000r\000y}{section.2.5}% 129
\BOOKMARK [2][-]{subsection.2.5.3}{\376\377\000S\000e\000n\000s\000i\000t\000i\000v\000i\000t\000y\000\040\000F\000o\000r\000e\000c\000a\000s\000t}{section.2.5}% 130
\BOOKMARK [1][-]{section.2.6}{\376\377\000T\000h\000e\000\040\000C\000P\000L\000\040\000A\000r\000t\000i\000f\000a\000c\000t\000\040\000H\000y\000p\000o\000t\000h\000e\000s\000i\000s}{chapter.2}% 131
\BOOKMARK [2][-]{subsection.2.6.1}{\376\377\000S\000t\000a\000t\000e\000m\000e\000n\000t}{section.2.6}% 132
\BOOKMARK [2][-]{subsection.2.6.2}{\376\377\000N\000i\000n\000e\000\040\000I\000n\000d\000e\000p\000e\000n\000d\000e\000n\000t\000\040\000A\000n\000a\000l\000y\000s\000e\000s}{section.2.6}% 133
\BOOKMARK [2][-]{subsection.2.6.3}{\376\377\000O\000u\000r\000\040\000Q\000u\000a\000n\000t\000i\000t\000a\000t\000i\000v\000e\000\040\000V\000e\000r\000i\000f\000i\000c\000a\000t\000i\000o\000n}{section.2.6}% 134
\BOOKMARK [2][-]{subsection.2.6.4}{\376\377\000T\000h\000e\000\040\000P\000i\000v\000o\000t\000e\000d\000\040\000E\000q\000u\000a\000t\000i\000o\000n\000\040\000o\000f\000\040\000S\000t\000a\000t\000e}{section.2.6}% 135
\BOOKMARK [2][-]{subsection.2.6.5}{\376\377\000T\000h\000e\000\040\000S\000o\000u\000n\000d\000\040\000H\000o\000r\000i\000z\000o\000n\000\040\000C\000a\000n\000n\000o\000t\000\040\000R\000e\000s\000c\000u\000e\000\040\000C\000P\000L}{section.2.6}% 136
\BOOKMARK [1][-]{section.2.7}{\376\377\000T\000h\000e\000\040\000D\000e\000c\000o\000u\000p\000l\000e\000d\000\040\000P\000e\000r\000t\000u\000r\000b\000a\000t\000i\000o\000n\000\040\000H\000y\000p\000o\000t\000h\000e\000s\000i\000s}{chapter.2}% 137
\BOOKMARK [2][-]{subsection.2.7.1}{\376\377\000S\000t\000a\000t\000e\000m\000e\000n\000t}{section.2.7}% 138
\BOOKMARK [2][-]{subsection.2.7.2}{\376\377\000P\000h\000a\000n\000t\000o\000m\000\040\000C\000r\000o\000s\000s\000i\000n\000g\000\040\000a\000s\000\040\000C\000o\000m\000p\000r\000o\000m\000i\000s\000e}{section.2.7}% 139
\BOOKMARK [2][-]{subsection.2.7.3}{\376\377\000T\000h\000e\000\040\000D\000e\000f\000i\000n\000i\000t\000i\000v\000e\000\040\000T\000e\000s\000t}{section.2.7}% 140
\BOOKMARK [2][-]{subsection.2.7.4}{\376\377\000I\000m\000p\000l\000e\000m\000e\000n\000t\000a\000t\000i\000o\000n\000\040\000a\000n\000d\000\040\000L\000i\000m\000i\000t\000a\000t\000i\000o\000n\000s}{section.2.7}% 141
\BOOKMARK [2][-]{subsection.2.7.5}{\376\377\000Q\000u\000a\000n\000t\000i\000t\000a\000t\000i\000v\000e\000\040\000w\000a\000\040\000T\000e\000n\000s\000i\000o\000n\000\040\000A\000n\000a\000l\000y\000s\000i\000s}{section.2.7}% 142
\BOOKMARK [1][-]{section.2.8}{\376\377\000F\000i\000s\000h\000e\000r\000\040\000M\000a\000t\000r\000i\000x\000\040\000a\000n\000d\000\040\000F\000u\000t\000u\000r\000e\000\040\000S\000u\000r\000v\000e\000y\000\040\000F\000o\000r\000e\000c\000a\000s\000t\000s}{chapter.2}% 143
\BOOKMARK [2][-]{subsection.2.8.1}{\376\377\000C\000u\000r\000r\000e\000n\000t\000\040\000C\000o\000n\000s\000t\000r\000a\000i\000n\000t\000s}{section.2.8}% 144
\BOOKMARK [2][-]{subsection.2.8.2}{\376\377\000T\000h\000e\000\040\000C\000o\000r\000r\000e\000l\000a\000t\000i\000o\000n\000\040\000S\000t\000r\000u\000c\000t\000u\000r\000e}{section.2.8}% 145
\BOOKMARK [2][-]{subsection.2.8.3}{\376\377\000F\000u\000t\000u\000r\000e\000\040\000S\000u\000r\000v\000e\000y\000\040\000P\000r\000o\000j\000e\000c\000t\000i\000o\000n\000s}{section.2.8}% 146
\BOOKMARK [2][-]{subsection.2.8.4}{\376\377\000T\000h\000e\000\040\000C\000r\000i\000t\000i\000c\000a\000l\000\040\000T\000h\000r\000e\000s\000h\000o\000l\000d}{section.2.8}% 147
\BOOKMARK [1][-]{section.2.9}{\376\377\000A\000d\000d\000i\000t\000i\000o\000n\000a\000l\000\040\000O\000b\000s\000e\000r\000v\000a\000t\000i\000o\000n\000a\000l\000\040\000T\000e\000s\000t\000s}{chapter.2}% 148
\BOOKMARK [2][-]{subsection.2.9.1}{\376\377\000G\000r\000a\000v\000i\000t\000a\000t\000i\000o\000n\000a\000l\000\040\000W\000a\000v\000e\000\040\000S\000p\000e\000e\000d}{section.2.9}% 149
\BOOKMARK [2][-]{subsection.2.9.2}{\376\377\000G\000r\000a\000v\000i\000t\000a\000t\000i\000o\000n\000a\000l\000\040\000S\000l\000i\000p}{section.2.9}% 150
\BOOKMARK [2][-]{subsection.2.9.3}{\376\377\000G\000r\000o\000w\000t\000h\000\040\000R\000a\000t\000e\000\040\000a\000n\000d\000\040\000t\000h\000e\000\040\000C\000u\000s\000c\000u\000t\000o\000n\000\040\000N\000o\000-\000F\000i\000f\000t\000h\000-\000F\000o\000r\000c\000e\000\040\000T\000h\000e\000o\000r\000e\000m}{section.2.9}% 151
\BOOKMARK [2][-]{subsection.2.9.4}{\376\377\000S\000o\000l\000a\000r\000\040\000S\000y\000s\000t\000e\000m\000\040\000a\000n\000d\000\040\000L\000o\000c\000a\000l\000\040\000T\000e\000s\000t\000s}{section.2.9}% 152
\BOOKMARK [2][-]{subsection.2.9.5}{\376\377\000C\000M\000B\000\040\000C\000o\000n\000s\000i\000s\000t\000e\000n\000c\000y}{section.2.9}% 153
\BOOKMARK [1][-]{section.2.10}{\376\377\000F\000a\000l\000s\000i\000f\000i\000a\000b\000l\000e\000\040\000P\000r\000e\000d\000i\000c\000t\000i\000o\000n\000s}{chapter.2}% 154
\BOOKMARK [2][-]{subsection.2.10.1}{\376\377\000P\000r\000e\000d\000i\000c\000t\000i\000o\000n\000\040\0001\000:\000\040\000T\000h\000e\000\040\000w\0000\000\050\0000\000\051\000\040\000C\000u\000r\000v\000e}{section.2.10}% 155
\BOOKMARK [2][-]{subsection.2.10.2}{\376\377\000P\000r\000e\000d\000i\000c\000t\000i\000o\000n\000\040\0002\000:\000\040\000w\000a\000\040\0000}{section.2.10}% 156
\BOOKMARK [2][-]{subsection.2.10.3}{\376\377\000P\000r\000e\000d\000i\000c\000t\000i\000o\000n\000\040\0003\000:\000\040\000c\000s\000\040\0001\0005\000c}{section.2.10}% 157
\BOOKMARK [2][-]{subsection.2.10.4}{\376\377\000P\000r\000e\000d\000i\000c\000t\000i\000o\000n\000\040\0004\000:\000\040\000G\000r\000o\000w\000t\000h\040\023\000E\000x\000p\000a\000n\000s\000i\000o\000n\000\040\000D\000e\000c\000o\000u\000p\000l\000i\000n\000g}{section.2.10}% 158
\BOOKMARK [2][-]{subsection.2.10.5}{\376\377\000P\000r\000e\000d\000i\000c\000t\000i\000o\000n\000\040\0005\000:\000\040\000N\000o\000\040\000P\000h\000a\000n\000t\000o\000m\000\040\000C\000r\000o\000s\000s\000i\000n\000g}{section.2.10}% 159
\BOOKMARK [2][-]{subsection.2.10.6}{\376\377\000P\000r\000e\000d\000i\000c\000t\000i\000o\000n\000\040\0006\000:\000\040\000I\000n\000f\000l\000a\000t\000i\000o\000n\000a\000r\000y\000\040\000O\000b\000s\000e\000r\000v\000a\000b\000l\000e\000s}{section.2.10}% 160
\BOOKMARK [2][-]{subsection.2.10.7}{\376\377\000P\000r\000e\000d\000i\000c\000t\000i\000o\000n\000\040\0007\000:\000\040\000N\000e\000u\000t\000r\000i\000n\000o\000\040\000M\000a\000s\000s\000\040\000B\000o\000u\000n\000d\000\040\000R\000e\000l\000a\000x\000a\000t\000i\000o\000n}{section.2.10}% 161
\BOOKMARK [2][-]{subsection.2.10.8}{\376\377\000P\000r\000e\000d\000i\000c\000t\000i\000o\000n\000\040\0008\000:\000\040\000D\000a\000r\000k\000\040\000M\000a\000t\000t\000e\000r\000\040\040\024\000\040\000k\000e\000V\000\040\000S\000t\000e\000r\000i\000l\000e\000\040\000N\000e\000u\000t\000r\000i\000n\000o}{section.2.10}% 162
\BOOKMARK [2][-]{subsection.2.10.9}{\376\377\000P\000r\000e\000d\000i\000c\000t\000i\000o\000n\000\040\0009\000:\000\040\000N\000e\000u\000t\000r\000i\000n\000o\000\040\000S\000e\000c\000t\000o\000r\000\040\040\024\000\040\000N\000o\000r\000m\000a\000l\000\040\000H\000i\000e\000r\000a\000r\000c\000h\000y\000\040\000a\000n\000d\000\040\000m\000e\000e}{section.2.10}% 163
\BOOKMARK [1][-]{section.2.11}{\376\377\000D\000i\000s\000c\000u\000s\000s\000i\000o\000n}{chapter.2}% 164
\BOOKMARK [2][-]{subsection.2.11.1}{\376\377\000W\000h\000a\000t\000\040\000t\000h\000e\000\040\000F\000r\000a\000m\000e\000w\000o\000r\000k\000\040\000D\000e\000t\000e\000r\000m\000i\000n\000e\000s\000\040\000a\000n\000d\000\040\000W\000h\000a\000t\000\040\000I\000t\000\040\000D\000o\000e\000s\000\040\000N\000o\000t}{section.2.11}% 165
\BOOKMARK [2][-]{subsection.2.11.2}{\376\377\000T\000h\000e\000\040\000M\000o\000d\000e\000l\000'\000s\000\040\000S\000t\000r\000e\000n\000g\000t\000h\000s}{section.2.11}% 166
\BOOKMARK [2][-]{subsection.2.11.3}{\376\377\000T\000h\000e\000\040\000M\000o\000d\000e\000l\000'\000s\000\040\000L\000i\000m\000i\000t\000a\000t\000i\000o\000n\000s}{section.2.11}% 167
\BOOKMARK [2][-]{subsection.2.11.4}{\376\377\000W\000h\000a\000t\000\040\000W\000o\000u\000l\000d\000\040\000C\000h\000a\000n\000g\000e\000\040\000O\000u\000r\000\040\000A\000s\000s\000e\000s\000s\000m\000e\000n\000t}{section.2.11}% 168
\BOOKMARK [2][-]{subsection.2.11.5}{\376\377\000M\000o\000d\000e\000l\000\040\000E\000v\000o\000l\000u\000t\000i\000o\000n\000:\000\040\000F\000r\000o\000m\000\040\000w\0000\000\040\000=\000\040\000-\0000\000.\0008\0003\000\040\000t\000o\000\040\000w\0000\000\050\0000\000\051}{section.2.11}% 169
\BOOKMARK [2][-]{subsection.2.11.6}{\376\377\000C\000o\000m\000p\000a\000r\000i\000s\000o\000n\000\040\000w\000i\000t\000h\000\040\000C\000D\000M}{section.2.11}% 170
\BOOKMARK [1][-]{section.2.12}{\376\377\000C\000o\000n\000c\000l\000u\000s\000i\000o\000n\000s}{chapter.2}% 171
\BOOKMARK [1][-]{Item.101}{\376\377\000A\000p\000p\000e\000n\000d\000i\000x\000\040\000A\000:\000\040\000H\000\050\000z\000\051\000\040\000E\000x\000p\000a\000n\000s\000i\000o\000n\000\040\000R\000a\000t\000e\000\040\000C\000o\000m\000p\000i\000l\000a\000t\000i\000o\000n}{chapter.2}% 172
\BOOKMARK [0][-]{chapter.3}{\376\377\000N\000o\000-\000G\000o\000\040\000T\000h\000e\000o\000r\000e\000m\000s\000\040\000f\000o\000r\000\040\000D\000y\000n\000a\000m\000i\000c\000a\000l\000\040\000D\000a\000r\000k\000\040\000E\000n\000e\000r\000g\000y\000\040\000i\000n\000\040\000S\000e\000l\000f\000-\000T\000u\000n\000i\000n\000g\000\040\000W\000a\000r\000p\000e\000d\000\040\000G\000r\000a\000v\000i\000t\000y}{}% 173
\BOOKMARK [1][-]{section.3.1}{\376\377\000I\000n\000t\000r\000o\000d\000u\000c\000t\000i\000o\000n}{chapter.3}% 174
\BOOKMARK [1][-]{section.3.2}{\376\377\000T\000h\000e\000\040\000Z\000e\000r\000o\000\040\000K\000i\000n\000e\000t\000i\000c\000\040\000E\000n\000e\000r\000g\000y\000\040\000T\000h\000e\000o\000r\000e\000m}{chapter.3}% 175
\BOOKMARK [2][-]{subsection.3.2.1}{\376\377\000S\000t\000a\000t\000e\000m\000e\000n\000t\000\040\000a\000n\000d\000\040\000P\000r\000o\000o\000f}{section.3.2}% 176
\BOOKMARK [2][-]{subsection.3.2.2}{\376\377\000C\000o\000n\000s\000e\000q\000u\000e\000n\000c\000e\000s\000\040\000f\000o\000r\000\040\000D\000a\000r\000k\000\040\000E\000n\000e\000r\000g\000y\000\040\000D\000y\000n\000a\000m\000i\000c\000s}{section.3.2}% 177
\BOOKMARK [2][-]{subsection.3.2.3}{\376\377\000T\000h\000e\000\040\000G\000a\000u\000s\000s\040\023\000B\000o\000n\000n\000e\000t\000\040\000C\000o\000r\000r\000e\000c\000t\000i\000o\000n}{section.3.2}% 178
\BOOKMARK [1][-]{section.3.3}{\376\377\000P\000e\000r\000t\000u\000r\000b\000a\000t\000i\000v\000e\000\040\000B\000a\000c\000k\000g\000r\000o\000u\000n\000d\000\040\000M\000o\000d\000i\000f\000i\000c\000a\000t\000i\000o\000n\000s}{chapter.3}% 179
\BOOKMARK [2][-]{subsection.3.3.1}{\376\377\000P\000r\000o\000j\000e\000c\000t\000e\000d\000\040\000W\000e\000y\000l\000\040\000T\000e\000n\000s\000o\000r}{section.3.3}% 180
\BOOKMARK [2][-]{subsection.3.3.2}{\376\377\000D\000a\000r\000k\000\040\000E\000n\000e\000r\000g\000y\040\023\000D\000a\000r\000k\000\040\000M\000a\000t\000t\000e\000r\000\040\000C\000o\000u\000p\000l\000i\000n\000g}{section.3.3}% 181
\BOOKMARK [2][-]{subsection.3.3.3}{\376\377\000S\000o\000u\000n\000d\000\040\000H\000o\000r\000i\000z\000o\000n\000\040\000M\000o\000d\000i\000f\000i\000c\000a\000t\000i\000o\000n}{section.3.3}% 182
\BOOKMARK [2][-]{subsection.3.3.4}{\376\377\000M\000a\000t\000t\000e\000r\000-\000S\000e\000c\000t\000o\000r\000\040\000M\000i\000m\000i\000c\000r\000y}{section.3.3}% 183
\BOOKMARK [2][-]{subsection.3.3.5}{\376\377\000M\000e\000t\000h\000o\000d\000o\000l\000o\000g\000y\000\040\000V\000e\000r\000i\000f\000i\000c\000a\000t\000i\000o\000n}{section.3.3}% 184
\BOOKMARK [1][-]{section.3.4}{\376\377\000E\000x\000t\000e\000n\000d\000e\000d\000\040\000K\000i\000n\000e\000t\000i\000c\000\040\000S\000t\000r\000u\000c\000t\000u\000r\000e\000s}{chapter.3}% 185
\BOOKMARK [2][-]{subsection.3.4.1}{\376\377\000H\000o\000r\000n\000d\000e\000s\000k\000i\000\040\000B\000r\000a\000i\000d\000i\000n\000g}{section.3.4}% 186
\BOOKMARK [2][-]{subsection.3.4.2}{\376\377\000G\000e\000n\000e\000r\000a\000l\000\040\000P\000\050\000X\000\051\000\040\000f\000r\000o\000m\000\040\000F\000u\000l\000l\000\040\000K\000K\000\040\000R\000e\000d\000u\000c\000t\000i\000o\000n}{section.3.4}% 187
\BOOKMARK [1][-]{section.3.5}{\376\377\000M\000u\000l\000t\000i\000-\000F\000i\000e\000l\000d\000\040\000A\000p\000p\000r\000o\000a\000c\000h\000e\000s}{chapter.3}% 188
\BOOKMARK [2][-]{subsection.3.5.1}{\376\377\000K\000K\000\040\000M\000o\000d\000u\000l\000i\000\040\000C\000e\000n\000s\000u\000s}{section.3.5}% 189
\BOOKMARK [2][-]{subsection.3.5.2}{\376\377\000D\000B\000I\000\040\000B\000r\000a\000n\000e\000\040\000D\000y\000n\000a\000m\000i\000c\000s}{section.3.5}% 190
\BOOKMARK [2][-]{subsection.3.5.3}{\376\377\000B\000r\000a\000n\000e\000-\000L\000o\000c\000a\000l\000i\000z\000e\000d\000\040\000Q\000u\000i\000n\000t\000e\000s\000s\000e\000n\000c\000e}{section.3.5}% 191
\BOOKMARK [1][-]{section.3.6}{\376\377\000N\000o\000n\000-\000P\000e\000r\000t\000u\000r\000b\000a\000t\000i\000v\000e\000\040\000Q\000u\000a\000n\000t\000u\000m\000\040\000C\000h\000a\000n\000n\000e\000l\000s}{chapter.3}% 192
\BOOKMARK [2][-]{subsection.3.6.1}{\376\377\000P\000e\000r\000t\000u\000r\000b\000a\000t\000i\000v\000e\000\040\000R\000G\000\040\000F\000l\000o\000w}{section.3.6}% 193
\BOOKMARK [2][-]{subsection.3.6.2}{\376\377\000F\000u\000n\000c\000t\000i\000o\000n\000a\000l\000\040\000R\000G\000\040\000a\000n\000d\000\040\000D\000i\000m\000e\000n\000s\000i\000o\000n\000a\000l\000\040\000T\000r\000a\000n\000s\000m\000u\000t\000a\000t\000i\000o\000n}{section.3.6}% 194
\BOOKMARK [2][-]{subsection.3.6.3}{\376\377\000C\000h\000e\000r\000n\040\023\000S\000i\000m\000o\000n\000s\000\040\000T\000o\000p\000o\000l\000o\000g\000i\000c\000a\000l\000\040\000C\000h\000a\000n\000n\000e\000l}{section.3.6}% 195
\BOOKMARK [2][-]{subsection.3.6.4}{\376\377\000L\000o\000c\000a\000l\000\040\000N\000o\000n\000-\000C\000o\000s\000m\000o\000l\000o\000g\000i\000c\000a\000l\000\040\000S\000o\000l\000u\000t\000i\000o\000n\000s}{section.3.6}% 196
\BOOKMARK [1][-]{section.3.7}{\376\377\000G\000e\000o\000m\000e\000t\000r\000i\000c\000\040\000E\000x\000t\000e\000n\000s\000i\000o\000n\000s}{chapter.3}% 197
\BOOKMARK [2][-]{subsection.3.7.1}{\376\377\000H\000i\000g\000h\000e\000r\000-\000D\000i\000m\000e\000n\000s\000i\000o\000n\000a\000l\000\040\000C\000o\000m\000p\000a\000c\000t\000i\000f\000i\000c\000a\000t\000i\000o\000n}{section.3.7}% 198
\BOOKMARK [2][-]{subsection.3.7.2}{\376\377\000M\000o\000d\000i\000f\000i\000e\000d\000\040\000B\000u\000l\000k\000\040\000G\000r\000a\000v\000i\000t\000y}{section.3.7}% 199
\BOOKMARK [1][-]{section.3.8}{\376\377\000T\000h\000e\000\040\000H\000o\000r\000n\000d\000e\000s\000k\000i\000\040\000D\000i\000l\000e\000m\000m\000a}{chapter.3}% 200
\BOOKMARK [2][-]{subsection.3.8.1}{\376\377\000S\000t\000a\000t\000e\000m\000e\000n\000t}{section.3.8}% 201
\BOOKMARK [2][-]{subsection.3.8.2}{\376\377\000P\000r\000o\000o\000f\000\040\000S\000k\000e\000t\000c\000h}{section.3.8}% 202
\BOOKMARK [1][-]{section.3.9}{\376\377\000T\000h\000e\000\040\000S\000t\000r\000u\000c\000t\000u\000r\000a\000l\000\040\000C\000l\000a\000s\000s\000i\000f\000i\000c\000a\000t\000i\000o\000n}{chapter.3}% 203
\BOOKMARK [2][-]{subsection.3.9.1}{\376\377\000T\000h\000r\000e\000e\000\040\000S\000t\000r\000u\000c\000t\000u\000r\000a\000l\000\040\000B\000a\000r\000r\000i\000e\000r\000s}{section.3.9}% 204
\BOOKMARK [2][-]{subsection.3.9.2}{\376\377\000C\000l\000a\000s\000s\000i\000f\000i\000c\000a\000t\000i\000o\000n\000\040\000T\000h\000e\000o\000r\000e\000m}{section.3.9}% 205
\BOOKMARK [2][-]{subsection.3.9.3}{\376\377\000Q\000u\000a\000n\000t\000i\000t\000a\000t\000i\000v\000e\000\040\000S\000u\000m\000m\000a\000r\000y}{section.3.9}% 206
\BOOKMARK [1][-]{section.3.10}{\376\377\000T\000h\000e\000\040\000V\000a\000c\000u\000u\000m\000\040\000E\000n\000e\000r\000g\000y\000\040\000N\000o\000-\000G\000o\000\040\000T\000h\000e\000o\000r\000e\000m}{chapter.3}% 207
\BOOKMARK [2][-]{subsection.3.10.1}{\376\377\000F\000r\000a\000m\000e\000w\000o\000r\000k\000\040\000A\000x\000i\000o\000m\000s}{section.3.10}% 208
\BOOKMARK [2][-]{subsection.3.10.2}{\376\377\000S\000e\000l\000f\000-\000T\000u\000n\000i\000n\000g\000\040\000a\000s\000\040\000t\000h\000e\000\040\000U\000n\000i\000q\000u\000e\000\040\000M\000e\000c\000h\000a\000n\000i\000s\000m}{section.3.10}% 209
\BOOKMARK [2][-]{subsection.3.10.3}{\376\377\000N\000e\000c\000e\000s\000s\000i\000t\000y\000\040\000o\000f\000\040\000C\000o\000n\000f\000o\000r\000m\000a\000l\000\040\000C\000o\000u\000p\000l\000i\000n\000g}{section.3.10}% 210
\BOOKMARK [2][-]{subsection.3.10.4}{\376\377\000N\000e\000c\000e\000s\000s\000i\000t\000y\000\040\000o\000f\000\040\000t\000h\000e\000\040\000E\000x\000t\000r\000a\000\040\000D\000i\000m\000e\000n\000s\000i\000o\000n}{section.3.10}% 211
\BOOKMARK [2][-]{subsection.3.10.5}{\376\377\000S\000t\000r\000u\000c\000t\000u\000r\000a\000l\000\040\000R\000i\000g\000i\000d\000i\000t\000y}{section.3.10}% 212
\BOOKMARK [2][-]{subsection.3.10.6}{\376\377\000T\000h\000e\000\040\000C\000h\000a\000i\000n\000\040\000o\000f\000\040\000N\000e\000c\000e\000s\000s\000i\000t\000i\000e\000s}{section.3.10}% 213
\BOOKMARK [2][-]{subsection.3.10.7}{\376\377\000R\000e\000l\000a\000t\000i\000o\000n\000\040\000t\000o\000\040\000t\000h\000e\000\040\000P\000h\000e\000n\000o\000m\000e\000n\000o\000l\000o\000g\000i\000c\000a\000l\000\040\000N\000o\000-\000G\000o\000s}{section.3.10}% 214
\BOOKMARK [1][-]{section.3.11}{\376\377\000D\000i\000s\000c\000u\000s\000s\000i\000o\000n}{chapter.3}% 215
\BOOKMARK [2][-]{subsection.3.11.1}{\376\377\000C\000o\000m\000p\000a\000r\000i\000s\000o\000n\000\040\000w\000i\000t\000h\000\040\000O\000t\000h\000e\000r\000\040\000N\000o\000-\000G\000o\000\040\000R\000e\000s\000u\000l\000t\000s}{section.3.11}% 216
\BOOKMARK [2][-]{subsection.3.11.2}{\376\377\000T\000h\000e\000\040\000P\000o\000s\000i\000t\000i\000v\000e\000\040\000I\000n\000t\000e\000r\000p\000r\000e\000t\000a\000t\000i\000o\000n}{section.3.11}% 217
\BOOKMARK [2][-]{subsection.3.11.3}{\376\377\000B\000o\000u\000n\000d\000e\000d\000\040\000B\000u\000t\000\040\000U\000n\000c\000o\000m\000p\000u\000t\000e\000d\000\040\000C\000h\000a\000n\000n\000e\000l\000s}{section.3.11}% 218
\BOOKMARK [2][-]{subsection.3.11.4}{\376\377\000M\000e\000c\000h\000a\000n\000i\000s\000m\000s\000\040\000N\000o\000t\000\040\000I\000n\000c\000l\000u\000d\000e\000d\000\040\000i\000n\000\040\000t\000h\000e\000\040\000C\000e\000n\000s\000u\000s}{section.3.11}% 219
\BOOKMARK [2][-]{subsection.3.11.5}{\376\377\000F\000a\000l\000s\000i\000f\000i\000a\000b\000i\000l\000i\000t\000y\000\040\000T\000i\000m\000e\000l\000i\000n\000e}{section.3.11}% 220
\BOOKMARK [1][-]{section.3.12}{\376\377\000C\000o\000n\000c\000l\000u\000s\000i\000o\000n\000s}{chapter.3}% 221
\BOOKMARK [0][-]{chapter.4}{\376\377\000N\000o\000n\000c\000o\000m\000m\000u\000t\000a\000t\000i\000v\000e\000\040\000S\000p\000e\000c\000t\000r\000a\000l\000\040\000G\000e\000o\000m\000e\000t\000r\000y\000\040\000o\000n\000\040\000W\000a\000r\000p\000e\000d\000\040\000O\000r\000b\000i\000f\000o\000l\000d\000s\000:\000\040\000T\000o\000p\000o\000l\000o\000g\000i\000c\000a\000l\000\040\000C\000o\000u\000p\000l\000i\000n\000g\000s\000\040\000a\000n\000d\000\040\000G\000r\000a\000v\000i\000t\000a\000t\000i\000o\000n\000a\000l\000\040\000C\000o\000r\000r\000e\000c\000t\000i\000o\000n\000s}{}% 222
\BOOKMARK [1][-]{section.4.1}{\376\377\000I\000n\000t\000r\000o\000d\000u\000c\000t\000i\000o\000n}{chapter.4}% 223
\BOOKMARK [1][-]{section.4.2}{\376\377\000T\000h\000e\000\040\000S\000p\000e\000c\000t\000r\000a\000l\000\040\000T\000r\000i\000p\000l\000e\000\040\000o\000n\000\040\000t\000h\000e\000\040\000W\000a\000r\000p\000e\000d\000\040\000O\000r\000b\000i\000f\000o\000l\000d}{chapter.4}% 224
\BOOKMARK [2][-]{subsection.4.2.1}{\376\377\000G\000e\000o\000m\000e\000t\000r\000y\000\040\000a\000n\000d\000\040\000C\000o\000n\000v\000e\000n\000t\000i\000o\000n\000s}{section.4.2}% 225
\BOOKMARK [2][-]{subsection.4.2.2}{\376\377\000T\000h\000e\000\040\000D\000i\000r\000a\000c\000\040\000O\000p\000e\000r\000a\000t\000o\000r}{section.4.2}% 226
\BOOKMARK [2][-]{subsection.4.2.3}{\376\377\000T\000h\000e\000\040\000S\000p\000e\000c\000t\000r\000a\000l\000\040\000T\000r\000i\000p\000l\000e}{section.4.2}% 227
\BOOKMARK [2][-]{subsection.4.2.4}{\376\377\000T\000h\000e\000\040\000L\000a\000y\000e\000r\000e\000d\000\040\000S\000p\000e\000c\000t\000r\000a\000l\000\040\000A\000r\000c\000h\000i\000t\000e\000c\000t\000u\000r\000e}{section.4.2}% 228
\BOOKMARK [2][-]{subsection.4.2.5}{\376\377\000Z\0002\000\040\000A\000c\000t\000i\000o\000n\000\040\000o\000n\000\040\000S\000p\000i\000n\000o\000r\000s\000\040\000a\000n\000d\000\040\000t\000h\000e\000\040\000C\000h\000i\000r\000a\000l\000\040\000S\000p\000e\000c\000t\000r\000u\000m}{section.4.2}% 229
\BOOKMARK [1][-]{section.4.3}{\376\377\000T\000h\000e\000\040\000S\000e\000e\000l\000e\000y\040\023\000D\000e\000W\000i\000t\000t\000\040\000E\000x\000p\000a\000n\000s\000i\000o\000n}{chapter.4}% 230
\BOOKMARK [2][-]{subsection.4.3.1}{\376\377\000H\000e\000a\000t\000\040\000K\000e\000r\000n\000e\000l\000\040\000a\000n\000d\000\040\000S\000p\000e\000c\000t\000r\000a\000l\000\040\000A\000c\000t\000i\000o\000n}{section.4.3}% 231
\BOOKMARK [2][-]{subsection.4.3.2}{\376\377\000B\000u\000l\000k\000\040\000C\000o\000e\000f\000f\000i\000c\000i\000e\000n\000t\000s}{section.4.3}% 232
\BOOKMARK [2][-]{subsection.4.3.3}{\376\377\000B\000o\000u\000n\000d\000a\000r\000y\000\040\000C\000o\000e\000f\000f\000i\000c\000i\000e\000n\000t\000s}{section.4.3}% 233
\BOOKMARK [2][-]{subsection.4.3.4}{\376\377\000P\000h\000y\000s\000i\000c\000a\000l\000\040\000C\000o\000n\000t\000e\000n\000t\000\040\000S\000u\000m\000m\000a\000r\000y}{section.4.3}% 234
\BOOKMARK [1][-]{section.4.4}{\376\377\000G\000a\000u\000s\000s\040\023\000B\000o\000n\000n\000e\000t\000\040\000U\000n\000i\000v\000e\000r\000s\000a\000l\000i\000t\000y}{chapter.4}% 235
\BOOKMARK [2][-]{subsection.4.4.1}{\376\377\000T\000h\000e\000\040\000G\000i\000l\000k\000e\000y\000\040\000C\000o\000e\000f\000f\000i\000c\000i\000e\000n\000t\000\040\000S\000t\000r\000u\000c\000t\000u\000r\000e}{section.4.4}% 236
\BOOKMARK [2][-]{subsection.4.4.2}{\376\377\000F\000r\000o\000m\000\040\000G\000a\000u\000s\000s\040\023\000B\000o\000n\000n\000e\000t\000\040\000C\000o\000u\000p\000l\000i\000n\000g\000\040\000t\000o\000\040\000K\000i\000n\000e\000t\000i\000c\000\040\000C\000o\000r\000r\000e\000c\000t\000i\000o\000n\000:\000\040\000T\000h\000e\000\040\000C\000o\000m\000p\000l\000e\000t\000e\000\040\000\040\0001\000\040\000D\000e\000r\000i\000v\000a\000t\000i\000o\000n}{section.4.4}% 237
\BOOKMARK [2][-]{subsection.4.4.3}{\376\377\000T\000o\000p\000o\000l\000o\000g\000y\000\040\000I\000n\000d\000e\000p\000e\000n\000d\000e\000n\000c\000e}{section.4.4}% 238
\BOOKMARK [1][-]{section.4.5}{\376\377\000C\000h\000e\000r\000n\040\023\000S\000i\000m\000o\000n\000s\000\040\000T\000e\000r\000m\000s\000\040\000f\000r\000o\000m\000\040\000t\000h\000e\000\040\000A\000P\000S\000\040\000I\000n\000d\000e\000x\000\040\000T\000h\000e\000o\000r\000e\000m}{chapter.4}% 239
\BOOKMARK [2][-]{subsection.4.5.1}{\376\377\000O\000r\000i\000g\000i\000n\000\040\000i\000n\000\040\000t\000h\000e\000\040\000S\000p\000e\000c\000t\000r\000a\000l\000\040\000A\000c\000t\000i\000o\000n}{section.4.5}% 240
\BOOKMARK [2][-]{subsection.4.5.2}{\376\377\000T\000h\000e\000\040\000T\000h\000e\000t\000a\000\040\000A\000n\000g\000l\000e\000s}{section.4.5}% 241
\BOOKMARK [2][-]{subsection.4.5.3}{\376\377\000T\000o\000p\000o\000l\000o\000g\000i\000c\000a\000l\000\040\000L\000o\000c\000k\000i\000n\000g\000\040\000v\000i\000a\000\040\000t\000h\000e\000\040\000A\000P\000S\000\040\000I\000n\000d\000e\000x\000\040\000T\000h\000e\000o\000r\000e\000m}{section.4.5}% 242
\BOOKMARK [2][-]{subsection.4.5.4}{\376\377\000D\000y\000n\000a\000m\000i\000c\000a\000l\000\040\000T\000h\000e\000t\000a\000\040\000f\000r\000o\000m\000\040\000t\000h\000e\000\040\000C\000u\000s\000c\000u\000t\000o\000n}{section.4.5}% 243
\BOOKMARK [1][-]{section.4.6}{\376\377\000E\000l\000e\000c\000t\000r\000o\000m\000a\000g\000n\000e\000t\000i\000c\000-\000G\000r\000a\000v\000i\000t\000y\000\040\000C\000o\000u\000p\000l\000i\000n\000g\000\040\000C\000h\000a\000n\000n\000e\000l\000s}{chapter.4}% 244
\BOOKMARK [2][-]{subsection.4.6.1}{\376\377\000C\000h\000a\000n\000n\000e\000l\000\040\000C\000e\000n\000s\000u\000s}{section.4.6}% 245
\BOOKMARK [2][-]{subsection.4.6.2}{\376\377\000P\000e\000r\000t\000u\000r\000b\000a\000t\000i\000v\000e\000\040\000C\000h\000a\000n\000n\000e\000l\000\040\000A\000n\000a\000l\000y\000s\000i\000s}{section.4.6}% 246
\BOOKMARK [2][-]{subsection.4.6.3}{\376\377\000N\000o\000n\000-\000P\000e\000r\000t\000u\000r\000b\000a\000t\000i\000v\000e\000\040\000C\000h\000a\000n\000n\000e\000l}{section.4.6}% 247
\BOOKMARK [1][-]{section.4.7}{\376\377\000S\000t\000a\000n\000d\000a\000r\000d\000\040\000M\000o\000d\000e\000l\000\040\000C\000o\000n\000n\000e\000c\000t\000i\000o\000n}{chapter.4}% 248
\BOOKMARK [2][-]{subsection.4.7.1}{\376\377\000T\000h\000e\000\040\000B\000r\000a\000n\000e\000\040\000S\000p\000e\000c\000t\000r\000a\000l\000\040\000T\000r\000i\000p\000l\000e}{section.4.7}% 249
\BOOKMARK [2][-]{subsection.4.7.2}{\376\377\000T\000h\000e\000\040\000T\000h\000r\000e\000e\000-\000S\000c\000a\000l\000a\000r\000\040\000A\000r\000c\000h\000i\000t\000e\000c\000t\000u\000r\000e}{section.4.7}% 250
\BOOKMARK [2][-]{subsection.4.7.3}{\376\377\000T\000h\000e\000\040\000C\000o\000n\000f\000o\000r\000m\000a\000l\000\040\000C\000o\000u\000p\000l\000i\000n\000g\000\040\000x\000i\000\040\000=\000\040\0001\000/\0006\000:\000\040\000D\000e\000r\000i\000v\000a\000t\000i\000o\000n\000,\000\040\000N\000o\000t\000\040\000A\000s\000s\000u\000m\000p\000t\000i\000o\000n}{section.4.7}% 251
\BOOKMARK [2][-]{subsection.4.7.4}{\376\377\000T\000h\000e\000\040\000G\000a\000u\000g\000e\000-\000G\000r\000a\000v\000i\000t\000y\000\040\000S\000e\000p\000a\000r\000a\000t\000i\000o\000n}{section.4.7}% 252
\BOOKMARK [1][-]{section.4.8}{\376\377\000T\000h\000e\000\040\000O\000c\000t\000o\000n\000i\000o\000n\000i\000c\000\040\000E\000x\000t\000e\000n\000s\000i\000o\000n\000:\000\040\000T\000h\000r\000e\000e\000\040\000G\000e\000n\000e\000r\000a\000t\000i\000o\000n\000s\000\040\000f\000r\000o\000m\000\040\000G\000e\000o\000m\000e\000t\000r\000y}{chapter.4}% 253
\BOOKMARK [2][-]{subsection.4.8.1}{\376\377\000T\000h\000e\000\040\000D\000i\000x\000o\000n\000\040\000A\000l\000g\000e\000b\000r\000a\000\040\000a\000n\000d\000\040\000t\000h\000e\000\040\000T\000h\000r\000e\000e\000-\000G\000e\000n\000e\000r\000a\000t\000i\000o\000n\000\040\000P\000r\000o\000b\000l\000e\000m}{section.4.8}% 254
\BOOKMARK [2][-]{subsection.4.8.2}{\376\377\000F\000o\000u\000r\000\040\000P\000r\000o\000o\000f\000s\000\040\000o\000f\000\040\000N\000g\000\040\000=\000\040\0003}{section.4.8}% 255
\BOOKMARK [2][-]{subsection.4.8.3}{\376\377\000T\000h\000e\000\040\000D\000i\000r\000a\000c\000\040\000O\000p\000e\000r\000a\000t\000o\000r\000\040\000D\000\137\000o\000c\000t}{section.4.8}% 256
\BOOKMARK [2][-]{subsection.4.8.4}{\376\377\000P\000o\000i\000n\000c\000a\000r\000\351\000\040\000D\000u\000a\000l\000i\000t\000y\000\040\000v\000i\000a\000\040\000t\000h\000e\000\040\000A\000s\000s\000o\000c\000i\000a\000t\000i\000v\000e\000\040\000E\000n\000v\000e\000l\000o\000p\000e}{section.4.8}% 257
\BOOKMARK [2][-]{subsection.4.8.5}{\376\377\000O\000r\000i\000e\000n\000t\000a\000b\000i\000l\000i\000t\000y\000\040\000a\000n\000d\000\040\000t\000h\000e\000\040\0001\000/\0006\000\040\000C\000o\000e\000f\000f\000i\000c\000i\000e\000n\000t}{section.4.8}% 258
\BOOKMARK [2][-]{subsection.4.8.6}{\376\377\000C\000o\000m\000p\000l\000e\000t\000e\000\040\000A\000x\000i\000o\000m\000\040\000V\000e\000r\000i\000f\000i\000c\000a\000t\000i\000o\000n}{section.4.8}% 259
\BOOKMARK [2][-]{subsection.4.8.7}{\376\377\000T\000h\000e\000\040\000Y\000u\000k\000a\000w\000a\000\040\000S\000t\000r\000u\000c\000t\000u\000r\000e\000:\000\040\000A\000n\000\040\000H\000o\000n\000e\000s\000t\000\040\000A\000s\000s\000e\000s\000s\000m\000e\000n\000t}{section.4.8}% 260
\BOOKMARK [2][-]{subsection.4.8.8}{\376\377\000T\000h\000e\000\040\000G\000a\000u\000g\000e\000\040\000G\000r\000o\000u\000p\000\040\000f\000r\000o\000m\000\040\000O\000c\000t\000o\000n\000i\000o\000n\000s}{section.4.8}% 261
\BOOKMARK [2][-]{subsection.4.8.9}{\376\377\000A\000n\000o\000m\000a\000l\000y\000\040\000C\000a\000n\000c\000e\000l\000l\000a\000t\000i\000o\000n\000\040\000f\000r\000o\000m\000\040\000O\000c\000t\000o\000n\000i\000o\000n\000i\000c\000\040\000S\000p\000i\000n\000\050\0001\0000\000\051}{section.4.8}% 262
\BOOKMARK [2][-]{subsection.4.8.10}{\376\377\000C\000h\000e\000r\000n\040\023\000S\000i\000m\000o\000n\000s\000\040\000I\000n\000f\000l\000o\000w\000\040\000C\000o\000n\000s\000i\000s\000t\000e\000n\000c\000y}{section.4.8}% 263
\BOOKMARK [1][-]{section.4.9}{\376\377\000F\000e\000r\000m\000i\000o\000n\000\040\000M\000a\000s\000s\000\040\000H\000i\000e\000r\000a\000r\000c\000h\000y\000\040\000f\000r\000o\000m\000\040\000W\000a\000r\000p\000i\000n\000g}{chapter.4}% 264
\BOOKMARK [2][-]{subsection.4.9.1}{\376\377\000Z\000e\000r\000o\000-\000M\000o\000d\000e\000\040\000P\000r\000o\000f\000i\000l\000e\000s\000\040\000a\000n\000d\000\040\000t\000h\000e\000\040\000P\000r\000o\000f\000i\000l\000e\000\040\000O\000v\000e\000r\000l\000a\000p\000\040\000F\000u\000n\000c\000t\000i\000o\000n}{section.4.9}% 265
\BOOKMARK [2][-]{subsection.4.9.2}{\376\377\000B\000u\000l\000k\000\040\000M\000a\000s\000s\000\040\000P\000a\000r\000a\000m\000e\000t\000e\000r\000s\000\040\000f\000o\000r\000\040\000A\000l\000l\000\040\000F\000e\000r\000m\000i\000o\000n\000\040\000S\000p\000e\000c\000i\000e\000s}{section.4.9}% 266
\BOOKMARK [1][-]{section.4.10}{\376\377\000Q\000u\000a\000r\000k\000\040\000a\000n\000d\000\040\000L\000e\000p\000t\000o\000n\000\040\000M\000i\000x\000i\000n\000g}{chapter.4}% 267
\BOOKMARK [2][-]{subsection.4.10.1}{\376\377\000C\000K\000M\000\040\000M\000a\000t\000r\000i\000x\000\040\000f\000r\000o\000m\000\040\000D\000e\000m\000o\000c\000r\000a\000t\000i\000c\000\040\000M\000a\000t\000r\000i\000x\000\040\000a\000n\000d\000\040\000W\000a\000r\000p\000\040\000P\000r\000o\000f\000i\000l\000e\000s}{section.4.10}% 268
\BOOKMARK [2][-]{subsection.4.10.2}{\376\377\000T\000h\000e\000\040\000G\000a\000t\000t\000o\040\023\000S\000a\000r\000t\000o\000r\000i\040\023\000T\000o\000n\000i\000n\000\040\000R\000e\000l\000a\000t\000i\000o\000n}{section.4.10}% 269
\BOOKMARK [2][-]{subsection.4.10.3}{\376\377\000F\000u\000l\000l\000\040\000L\000e\000f\000t\040\023\000R\000i\000g\000h\000t\000\040\000F\000e\000r\000m\000i\000o\000n\000\040\000S\000e\000c\000t\000o\000r}{section.4.10}% 270
\BOOKMARK [2][-]{subsection.4.10.4}{\376\377\000C\000P\000\040\000V\000i\000o\000l\000a\000t\000i\000o\000n\000:\000\040\000T\000h\000e\000\040\000R\000e\000a\000l\000-\000S\000e\000c\000t\000o\000r\000\040\000O\000b\000s\000t\000r\000u\000c\000t\000i\000o\000n}{section.4.10}% 271
\BOOKMARK [2][-]{subsection.4.10.5}{\376\377\000Q\000u\000a\000r\000k\000-\000L\000e\000p\000t\000o\000n\000\040\000C\000o\000m\000p\000l\000e\000m\000e\000n\000t\000a\000r\000i\000t\000y}{section.4.10}% 272
\BOOKMARK [1][-]{section.4.11}{\376\377\000M\000a\000j\000o\000r\000a\000n\000a\000\040\000S\000e\000c\000t\000o\000r\000\040\000a\000n\000d\000\040\000t\000h\000e\000\040\000S\000e\000e\000s\000a\000w\000\040\000M\000e\000c\000h\000a\000n\000i\000s\000m}{chapter.4}% 273
\BOOKMARK [2][-]{subsection.4.11.1}{\376\377\000S\0003\000-\000C\000o\000n\000s\000t\000r\000a\000i\000n\000e\000d\000\040\000M\000a\000j\000o\000r\000a\000n\000a\000\040\000M\000a\000s\000s\000\040\000M\000a\000t\000r\000i\000x}{section.4.11}% 274
\BOOKMARK [2][-]{subsection.4.11.2}{\376\377\000T\000r\000i\000b\000i\000m\000a\000x\000i\000m\000a\000l\000\040\000M\000i\000x\000i\000n\000g\000\040\000a\000s\000\040\000L\000e\000a\000d\000i\000n\000g\000-\000O\000r\000d\000e\000r\000\040\000P\000r\000e\000d\000i\000c\000t\000i\000o\000n}{section.4.11}% 275
\BOOKMARK [2][-]{subsection.4.11.3}{\376\377\000N\000e\000u\000t\000r\000i\000n\000o\000\040\000M\000a\000s\000s\000\040\000A\000c\000c\000o\000m\000m\000o\000d\000a\000t\000i\000o\000n}{section.4.11}% 276
\BOOKMARK [2][-]{subsection.4.11.4}{\376\377\000S\0003\000\040\000B\000r\000e\000a\000k\000i\000n\000g\000\040\000a\000n\000d\000\040\000t\000h\000e\000\040\000O\000c\000t\000o\000n\000i\000o\000n\000i\000c\000\040\000M\000a\000s\000s\000\040\000M\000a\000t\000r\000i\000x}{section.4.11}% 277
\BOOKMARK [2][-]{subsection.4.11.5}{\376\377\000C\000o\000n\000d\000i\000t\000i\000o\000n\000a\000l\000\040\000N\000e\000u\000t\000r\000i\000n\000o\000\040\000P\000r\000e\000d\000i\000c\000t\000i\000o\000n\000s}{section.4.11}% 278
\BOOKMARK [2][-]{subsection.4.11.6}{\376\377\000T\000h\000e\000\040\000M\000S\000M\000\040\000E\000m\000b\000e\000d\000d\000i\000n\000g}{section.4.11}% 279
\BOOKMARK [2][-]{subsection.4.11.7}{\376\377\000B\000a\000r\000y\000o\000g\000e\000n\000e\000s\000i\000s\000\040\000v\000i\000a\000\040\000L\000e\000p\000t\000o\000g\000e\000n\000e\000s\000i\000s}{section.4.11}% 280
\BOOKMARK [1][-]{section.4.12}{\376\377\000R\000a\000d\000i\000a\000t\000i\000v\000e\000\040\000S\000t\000a\000b\000i\000l\000i\000t\000y\000\040\000o\000f\000\040\000t\000h\000e\000\040\000D\000e\000m\000o\000c\000r\000a\000t\000i\000c\000\040\000M\000a\000t\000r\000i\000x}{chapter.4}% 281
\BOOKMARK [1][-]{section.4.13}{\376\377\000D\000a\000r\000k\000\040\000M\000a\000t\000t\000e\000r}{chapter.4}% 282
\BOOKMARK [2][-]{subsection.4.13.1}{\376\377\000S\000y\000s\000t\000e\000m\000a\000t\000i\000c\000\040\000C\000a\000n\000d\000i\000d\000a\000t\000e\000\040\000S\000u\000r\000v\000e\000y}{section.4.13}% 283
\BOOKMARK [2][-]{subsection.4.13.2}{\376\377\000S\000t\000e\000r\000i\000l\000e\000\040\000N\000e\000u\000t\000r\000i\000n\000o\000:\000\040\000T\000h\000e\000\040\000U\000n\000i\000q\000u\000e\000\040\000V\000i\000a\000b\000l\000e\000\040\000C\000a\000n\000d\000i\000d\000a\000t\000e}{section.4.13}% 284
\BOOKMARK [2][-]{subsection.4.13.3}{\376\377\000D\000e\000t\000e\000c\000t\000i\000o\000n\000\040\000S\000t\000r\000a\000t\000e\000g\000y\000\040\000a\000n\000d\000\040\000E\000x\000p\000e\000r\000i\000m\000e\000n\000t\000a\000l\000\040\000C\000o\000n\000s\000t\000r\000a\000i\000n\000t\000s}{section.4.13}% 285
\BOOKMARK [1][-]{section.4.14}{\376\377\000N\000C\000G\040\023\000A\000s\000y\000m\000p\000t\000o\000t\000i\000c\000\040\000S\000a\000f\000e\000t\000y\000\040\000B\000r\000i\000d\000g\000e}{chapter.4}% 286
\BOOKMARK [2][-]{subsection.4.14.1}{\376\377\000R\0002\000\040\000=\000\040\0000\000\040\000f\000r\000o\000m\000\040\000C\000o\000n\000f\000o\000r\000m\000a\000l\000\040\000S\000t\000r\000u\000c\000t\000u\000r\000e}{section.4.14}% 287
\BOOKMARK [2][-]{subsection.4.14.2}{\376\377\000W\000a\000r\000p\000e\000d\000\040\000O\000r\000b\000i\000f\000o\000l\000d\000\040\000P\000r\000e\000s\000e\000r\000v\000e\000s\000\040\000R\0002\000\040\000=\000\040\0000}{section.4.14}% 288
\BOOKMARK [2][-]{subsection.4.14.3}{\376\377\000T\000h\000e\000\040\000S\000p\000e\000c\000t\000r\000a\000l\000\040\000A\000c\000t\000i\000o\000n\000\040\000o\000n\000\040\000t\000h\000e\000\040\000C\000r\000i\000t\000i\000c\000a\000l\000\040\000S\000u\000r\000f\000a\000c\000e}{section.4.14}% 289
\BOOKMARK [2][-]{subsection.4.14.4}{\376\377\000O\000n\000e\000-\000L\000o\000o\000p\000\040\000V\000e\000r\000i\000f\000i\000c\000a\000t\000i\000o\000n\000:\000\040\000E\000x\000p\000l\000i\000c\000i\000t\000\040\000C\000o\000m\000p\000u\000t\000a\000t\000i\000o\000n\000\040\000o\000f\000\040\000s\000i\000g\000m\000a\0001}{section.4.14}% 290
\BOOKMARK [2][-]{subsection.4.14.5}{\376\377\000Q\000u\000a\000n\000t\000i\000t\000a\000t\000i\000v\000e\000\040\000R\000G\000\040\000F\000l\000o\000w\000\040\000A\000n\000a\000l\000y\000s\000i\000s}{section.4.14}% 291
\BOOKMARK [1][-]{section.4.15}{\376\377\000I\000n\000f\000l\000a\000t\000i\000o\000n\000\040\000f\000r\000o\000m\000\040\000M\000o\000d\000u\000l\000u\000s\000\040\000G\000e\000o\000m\000e\000t\000r\000y}{chapter.4}% 292
\BOOKMARK [2][-]{subsection.4.15.1}{\376\377\000R\0002\000\040\000=\000\040\0000\000\040\000K\000i\000l\000l\000s\000\040\000S\000t\000a\000r\000o\000b\000i\000n\000s\000k\000y\000\040\000I\000n\000f\000l\000a\000t\000i\000o\000n}{section.4.15}% 293
\BOOKMARK [2][-]{subsection.4.15.2}{\376\377\000M\000o\000d\000u\000l\000u\000s\000\040\000I\000n\000f\000l\000a\000t\000i\000o\000n\000\040\000v\000i\000a\000\040\000K\000\344\000h\000l\000e\000r\000\040\000G\000e\000o\000m\000e\000t\000r\000y}{section.4.15}% 294
\BOOKMARK [2][-]{subsection.4.15.3}{\376\377\000T\000h\000e\000\040\000S\000e\000v\000e\000n\000t\000h\000\040\0001\000/\0006\000:\000\040\000I\000n\000f\000l\000a\000t\000i\000o\000n\000a\000r\000y\000\040\000C\000o\000n\000s\000i\000s\000t\000e\000n\000c\000y}{section.4.15}% 295
\BOOKMARK [2][-]{subsection.4.15.4}{\376\377\000P\000r\000e\000d\000i\000c\000t\000i\000o\000n\000s}{section.4.15}% 296
\BOOKMARK [2][-]{subsection.4.15.5}{\376\377\000P\000r\000i\000m\000o\000r\000d\000i\000a\000l\000\040\000B\000-\000M\000o\000d\000e\000\040\000F\000o\000r\000e\000c\000a\000s\000t\000\040\000a\000n\000d\000\040\000E\000x\000p\000e\000r\000i\000m\000e\000n\000t\000a\000l\000\040\000T\000e\000s\000t\000s}{section.4.15}% 297
\BOOKMARK [2][-]{subsection.4.15.6}{\376\377\000R\000e\000h\000e\000a\000t\000i\000n\000g\000\040\000a\000n\000d\000\040\000N\000*\000\040\000D\000e\000t\000e\000r\000m\000i\000n\000a\000t\000i\000o\000n}{section.4.15}% 298
\BOOKMARK [2][-]{subsection.4.15.7}{\376\377\000G\000r\000a\000v\000i\000t\000a\000t\000i\000o\000n\000a\000l\000\040\000W\000a\000v\000e\000\040\000S\000i\000g\000n\000a\000t\000u\000r\000e\000s}{section.4.15}% 299
\BOOKMARK [1][-]{section.4.16}{\376\377\000C\000o\000l\000l\000i\000d\000e\000r\000\040\000S\000i\000g\000n\000a\000t\000u\000r\000e\000s}{chapter.4}% 300
\BOOKMARK [2][-]{subsection.4.16.1}{\376\377\000H\000i\000g\000g\000s\040\023\000R\000a\000d\000i\000o\000n\000\040\000M\000i\000x\000i\000n\000g\000\040\000a\000t\000\040\000=\000\040\0001\000/\0006}{section.4.16}% 301
\BOOKMARK [2][-]{subsection.4.16.2}{\376\377\000T\000h\000e\000\040\000C\000o\000n\000f\000o\000r\000m\000a\000l\000\040\000\050\000Z\000\051\000\040\000=\000\040\0001\000\040\000P\000r\000o\000p\000e\000r\000t\000y}{section.4.16}% 302
\BOOKMARK [2][-]{subsection.4.16.3}{\376\377\000C\000o\000u\000p\000l\000i\000n\000g\000\040\000M\000o\000d\000i\000f\000i\000e\000r\000s\000\040\000a\000n\000d\000\040\000t\000h\000e\000\040\000d\000\040\000>\000\040\000c\000\040\000D\000i\000a\000g\000n\000o\000s\000t\000i\000c}{section.4.16}% 303
\BOOKMARK [2][-]{subsection.4.16.4}{\376\377\000S\000e\000n\000s\000i\000t\000i\000v\000i\000t\000y\000\040\000A\000s\000s\000e\000s\000s\000m\000e\000n\000t}{section.4.16}% 304
\BOOKMARK [2][-]{subsection.4.16.5}{\376\377\000R\000a\000d\000i\000o\000n\000\040\000D\000i\000s\000c\000o\000v\000e\000r\000y\000\040\000S\000t\000r\000a\000t\000e\000g\000y}{section.4.16}% 305
\BOOKMARK [2][-]{subsection.4.16.6}{\376\377\000T\000h\000e\000\040\0001\0002\0000\000\040\000G\000e\000V\000\040\000R\000a\000d\000i\000o\000n\000:\000\040\000H\000L\000-\000L\000H\000C\000\040\000T\000e\000s\000t\000a\000b\000i\000l\000i\000t\000y}{section.4.16}% 306
\BOOKMARK [2][-]{subsection.4.16.7}{\376\377\000K\000a\000l\000u\000z\000a\040\023\000K\000l\000e\000i\000n\000\040\000T\000o\000w\000e\000r\000\040\000S\000p\000e\000c\000t\000r\000u\000m}{section.4.16}% 307
\BOOKMARK [1][-]{section.4.17}{\376\377\000G\000a\000u\000g\000e\000\040\000C\000o\000u\000p\000l\000i\000n\000g\000\040\000U\000n\000i\000f\000i\000c\000a\000t\000i\000o\000n\000:\000\040\000T\000e\000n\000s\000i\000o\000n\000\040\000a\000n\000d\000\040\000R\000e\000s\000o\000l\000u\000t\000i\000o\000n\000\040\000P\000a\000t\000h\000w\000a\000y\000s}{chapter.4}% 308
\BOOKMARK [2][-]{subsection.4.17.1}{\376\377\000T\000h\000e\000\040\000U\000n\000i\000f\000i\000c\000a\000t\000i\000o\000n\000\040\000T\000e\000n\000s\000i\000o\000n}{section.4.17}% 309
\BOOKMARK [2][-]{subsection.4.17.2}{\376\377\000R\000e\000s\000o\000l\000u\000t\000i\000o\000n\000\040\000P\000a\000t\000h\000w\000a\000y\000s}{section.4.17}% 310
\BOOKMARK [1][-]{section.4.18}{\376\377\000O\000r\000b\000i\000f\000o\000l\000d\000\040\000T\000h\000r\000e\000s\000h\000o\000l\000d\000\040\000C\000o\000r\000r\000e\000c\000t\000i\000o\000n\000s\000\040\000a\000n\000d\000\040\000t\000h\000e\000\040\0000\000.\0001\0008\000\045\000\040\000G\000a\000p}{chapter.4}% 311
\BOOKMARK [2][-]{subsection.4.18.1}{\376\377\000F\000o\000u\000r\000\040\000P\000r\000o\000t\000e\000c\000t\000i\000v\000e\000\040\000Z\000e\000r\000o\000s}{section.4.18}% 312
\BOOKMARK [2][-]{subsection.4.18.2}{\376\377\000T\000h\000e\000\040\000Q\000u\000a\000r\000t\000i\000c\000\040\000C\000a\000s\000i\000m\000i\000r\000\040\000T\000h\000e\000o\000r\000e\000m}{section.4.18}% 313
\BOOKMARK [2][-]{subsection.4.18.3}{\376\377\000T\000h\000e\000\040\000S\0003\000-\000B\000r\000e\000a\000k\000i\000n\000g\000\040\000T\000h\000e\000o\000r\000e\000m}{section.4.18}% 314
\BOOKMARK [2][-]{subsection.4.18.4}{\376\377\000T\000h\000e\000\040\000B\000l\000o\000w\000-\000U\000p\000\040\000T\000h\000r\000e\000s\000h\000o\000l\000d\000\040\000T\000h\000e\000o\000r\000e\000m}{section.4.18}% 315
\BOOKMARK [2][-]{subsection.4.18.5}{\376\377\000T\000h\000e\000\040\000A\000n\000a\000l\000y\000t\000i\000c\000a\000l\000\040\000R\000e\000s\000o\000l\000u\000t\000i\000o\000n}{section.4.18}% 316
\BOOKMARK [1][-]{section.4.19}{\376\377\000E\000x\000p\000e\000r\000i\000m\000e\000n\000t\000a\000l\000\040\000F\000o\000r\000e\000c\000a\000s\000t\000:\000\040\000N\000e\000u\000t\000r\000i\000n\000o\000\040\000P\000h\000y\000s\000i\000c\000s}{chapter.4}% 317
\BOOKMARK [1][-]{section.4.20}{\376\377\000D\000i\000s\000c\000u\000s\000s\000i\000o\000n\000\040\000a\000n\000d\000\040\000C\000o\000n\000c\000l\000u\000s\000i\000o\000n\000s}{chapter.4}% 318
\BOOKMARK [2][-]{subsection.4.20.1}{\376\377\000S\000u\000m\000m\000a\000r\000y\000\040\000o\000f\000\040\000R\000e\000s\000u\000l\000t\000s}{section.4.20}% 319
\BOOKMARK [2][-]{subsection.4.20.2}{\376\377\000R\000e\000l\000a\000t\000i\000o\000n\000\040\000t\000o\000\040\000O\000t\000h\000e\000r\000\040\000P\000a\000p\000e\000r\000s\000\040\000i\000n\000\040\000t\000h\000e\000\040\000S\000e\000r\000i\000e\000s}{section.4.20}% 320
\BOOKMARK [2][-]{subsection.4.20.3}{\376\377\000C\000P\000\040\000V\000i\000o\000l\000a\000t\000i\000o\000n\000\040\000f\000r\000o\000m\000\040\000B\000r\000a\000n\000e\000-\000L\000o\000c\000a\000l\000i\000s\000e\000d\000\040\000Y\000u\000k\000a\000w\000a\000\040\000C\000o\000u\000p\000l\000i\000n\000g\000s}{section.4.20}% 321
\BOOKMARK [2][-]{subsection.4.20.4}{\376\377\000S\000t\000r\000o\000n\000g\000\040\000C\000P\000\040\000P\000r\000o\000b\000l\000e\000m\000:\000\040\000G\000e\000o\000m\000e\000t\000r\000i\000c\000\040\000R\000e\000s\000o\000l\000u\000t\000i\000o\000n}{section.4.20}% 322
\BOOKMARK [2][-]{subsection.4.20.5}{\376\377\000B\000r\000a\000n\000e\000\040\000P\000a\000r\000a\000m\000e\000t\000e\000r\000\040\000D\000e\000t\000e\000r\000m\000i\000n\000a\000t\000i\000o\000n\000:\000\040\000F\000i\000r\000s\000t\000-\000P\000r\000i\000n\000c\000i\000p\000l\000e\000s\000\040\000P\000r\000e\000d\000i\000c\000t\000i\000o\000n\000\040\000o\000f\000\040\000z\000e\000t\000a\0000}{section.4.20}% 323
\BOOKMARK [2][-]{subsection.4.20.6}{\376\377\000O\000p\000e\000n\000\040\000P\000r\000o\000b\000l\000e\000m\000s}{section.4.20}% 324
\BOOKMARK [1][-]{Item.202}{\376\377\000A\000c\000k\000n\000o\000w\000l\000e\000d\000g\000m\000e\000n\000t\000s}{chapter.4}% 325
\BOOKMARK [0][-]{chapter.5}{\376\377\000T\000h\000e\000\040\000S\000o\000u\000n\000d\000\040\000S\000p\000e\000e\000d\000\040\000o\000f\000\040\000D\000a\000r\000k\000\040\000E\000n\000e\000r\000g\000y}{}% 326
\BOOKMARK [1][-]{section.5.1}{\376\377\000I\000n\000t\000r\000o\000d\000u\000c\000t\000i\000o\000n}{chapter.5}% 327
\BOOKMARK [1][-]{section.5.2}{\376\377\000D\000e\000r\000i\000v\000a\000t\000i\000o\000n}{chapter.5}% 328
\BOOKMARK [2][-]{subsection.5.2.1}{\376\377\000T\000h\000e\000\040\000C\000o\000r\000r\000e\000c\000t\000e\000d\000\040\000K\000i\000n\000e\000t\000i\000c\000\040\000F\000u\000n\000c\000t\000i\000o\000n}{section.5.2}% 329
\BOOKMARK [2][-]{subsection.5.2.2}{\376\377\000S\000o\000u\000n\000d\000\040\000S\000p\000e\000e\000d\000\040\000C\000o\000m\000p\000u\000t\000a\000t\000i\000o\000n}{section.5.2}% 330
\BOOKMARK [2][-]{subsection.5.2.3}{\376\377\000E\000v\000a\000l\000u\000a\000t\000i\000n\000g\000\040\000o\000n\000\040\000t\000h\000e\000\040\000F\000r\000i\000e\000d\000m\000a\000n\000n\040\023\000R\000o\000b\000e\000r\000t\000s\000o\000n\040\023\000W\000a\000l\000k\000e\000r\000\040\000\050\000F\000R\000W\000\051\000\040\000B\000a\000c\000k\000g\000r\000o\000u\000n\000d}{section.5.2}% 331
\BOOKMARK [2][-]{subsection.5.2.4}{\376\377\000U\000n\000c\000e\000r\000t\000a\000i\000n\000t\000y\000\040\000B\000u\000d\000g\000e\000t}{section.5.2}% 332
\BOOKMARK [1][-]{section.5.3}{\376\377\000P\000h\000y\000s\000i\000c\000a\000l\000\040\000I\000n\000t\000e\000r\000p\000r\000e\000t\000a\000t\000i\000o\000n}{chapter.5}% 333
\BOOKMARK [2][-]{subsection.5.3.1}{\376\377\000F\000r\000o\000m\000\040\000I\000n\000f\000i\000n\000i\000t\000e\000\040\000t\000o\000\040\000F\000i\000n\000i\000t\000e\000\040\000S\000o\000u\000n\000d\000\040\000S\000p\000e\000e\000d}{section.5.3}% 334
\BOOKMARK [2][-]{subsection.5.3.2}{\376\377\000U\000V\000\040\000C\000o\000m\000p\000l\000e\000t\000i\000o\000n\000\040\000a\000n\000d\000\040\000t\000h\000e\000\040\000A\000d\000a\000m\000s\000\040\000e\000t\000\040\000a\000l\000.\000\040\000O\000b\000s\000t\000r\000u\000c\000t\000i\000o\000n}{section.5.3}% 335
\BOOKMARK [2][-]{subsection.5.3.3}{\376\377\000C\000a\000u\000s\000a\000l\000i\000t\000y\000\040\000a\000n\000d\000\040\000S\000u\000p\000e\000r\000l\000u\000m\000i\000n\000a\000l\000\040\000P\000r\000o\000p\000a\000g\000a\000t\000i\000o\000n}{section.5.3}% 336
\BOOKMARK [2][-]{subsection.5.3.4}{\376\377\000G\000h\000o\000s\000t\000-\000F\000r\000e\000e\000d\000o\000m}{section.5.3}% 337
\BOOKMARK [1][-]{section.5.4}{\376\377\000O\000b\000s\000e\000r\000v\000a\000t\000i\000o\000n\000a\000l\000\040\000S\000i\000g\000n\000a\000t\000u\000r\000e\000s}{chapter.5}% 338
\BOOKMARK [2][-]{subsection.5.4.1}{\376\377\000D\000a\000r\000k\000\040\000E\000n\000e\000r\000g\000y\000\040\000C\000l\000u\000s\000t\000e\000r\000i\000n\000g\000:\000\040\000A\000b\000s\000e\000n\000c\000e\000\040\000a\000s\000\040\000S\000i\000g\000n\000a\000l}{section.5.4}% 339
\BOOKMARK [2][-]{subsection.5.4.2}{\376\377\000I\000S\000W\000-\000L\000e\000n\000s\000i\000n\000g\000\040\000C\000r\000o\000s\000s\000-\000C\000o\000r\000r\000e\000l\000a\000t\000i\000o\000n}{section.5.4}% 340
\BOOKMARK [2][-]{subsection.5.4.3}{\376\377\000P\000e\000r\000t\000u\000r\000b\000a\000t\000i\000o\000n\000\040\000G\000r\000o\000w\000t\000h\000\040\000a\000t\000\040\000H\000o\000r\000i\000z\000o\000n\000\040\000S\000c\000a\000l\000e\000s}{section.5.4}% 341
\BOOKMARK [2][-]{subsection.5.4.4}{\376\377\000G\000r\000a\000v\000i\000t\000a\000t\000i\000o\000n\000a\000l\000\040\000W\000a\000v\000e\000\040\000D\000i\000s\000p\000e\000r\000s\000i\000o\000n}{section.5.4}% 342
\BOOKMARK [1][-]{section.5.5}{\376\377\000C\000o\000m\000p\000a\000r\000i\000s\000o\000n\000\040\000t\000o\000\040\000O\000t\000h\000e\000r\000\040\000D\000a\000r\000k\000\040\000E\000n\000e\000r\000g\000y\000\040\000M\000o\000d\000e\000l\000s}{chapter.5}% 343
\BOOKMARK [2][-]{subsection.5.5.1}{\376\377\000S\000o\000u\000n\000d\000\040\000S\000p\000e\000e\000d\000\040\000L\000a\000n\000d\000s\000c\000a\000p\000e}{section.5.5}% 344
\BOOKMARK [2][-]{subsection.5.5.2}{\376\377\000C\000o\000m\000p\000a\000r\000i\000s\000o\000n\000\040\000w\000i\000t\000h\000\040\000O\000t\000h\000e\000r\000\040\000S\000u\000p\000e\000r\000l\000u\000m\000i\000n\000a\000l\000\040\000D\000a\000r\000k\000\040\000E\000n\000e\000r\000g\000y\000\040\000M\000o\000d\000e\000l\000s}{section.5.5}% 345
\BOOKMARK [2][-]{subsection.5.5.3}{\376\377\000I\000m\000p\000l\000i\000c\000a\000t\000i\000o\000n\000s\000\040\000f\000o\000r\000\040\000S\000c\000a\000l\000a\000r\000\040\000R\000e\000s\000p\000o\000n\000s\000e\000\040\000C\000h\000a\000n\000n\000e\000l\000s}{section.5.5}% 346
\BOOKMARK [2][-]{subsection.5.5.4}{\376\377\000T\000h\000e\000\040\000D\000i\000s\000c\000r\000i\000m\000i\000n\000a\000t\000i\000n\000g\000\040\000P\000o\000w\000e\000r\000\040\000o\000f\000\040\000c\000s}{section.5.5}% 347
\BOOKMARK [1][-]{section.5.6}{\376\377\000D\000e\000t\000e\000c\000t\000i\000o\000n\000\040\000P\000r\000o\000s\000p\000e\000c\000t\000s}{chapter.5}% 348
\BOOKMARK [2][-]{subsection.5.6.1}{\376\377\000D\000i\000r\000e\000c\000t\000\040\000c\000s\000\040\000M\000e\000a\000s\000u\000r\000e\000m\000e\000n\000t\000\040\000R\000e\000q\000u\000i\000r\000e\000m\000e\000n\000t\000s}{section.5.6}% 349
\BOOKMARK [2][-]{subsection.5.6.2}{\376\377\000I\000n\000d\000i\000r\000e\000c\000t\000\040\000C\000o\000n\000s\000t\000r\000a\000i\000n\000t\000s}{section.5.6}% 350
\BOOKMARK [2][-]{subsection.5.6.3}{\376\377\000F\000u\000t\000u\000r\000e\000\040\000D\000i\000s\000c\000r\000i\000m\000i\000n\000a\000t\000i\000n\000g\000\040\000O\000b\000s\000e\000r\000v\000a\000t\000i\000o\000n\000s}{section.5.6}% 351
\BOOKMARK [2][-]{subsection.5.6.4}{\376\377\000S\000u\000m\000m\000a\000r\000y\000\040\000o\000f\000\040\000D\000e\000t\000e\000c\000t\000i\000o\000n\000\040\000F\000e\000a\000s\000i\000b\000i\000l\000i\000t\000y}{section.5.6}% 352
\BOOKMARK [1][-]{section.5.7}{\376\377\000C\000o\000n\000c\000l\000u\000s\000i\000o\000n\000s}{chapter.5}% 353
\BOOKMARK [0][-]{appendix.A}{\376\377\000C\000o\000m\000p\000u\000t\000a\000t\000i\000o\000n\000a\000l\000\040\000S\000u\000p\000p\000l\000e\000m\000e\000n\000t\000s}{}% 354
\BOOKMARK [1][-]{section.A.1}{\376\377\000S\000e\000l\000f\000-\000T\000u\000n\000i\000n\000g\000\040\000D\000e\000m\000o\000n\000s\000t\000r\000a\000t\000i\000o\000n}{appendix.A}% 355
\BOOKMARK [2][-]{subsection.A.1.1}{\376\377\000P\000h\000y\000s\000i\000c\000a\000l\000\040\000P\000a\000r\000a\000m\000e\000t\000e\000r\000s}{section.A.1}% 356
\BOOKMARK [2][-]{subsection.A.1.2}{\376\377\000A\000l\000g\000e\000b\000r\000a\000i\000c\000\040\000S\000e\000l\000f\000-\000T\000u\000n\000i\000n\000g\000\040\000\050\000M\000e\000t\000h\000o\000d\000\040\0001\000\051}{section.A.1}% 357
\BOOKMARK [2][-]{subsection.A.1.3}{\376\377\000N\000u\000m\000e\000r\000i\000c\000a\000l\000\040\000S\000e\000l\000f\000-\000T\000u\000n\000i\000n\000g\000\040\000S\000c\000a\000n\000\040\000\050\000M\000e\000t\000h\000o\000d\000\040\0002\000\051}{section.A.1}% 358
\BOOKMARK [2][-]{subsection.A.1.4}{\376\377\000P\000e\000r\000t\000u\000r\000b\000a\000t\000i\000v\000e\000\040\000S\000t\000a\000b\000i\000l\000i\000t\000y\000\040\000\050\000M\000e\000t\000h\000o\000d\000\040\0003\000\051}{section.A.1}% 359
\BOOKMARK [2][-]{subsection.A.1.5}{\376\377\000T\000h\000r\000e\000e\000-\000L\000a\000y\000e\000r\000\040\000S\000e\000l\000f\000-\000T\000u\000n\000i\000n\000g\000\040\000A\000r\000c\000h\000i\000t\000e\000c\000t\000u\000r\000e}{section.A.1}% 360
\BOOKMARK [2][-]{subsection.A.1.6}{\376\377\000B\000a\000c\000k\000g\000r\000o\000u\000n\000d\000\040\000S\000o\000l\000u\000t\000i\000o\000n\000\040\000R\000e\000g\000u\000l\000a\000r\000i\000t\000y}{section.A.1}% 361
\BOOKMARK [1][-]{section.A.2}{\376\377\000C\000o\000n\000f\000o\000r\000m\000a\000l\000\040\000C\000o\000u\000p\000l\000i\000n\000g\000\040\000D\000e\000r\000i\000v\000a\000t\000i\000o\000n}{appendix.A}% 362
\BOOKMARK [2][-]{subsection.A.2.1}{\376\377\000T\000h\000r\000e\000e\000\040\000C\000o\000m\000p\000l\000e\000m\000e\000n\000t\000a\000r\000y\000\040\000P\000e\000r\000s\000p\000e\000c\000t\000i\000v\000e\000s\000\040\000o\000n\000\040\000=\000\040\0001\000/\0006}{section.A.2}% 363
\BOOKMARK [2][-]{subsection.A.2.2}{\376\377\000S\000e\000n\000s\000i\000t\000i\000v\000i\000t\000y\000\040\000o\000f\000\040\000w\0000\000\040\000t\000o\000\040}{section.A.2}% 364
\BOOKMARK [2][-]{subsection.A.2.3}{\376\377\000B\000a\000c\000k\000r\000e\000a\000c\000t\000i\000o\000n\000\040\000C\000o\000r\000r\000e\000c\000t\000i\000o\000n}{section.A.2}% 365
\BOOKMARK [1][-]{section.A.3}{\376\377\000R\000a\000d\000i\000o\000n\000\040\000S\000t\000a\000b\000i\000l\000i\000z\000a\000t\000i\000o\000n}{appendix.A}% 366
\BOOKMARK [2][-]{subsection.A.3.1}{\376\377\000T\000h\000e\000\040\000I\000R\000\040\000M\000i\000s\000m\000a\000t\000c\000h\000\040\000F\000u\000n\000c\000t\000i\000o\000n\000\040\000M\000\050\000y\000c\000\051}{section.A.3}% 367
\BOOKMARK [2][-]{subsection.A.3.2}{\376\377\000C\000l\000o\000s\000e\000d\000-\000F\000o\000r\000m\000\040\000E\000x\000p\000r\000e\000s\000s\000i\000o\000n\000\040\000f\000o\000r\000\040\000M\0001\000\050\000y\000c\000\051}{section.A.3}% 368
\BOOKMARK [2][-]{subsection.A.3.3}{\376\377\000S\000t\000a\000b\000i\000l\000i\000t\000y\000:\000\040\000V\000'\000'\000r\000a\000d\000\040\000>\000\040\0000}{section.A.3}% 369
\BOOKMARK [2][-]{subsection.A.3.4}{\376\377\000R\000a\000d\000i\000o\000n\000\040\000M\000a\000s\000s\000\040\000E\000s\000t\000i\000m\000a\000t\000e}{section.A.3}% 370
\BOOKMARK [2][-]{subsection.A.3.5}{\376\377\000C\000o\000m\000p\000a\000r\000i\000s\000o\000n\000\040\000w\000i\000t\000h\000\040\000G\000o\000l\000d\000b\000e\000r\000g\000e\000r\040\023\000W\000i\000s\000e}{section.A.3}% 371
\BOOKMARK [1][-]{section.A.4}{\376\377\000C\000h\000i\000-\000S\000q\000u\000a\000r\000e\000d\000\040\000M\000o\000n\000t\000e\000\040\000C\000a\000r\000l\000o\000\040\000A\000n\000a\000l\000y\000s\000i\000s}{appendix.A}% 372
\BOOKMARK [2][-]{subsection.A.4.1}{\376\377\000E\000x\000a\000c\000t\000\040\0002\000\040\000D\000i\000s\000t\000r\000i\000b\000u\000t\000i\000o\000n}{section.A.4}% 373
\BOOKMARK [2][-]{subsection.A.4.2}{\376\377\000M\000o\000n\000t\000e\000\040\000C\000a\000r\000l\000o\000\040\000S\000i\000m\000u\000l\000a\000t\000i\000o\000n}{section.A.4}% 374
\BOOKMARK [2][-]{subsection.A.4.3}{\376\377\000S\000m\000a\000l\000l\000-\000S\000a\000m\000p\000l\000e\000-\000S\000i\000z\000e\000\040\000E\000f\000f\000e\000c\000t}{section.A.4}% 375
\BOOKMARK [2][-]{subsection.A.4.4}{\376\377\000C\000D\000M\000\040\000C\000o\000m\000p\000a\000r\000i\000s\000o\000n\000\040\000a\000n\000d\000\040\000F\000-\000T\000e\000s\000t}{section.A.4}% 376
\BOOKMARK [1][-]{section.A.5}{\376\377\000H\000u\000b\000b\000l\000e\040\023\000K\000r\000i\000s\000t\000i\000a\000n\000\040\000D\000a\000t\000a\000s\000e\000t}{appendix.A}% 377
\BOOKMARK [2][-]{subsection.A.5.1}{\376\377\000C\000o\000v\000a\000r\000i\000a\000n\000c\000e\000\040\000S\000t\000r\000u\000c\000t\000u\000r\000e}{section.A.5}% 378
\BOOKMARK [2][-]{subsection.A.5.2}{\376\377\000F\000i\000t\000\040\000R\000e\000s\000u\000l\000t\000s}{section.A.5}% 379
\BOOKMARK [2][-]{subsection.A.5.3}{\376\377\000M\000e\000t\000h\000o\000d\000o\000l\000o\000g\000y}{section.A.5}% 380
\BOOKMARK [1][-]{section.A.6}{\376\377\000S\000u\000p\000p\000l\000e\000m\000e\000n\000t\000a\000r\000y\000\040\000C\000o\000m\000p\000u\000t\000a\000t\000i\000o\000n\000s}{appendix.A}% 381
\BOOKMARK [2][-]{subsection.A.6.1}{\376\377\000N\000u\000m\000e\000r\000i\000c\000a\000l\000\040\0001\000\040\000f\000r\000o\000m\000\040\000F\000u\000l\000l\000\040\000K\000K\000\040\000R\000e\000d\000u\000c\000t\000i\000o\000n}{section.A.6}% 382
\BOOKMARK [2][-]{subsection.A.6.2}{\376\377\000N\000C\000G\000\040\000C\000o\000e\000f\000f\000i\000c\000i\000e\000n\000t\000\040\000w\000i\000t\000h\000\040\000S\000t\000a\000n\000d\000a\000r\000d\000\040\000M\000o\000d\000e\000l\000\040\000C\000o\000n\000t\000e\000n\000t}{section.A.6}% 383
\BOOKMARK [2][-]{subsection.A.6.3}{\376\377\000T\000h\000e\000\040\000C\000o\000i\000n\000c\000i\000d\000e\000n\000c\000e\000\040\000P\000r\000o\000b\000l\000e\000m\000\040\040\024\000\040\000Q\000u\000a\000n\000t\000i\000t\000a\000t\000i\000v\000e\000\040\000A\000n\000a\000l\000y\000s\000i\000s}{section.A.6}% 384
\BOOKMARK [2][-]{subsection.A.6.4}{\376\377\000C\000u\000s\000c\000u\000t\000o\000n\000\040\000Q\000u\000a\000n\000t\000i\000s\000a\000t\000i\000o\000n}{section.A.6}% 385
\BOOKMARK [2][-]{subsection.A.6.5}{\376\377\000R\000a\000d\000i\000o\000n\000\040\000S\000t\000a\000b\000i\000l\000i\000t\000y\000\040\000P\000r\000o\000o\000f}{section.A.6}% 386
\BOOKMARK [2][-]{subsection.A.6.6}{\376\377\000E\000x\000p\000l\000i\000c\000i\000t\000\040\000E\000q\000.\000\040\0008\0002\000\040\000\040\0008\0003\000a\000\040\000D\000e\000r\000i\000v\000a\000t\000i\000o\000n\000\040\000C\000h\000a\000i\000n}{section.A.6}% 387
\BOOKMARK [2][-]{subsection.A.6.7}{\376\377\0000\000\040\000I\000n\000d\000e\000p\000e\000n\000d\000e\000n\000t\000\040\000V\000a\000l\000i\000d\000a\000t\000i\000o\000n}{section.A.6}% 388
\BOOKMARK [2][-]{subsection.A.6.8}{\376\377\000O\000p\000e\000n\000\040\000C\000h\000a\000n\000n\000e\000l\000\040\000A\000s\000s\000e\000s\000s\000m\000e\000n\000t}{section.A.6}% 389
\BOOKMARK [2][-]{subsection.A.6.9}{\376\377\000R\000e\000f\000e\000r\000e\000e\000-\000P\000r\000o\000o\000f\000i\000n\000g\000\040\000P\000a\000s\000s}{section.A.6}% 390
\BOOKMARK [2][-]{subsection.A.6.10}{\376\377\000S\000e\000l\000f\000-\000T\000u\000n\000i\000n\000g\000\040\000N\000o\000-\000G\000o\000\040\000C\000o\000n\000f\000r\000o\000n\000t\000a\000t\000i\000o\000n}{section.A.6}% 391
\BOOKMARK [2][-]{subsection.A.6.11}{\376\377\000S\000u\000m\000m\000a\000r\000y\000\040\000o\000f\000\040\000S\000u\000p\000p\000l\000e\000m\000e\000n\000t\000a\000r\000y\000\040\000R\000e\000s\000u\000l\000t\000s}{section.A.6}% 392
\BOOKMARK [2][-]{subsection.A.6.12}{\376\377\000B\000r\000a\000n\000e\000\040\000P\000a\000r\000a\000m\000e\000t\000e\000r\000\040\000C\000o\000n\000v\000e\000r\000g\000e\000n\000c\000e\000\040\040\024\000\040\000T\000h\000r\000e\000e\000\040\000I\000n\000d\000e\000p\000e\000n\000d\000e\000n\000t\000\040\000C\000h\000a\000n\000n\000e\000l\000s}{section.A.6}% 393
\BOOKMARK [1][-]{section.A.7}{\376\377\000O\000r\000b\000i\000f\000o\000l\000d\000\040\000G\000a\000p\000\040\000R\000e\000s\000o\000l\000u\000t\000i\000o\000n\000:\000\040\000D\000e\000t\000a\000i\000l\000e\000d\000\040\000C\000o\000m\000p\000u\000t\000a\000t\000i\000o\000n}{appendix.A}% 394
\BOOKMARK [2][-]{subsection.A.7.1}{\376\377\000T\000h\000e\000t\000a\000\040\000F\000u\000n\000c\000t\000i\000o\000n\000\040\000E\000v\000a\000l\000u\000a\000t\000i\000o\000n}{section.A.7}% 395
\BOOKMARK [2][-]{subsection.A.7.2}{\376\377\000D\000K\000L\000\040\000T\000r\000a\000c\000e\000s\000\040\000b\000y\000\040\000F\000i\000x\000e\000d\000\040\000P\000o\000i\000n\000t\000\040\000C\000l\000a\000s\000s}{section.A.7}% 396
\BOOKMARK [2][-]{subsection.A.7.3}{\376\377\000A\000n\000o\000m\000a\000l\000y\000\040\000C\000o\000e\000f\000f\000i\000c\000i\000e\000n\000t\000\040\000a\000n\000d\000\040\000B\000l\000o\000w\000-\000U\000p\000\040\000V\000E\000V}{section.A.7}% 397
\BOOKMARK [2][-]{subsection.A.7.4}{\376\377\000V\000e\000r\000i\000f\000i\000c\000a\000t\000i\000o\000n}{section.A.7}% 398
\BOOKMARK [1][-]{section.A.8}{\376\377\000O\000n\000e\000-\000L\000o\000o\000p\000\040\000R\000a\000d\000i\000a\000t\000i\000v\000e\000\040\000S\000t\000a\000b\000i\000l\000i\000t\000y}{appendix.A}% 399
\BOOKMARK [2][-]{subsection.A.8.1}{\376\377\000R\000a\000d\000i\000a\000t\000i\000v\000e\000\040\000S\000t\000a\000b\000i\000l\000i\000t\000y\000\040\000o\000f\000\040\000t\000h\000e\000\040\000L\000i\000n\000e\000a\000r\000\040\000T\000a\000d\000p\000o\000l\000e}{section.A.8}% 400
\BOOKMARK [1][-]{section.A.9}{\376\377\000S\000u\000p\000p\000l\000e\000m\000e\000n\000t\000a\000r\000y\000\040\000N\000o\000t\000e\000s}{appendix.A}% 401
\BOOKMARK [2][-]{subsection.A.9.1}{\376\377\000E\000F\000T\000\040\000C\000u\000t\000o\000f\000f\000\040\000A\000m\000b\000i\000g\000u\000i\000t\000y\000\040\000i\000n\000\040\000P\000o\000s\000i\000t\000i\000v\000i\000t\000y\000\040\000B\000o\000u\000n\000d\000s}{section.A.9}% 402
\BOOKMARK [2][-]{subsection.A.9.2}{\376\377\000F\000i\000r\000s\000t\000-\000O\000r\000d\000e\000r\000\040\000P\000h\000a\000s\000e\000\040\000T\000r\000a\000n\000s\000i\000t\000i\000o\000n\000:\000\040\000T\000h\000e\000\040\000D\000e\000b\000a\000t\000e}{section.A.9}% 403
\BOOKMARK [2][-]{subsection.A.9.3}{\376\377\000A\000s\000y\000m\000p\000t\000o\000t\000i\000c\000\040\000S\000a\000f\000e\000t\000y\000\040\000a\000n\000d\000\040\000=\000\040\0001\000/\0006\000:\000\040\000T\000h\000e\000\040\000E\000i\000c\000h\000h\000o\000r\000n\040\023\000P\000a\000u\000l\000y\000\040\000R\000e\000s\000u\000l\000t}{section.A.9}% 404
\BOOKMARK [2][-]{subsection.A.9.4}{\376\377\000C\000o\000d\000e\000\040\000A\000v\000a\000i\000l\000a\000b\000i\000l\000i\000t\000y\000\040\000a\000n\000d\000\040\000R\000e\000p\000r\000o\000d\000u\000c\000i\000b\000i\000l\000i\000t\000y}{section.A.9}% 405
\BOOKMARK [0][-]{appendix.B}{\376\377\000P\000r\000e\000d\000i\000c\000t\000i\000o\000n\000\040\000R\000e\000g\000i\000s\000t\000r\000y}{}% 406
\BOOKMARK [1][-]{section.B.1}{\376\377\000S\000t\000r\000u\000c\000t\000u\000r\000a\000l\000\040\000P\000r\000e\000d\000i\000c\000t\000i\000o\000n\000s\000\040\000\050\0000\000-\000I\000n\000d\000e\000p\000e\000n\000d\000e\000n\000t\000\051}{appendix.B}% 407
\BOOKMARK [1][-]{section.B.2}{\376\377\000P\000a\000r\000a\000m\000e\000t\000r\000i\000c\000\040\000P\000r\000e\000d\000i\000c\000t\000i\000o\000n\000s}{appendix.B}% 408
\BOOKMARK [1][-]{section.B.3}{\376\377\000D\000i\000s\000c\000r\000i\000m\000i\000n\000a\000t\000i\000o\000n\000\040\000T\000i\000m\000e\000l\000i\000n\000e}{appendix.B}% 409
\BOOKMARK [1][-]{section.B.4}{\376\377\000F\000a\000l\000s\000i\000f\000i\000c\000a\000t\000i\000o\000n\000\040\000S\000u\000r\000f\000a\000c\000e}{appendix.B}% 410
\BOOKMARK [0][-]{appendix.C}{\376\377\000C\000o\000d\000e\000\040\000R\000e\000f\000e\000r\000e\000n\000c\000e}{}% 411
\BOOKMARK [0][-]{appendix.D}{\376\377\000C\000a\000n\000o\000n\000i\000c\000a\000l\000\040\000V\000a\000l\000u\000e\000s}{}% 412
\BOOKMARK [1][-]{section.D.1}{\376\377\000T\000i\000e\000r\000\040\0001\000:\000\040\000S\000t\000r\000u\000c\000t\000u\000r\000e\000-\000D\000e\000t\000e\000r\000m\000i\000n\000e\000d}{appendix.D}% 413
\BOOKMARK [1][-]{section.D.2}{\376\377\000T\000i\000e\000r\000\040\0002\000:\000\040\000P\000a\000r\000a\000m\000e\000t\000r\000i\000c}{appendix.D}% 414
\BOOKMARK [1][-]{section.D.3}{\376\377\000T\000i\000e\000r\000\040\0003\000:\000\040\000D\000a\000t\000a\000-\000C\000o\000n\000s\000t\000r\000a\000i\000n\000e\000d}{appendix.D}% 415
\BOOKMARK [1][-]{section.D.4}{\376\377\000T\000h\000e\000\040\000G\000o\000l\000d\000b\000e\000r\000g\000e\000r\040\023\000W\000i\000s\000e\000\040\000R\000e\000s\000u\000l\000t}{appendix.D}% 416
\BOOKMARK [0][-]{appendix.E}{\376\377\000T\000h\000e\000\040\000G\000o\000l\000d\000b\000e\000r\000g\000e\000r\040\023\000W\000i\000s\000e\000\040\000C\000o\000m\000p\000u\000t\000a\000t\000i\000o\000n}{}% 417
\BOOKMARK [1][-]{section.E.1}{\376\377\000T\000h\000e\000\040\000D\000e\000r\000i\000v\000a\000t\000i\000o\000n\000\040\000C\000h\000a\000i\000n}{appendix.E}% 418
\BOOKMARK [1][-]{section.E.2}{\376\377\000W\000h\000y\000\040\000\040\000I\000s\000\040\000G\000e\000n\000u\000i\000n\000e\000l\000y\000\040\000E\000x\000t\000e\000r\000n\000a\000l}{appendix.E}% 419
\BOOKMARK [1][-]{section.E.3}{\376\377\000I\000m\000p\000l\000i\000c\000a\000t\000i\000o\000n\000s}{appendix.E}% 420
\BOOKMARK [0][-]{appendix*.7}{\376\377\000B\000i\000b\000l\000i\000o\000g\000r\000a\000p\000h\000y}{}% 421
