\BOOKMARK [0][-]{chapter*.1}{\376\377\000A\000b\000o\000u\000t\000\040\000t\000h\000i\000s\000\040\000v\000o\000l\000u\000m\000e}{}% 1
\BOOKMARK [1][-]{section.0.1}{\376\377\000S\000c\000o\000p\000e}{chapter*.1}% 2
\BOOKMARK [1][-]{section.0.2}{\376\377\000R\000e\000l\000a\000t\000i\000o\000n\000s\000h\000i\000p\000\040\000t\000o\000\040\000T\000h\000e\000\040\000C\000o\000h\000e\000r\000e\000n\000c\000e\000\040\000P\000r\000i\000n\000c\000i\000p\000l\000e}{chapter*.1}% 3
\BOOKMARK [1][-]{section.0.3}{\376\377\000M\000e\000t\000h\000o\000d}{chapter*.1}% 4
\BOOKMARK [1][-]{section.0.4}{\376\377\000A\000u\000d\000i\000e\000n\000c\000e}{chapter*.1}% 5
\BOOKMARK [0][-]{chapter.1}{\376\377\000P\000r\000e\000f\000a\000c\000e}{}% 6
\BOOKMARK [1][-]{section.1.1}{\376\377\000W\000h\000a\000t\000\040\000t\000h\000i\000s\000\040\000v\000o\000l\000u\000m\000e\000\040\000i\000s}{chapter.1}% 7
\BOOKMARK [1][-]{section.1.2}{\376\377\000W\000h\000a\000t\000\040\000t\000h\000i\000s\000\040\000v\000o\000l\000u\000m\000e\000\040\000i\000s\000\040\000n\000o\000t}{chapter.1}% 8
\BOOKMARK [1][-]{section.1.3}{\376\377\000H\000o\000w\000\040\000t\000o\000\040\000r\000e\000a\000d\000\040\000t\000h\000i\000s\000\040\000v\000o\000l\000u\000m\000e}{chapter.1}% 9
\BOOKMARK [1][-]{section.1.4}{\376\377\000E\000d\000i\000t\000o\000r\000i\000a\000l\000\040\000p\000o\000s\000t\000u\000r\000e}{chapter.1}% 10
\BOOKMARK [1][-]{section.1.5}{\376\377\000S\000u\000r\000f\000a\000c\000e\000d\000-\000l\000e\000m\000m\000a\000\040\000f\000l\000a\000g\000s}{chapter.1}% 11
\BOOKMARK [1][-]{section.1.6}{\376\377\000S\000t\000r\000u\000c\000t\000u\000r\000e}{chapter.1}% 12
\BOOKMARK [1][-]{section.1.7}{\376\377\000A\000\040\000n\000o\000t\000e\000\040\000o\000n\000\040\000t\000h\000e\000\040\000t\000w\000o\000\040\000v\000o\000l\000u\000m\000e\000s\000\040\000a\000s\000\040\000o\000n\000e\000\040\000o\000b\000j\000e\000c\000t}{chapter.1}% 13
\BOOKMARK [0][-]{chapter.2}{\376\377\000\247\0001\000\040\040\024\000\040\000C\000a\000t\000e\000g\000o\000r\000y\000\040\000f\000r\000a\000m\000e\000w\000o\000r\000k\000\040\000a\000n\000d\000\040\000n\000o\000t\000a\000t\000i\000o\000n}{}% 14
\BOOKMARK [1][-]{section.2.1}{\376\377\000\247\0001\000.\0000\000\040\040\024\000\040\000R\000e\000a\000d\000i\000n\000g\000\040\000t\000h\000i\000s\000\040\000c\000h\000a\000p\000t\000e\000r}{chapter.2}% 15
\BOOKMARK [1][-]{section.2.2}{\376\377\000\247\0001\000.\0001\000\040\040\024\000\040\000A\000m\000b\000i\000e\000n\000t\000\040\000c\000o\000n\000v\000e\000n\000t\000i\000o\000n\000s}{chapter.2}% 16
\BOOKMARK [1][-]{section.2.3}{\376\377\000\247\0001\000.\0002\000\040\040\024\000\040\000T\000h\000e\000\040\000a\000m\000b\000i\000e\000n\000t\000\040\000c\000a\000t\000e\000g\000o\000r\000y\000\040\000a\000n\000d\000\040\000s\000u\000b\000-\000c\000a\000t\000e\000g\000o\000r\000i\000e\000s}{chapter.2}% 17
\BOOKMARK [2][-]{subsection.2.3.1}{\376\377\000\247\0001\000.\0002\000.\0001\000\040\040\024\000\040\330\065\334\236\000\137\000S\000t\000r\000e\000a\000m\000s}{section.2.3}% 18
\BOOKMARK [2][-]{subsection.2.3.2}{\376\377\000\247\0001\000.\0002\000.\0002\000\040\040\024\000\040\330\065\334\236\000\137\000F\000o\000r\000m}{section.2.3}% 19
\BOOKMARK [2][-]{subsection.2.3.3}{\376\377\000\247\0001\000.\0002\000.\0003\000\040\040\024\000\040\330\065\334\236\000\137\000L\000D\000S}{section.2.3}% 20
\BOOKMARK [2][-]{subsection.2.3.4}{\376\377\000\247\0001\000.\0002\000.\0004\000\040\040\024\000\040\330\065\334\236\000\137\000D\000O\000F}{section.2.3}% 21
\BOOKMARK [2][-]{subsection.2.3.5}{\376\377\000\247\0001\000.\0002\000.\0005\000\040\040\024\000\040\330\065\334\236\000\137\000T\000r\000i\000p\000l\000e}{section.2.3}% 22
\BOOKMARK [1][-]{section.2.4}{\376\377\000\247\0001\000.\0003\000\040\040\024\000\040\000T\000h\000e\000\040\000n\000a\000v\000i\000g\000a\000t\000i\000o\000n\000\040\000f\000u\000n\000c\000t\000o\000r\000\040\000N}{chapter.2}% 23
\BOOKMARK [1][-]{section.2.5}{\376\377\000\247\0001\000.\0004\000\040\040\024\000\040\000T\000h\000e\000\040\000c\000o\000n\000s\000c\000i\000o\000u\000s\000-\000g\000r\000a\000v\000i\000t\000y\000\040\000s\000t\000r\000u\000c\000t\000u\000r\000e\000\040\003\275}{chapter.2}% 24
\BOOKMARK [1][-]{section.2.6}{\376\377\000\247\0001\000.\0005\000\040\040\024\000\040\000S\000u\000b\000s\000t\000r\000a\000t\000e\000-\000c\000o\000m\000p\000l\000e\000t\000e\000n\000e\000s\000s}{chapter.2}% 25
\BOOKMARK [1][-]{section.2.7}{\376\377\000\247\0001\000.\0006\000\040\040\024\000\040\000T\000h\000e\000\040\000e\000n\000d\000o\000f\000u\000n\000c\000t\000o\000r\000\040\000F\000\040\000a\000n\000d\000\040\000S\000t\000r\000e\000a\000m\000-\000a\000s\000-\000F\000-\000c\000o\000a\000l\000g\000e\000b\000r\000a}{chapter.2}% 26
\BOOKMARK [1][-]{section.2.8}{\376\377\000\247\0001\000.\0007\000\040\040\024\000\040\000T\000h\000e\000\040\000T\000r\000i\000p\000l\000e\000\040\000a\000n\000d\000\040\000i\000t\000s\000\040\000t\000a\000r\000g\000e\000t}{chapter.2}% 27
\BOOKMARK [2][-]{subsection.2.8.1}{\376\377\000\247\0001\000.\0007\000.\0001\000\040\040\024\000\040\330\065\334\236\000\137\000T\000r\000i\000p\000l\000e}{section.2.8}% 28
\BOOKMARK [2][-]{subsection.2.8.2}{\376\377\000\247\0001\000.\0007\000.\0002\000\040\040\024\000\040\000T\000h\000e\000\040\000T\000r\000i\000p\000l\000e\000\040\000f\000u\000n\000c\000t\000o\000r\000\040\000T}{section.2.8}% 29
\BOOKMARK [2][-]{subsection.2.8.3}{\376\377\000\247\0001\000.\0007\000.\0003\000\040\040\024\000\040\000T\000h\000e\000\040\000i\000t\000e\000r\000a\000t\000e\000d\000\040\000T\000r\000i\000p\000l\000e\000\040\000T\000\136\000\050\000n\000\051}{section.2.8}% 30
\BOOKMARK [1][-]{section.2.9}{\376\377\000\247\0001\000.\0008\000\040\040\024\000\040\000N\000o\000t\000a\000t\000i\000o\000n\000\040\000q\000u\000i\000c\000k\000-\000r\000e\000f\000e\000r\000e\000n\000c\000e}{chapter.2}% 31
\BOOKMARK [1][-]{section.2.10}{\376\377\000\247\0001\000.\0009\000\040\040\024\000\040\000F\000o\000r\000w\000a\000r\000d\000-\000p\000o\000i\000n\000t\000e\000r\000s}{chapter.2}% 32
\BOOKMARK [0][-]{chapter.3}{\376\377\000\247\0002\000\040\040\024\000\040\000A\000x\000i\000o\000m\000s\000\040\000A\0001\000\040\000/\000\040\000A\0002\000\040\000/\000\040\000A\0003}{}% 33
\BOOKMARK [1][-]{section.3.1}{\376\377\000\247\0002\000.\0000\000\040\040\024\000\040\000O\000r\000i\000e\000n\000t\000a\000t\000i\000o\000n}{chapter.3}% 34
\BOOKMARK [1][-]{section.3.2}{\376\377\000\247\0002\000.\0001\000\040\040\024\000\040\000A\000x\000i\000o\000m\000\040\0001\000:\000\040\000C\000o\000n\000s\000c\000i\000o\000u\000s\000n\000e\000s\000s\000\040\000a\000s\000\040\000S\000u\000b\000s\000t\000r\000a\000t\000e}{chapter.3}% 35
\BOOKMARK [2][-]{subsection.3.2.1}{\376\377\000\247\0002\000.\0001\000.\0001\000\040\040\024\000\040\000S\000e\000t\000u\000p}{section.3.2}% 36
\BOOKMARK [2][-]{subsection.3.2.2}{\376\377\000\247\0002\000.\0001\000.\0002\000\040\040\024\000\040\000T\000h\000e\000\040\000a\000x\000i\000o\000m}{section.3.2}% 37
\BOOKMARK [2][-]{subsection.3.2.3}{\376\377\000\247\0002\000.\0001\000.\0003\000\040\040\024\000\040\000R\000e\000m\000a\000r\000k\000s\000\040\000a\000n\000d\000\040\000d\000e\000r\000i\000v\000a\000t\000i\000o\000n\000s}{section.3.2}% 38
\BOOKMARK [1][-]{section.3.3}{\376\377\000\247\0002\000.\0002\000\040\040\024\000\040\000A\000x\000i\000o\000m\000\040\0002\000:\000\040\000N\000e\000s\000t\000e\000d\000\040\000S\000t\000r\000e\000a\000m\000s\000\040\000a\000n\000d\000\040\000N\000a\000v\000i\000g\000a\000t\000i\000o\000n}{chapter.3}% 39
\BOOKMARK [2][-]{subsection.3.3.1}{\376\377\000\247\0002\000.\0002\000.\0001\000\040\040\024\000\040\000S\000e\000t\000u\000p}{section.3.3}% 40
\BOOKMARK [2][-]{subsection.3.3.2}{\376\377\000\247\0002\000.\0002\000.\0002\000\040\040\024\000\040\000T\000h\000e\000\040\000a\000x\000i\000o\000m}{section.3.3}% 41
\BOOKMARK [2][-]{subsection.3.3.3}{\376\377\000\247\0002\000.\0002\000.\0003\000\040\040\024\000\040\000D\000e\000r\000i\000v\000a\000t\000i\000o\000n\000\040\000o\000f\000\040\000\050\000A\0002\000.\0002\000\051\000\040\000f\000r\000o\000m\000\040\000F}{section.3.3}% 42
\BOOKMARK [2][-]{subsection.3.3.4}{\376\377\000\247\0002\000.\0002\000.\0004\000\040\040\024\000\040\000C\000o\000u\000p\000l\000i\000n\000g\000\040\000m\000o\000r\000p\000h\000i\000s\000m\000s\000\040\000v\000i\000a\000\040\330\065\334\236\000\137\000L\000D\000S}{section.3.3}% 43
\BOOKMARK [1][-]{section.3.4}{\376\377\000\247\0002\000.\0003\000\040\040\024\000\040\000A\000x\000i\000o\000m\000\040\0003\000:\000\040\000C\000o\000n\000s\000c\000i\000o\000u\000s\000\040\000G\000r\000a\000v\000i\000t\000y}{chapter.3}% 44
\BOOKMARK [2][-]{subsection.3.4.1}{\376\377\000\247\0002\000.\0003\000.\0001\000\040\040\024\000\040\000S\000e\000t\000u\000p}{section.3.4}% 45
\BOOKMARK [2][-]{subsection.3.4.2}{\376\377\000\247\0002\000.\0003\000.\0002\000\040\040\024\000\040\000T\000h\000e\000\040\000a\000x\000i\000o\000m}{section.3.4}% 46
\BOOKMARK [2][-]{subsection.3.4.3}{\376\377\000\247\0002\000.\0003\000.\0003\000\040\040\024\000\040\000R\000e\000m\000a\000r\000k\000s\000\040\000a\000n\000d\000\040\000d\000e\000r\000i\000v\000a\000t\000i\000o\000n\000s}{section.3.4}% 47
\BOOKMARK [2][-]{subsection.3.4.4}{\376\377\000\247\0002\000.\0003\000.\0004\000\040\040\024\000\040\000B\000i\000a\000s\000\050\000S\000\051\000\040\000a\000s\000\040\000a\000\040\000s\000i\000g\000n\000e\000d\000\040\000m\000e\000a\000s\000u\000r\000e}{section.3.4}% 48
\BOOKMARK [1][-]{section.3.5}{\376\377\000\247\0002\000.\0004\000\040\040\024\000\040\000A\000x\000i\000o\000m\000-\000i\000n\000t\000e\000r\000a\000c\000t\000i\000o\000n\000:\000\040\000A\0001\000\040\000+\000\040\000A\0002\000\040\000+\000\040\000A\0003\000\040\000j\000o\000i\000n\000t\000l\000y}{chapter.3}% 49
\BOOKMARK [1][-]{section.3.6}{\376\377\000\247\0002\000.\0005\000\040\040\024\000\040\000A\000x\000i\000o\000m\000-\000s\000t\000a\000t\000u\000s\000\040\000s\000u\000m\000m\000a\000r\000y}{chapter.3}% 50
\BOOKMARK [1][-]{section.3.7}{\376\377\000\247\0002\000.\0006\000\040\040\024\000\040\000F\000o\000r\000w\000a\000r\000d\000-\000p\000o\000i\000n\000t\000e\000r\000s}{chapter.3}% 51
\BOOKMARK [1][-]{section.3.8}{\376\377\000S\000u\000r\000f\000a\000c\000e\000d\000-\000l\000e\000m\000m\000a\000\040\000r\000e\000g\000i\000s\000t\000e\000r\000\040\000\050\000\247\0002\000\051}{chapter.3}% 52
\BOOKMARK [0][-]{chapter.4}{\376\377\000\247\0003\000\040\040\024\000\040\000T\000h\000e\000o\000r\000e\000m\000s}{}% 53
\BOOKMARK [1][-]{section.4.1}{\376\377\000\247\0003\000.\0000\000\040\040\024\000\040\000O\000r\000i\000e\000n\000t\000a\000t\000i\000o\000n}{chapter.4}% 54
\BOOKMARK [1][-]{section.4.2}{\376\377\000\247\0003\000.\0001\000\040\040\024\000\040\000D\000e\000s\000c\000r\000i\000p\000t\000i\000v\000e\000-\000F\000u\000n\000c\000t\000o\000r\000\040\000M\000e\000t\000a\000-\000T\000h\000e\000o\000r\000e\000m}{chapter.4}% 55
\BOOKMARK [1][-]{section.4.3}{\376\377\000\247\0003\000.\0002\000\040\040\024\000\040\000T\000h\000e\000o\000r\000e\000m\000\040\000P\000a\000i\000r\000\040\000I\000:\000\040\000D\000e\000s\000c\000r\000i\000p\000t\000i\000v\000e}{chapter.4}% 56
\BOOKMARK [2][-]{subsection.4.3.1}{\376\377\000\247\0003\000.\0002\000.\0001\000\040\040\024\000\040\000T\0001\000\040\000M\000a\000t\000h\000e\000m\000a\000t\000i\000c\000a\000l\000\040\000P\000e\000r\000s\000p\000e\000c\000t\000i\000v\000i\000s\000m}{section.4.3}% 57
\BOOKMARK [2][-]{subsection.4.3.2}{\376\377\000\247\0003\000.\0002\000.\0002\000\040\040\024\000\040\000T\0002\000\040\000E\000s\000t\000i\000m\000a\000t\000o\000r\000-\000D\000e\000p\000e\000n\000d\000e\000n\000t\000\040\000D\000u\000r\000a\000t\000i\000o\000n}{section.4.3}% 58
\BOOKMARK [1][-]{section.4.4}{\376\377\000\247\0003\000.\0003\000\040\040\024\000\040\000T\000h\000e\000o\000r\000e\000m\000\040\000P\000a\000i\000r\000\040\000I\000I\000:\000\040\000D\000y\000n\000a\000m\000i\000c\000s}{chapter.4}% 59
\BOOKMARK [2][-]{subsection.4.4.1}{\376\377\000\247\0003\000.\0003\000.\0001\000\040\040\024\000\040\000T\0003\000\040\000A\000t\000t\000e\000n\000t\000i\000o\000n\000a\000l\000\040\000Q\000u\000a\000l\000i\000t\000y\000\040\000\046\000\040\000N\000a\000v\000i\000g\000a\000t\000i\000o\000n\000a\000l\000\040\000D\000y\000n\000a\000m\000i\000c\000s}{section.4.4}% 60
\BOOKMARK [2][-]{subsection.4.4.2}{\376\377\000\247\0003\000.\0003\000.\0002\000\040\040\024\000\040\000T\0004\000\040\000C\000o\000h\000e\000r\000e\000n\000c\000e\000-\000F\000o\000r\000c\000i\000n\000g\000\040\000M\000e\000a\000s\000u\000r\000e\000m\000e\000n\000t}{section.4.4}% 61
\BOOKMARK [1][-]{section.4.5}{\376\377\000\247\0003\000.\0004\000\040\040\024\000\040\000T\000h\000e\000o\000r\000e\000m\000\040\000P\000a\000i\000r\000\040\000I\000I\000I\000:\000\040\000C\000o\000h\000e\000r\000e\000n\000c\000e}{chapter.4}% 62
\BOOKMARK [2][-]{subsection.4.5.1}{\376\377\000\247\0003\000.\0004\000.\0001\000\040\040\024\000\040\000T\0005\000\040\000I\000n\000t\000e\000r\000n\000a\000l\000\040\000C\000o\000h\000e\000r\000e\000n\000c\000e}{section.4.5}% 63
\BOOKMARK [2][-]{subsection.4.5.2}{\376\377\000\247\0003\000.\0004\000.\0002\000\040\040\024\000\040\000T\0006\000\040\000D\000u\000a\000l\000\040\000C\000o\000h\000e\000r\000e\000n\000c\000e\000\040\000A\000x\000e\000s}{section.4.5}% 64
\BOOKMARK [1][-]{section.4.6}{\376\377\000\247\0003\000.\0005\000\040\040\024\000\040\000T\000h\000e\000o\000r\000e\000m\000-\000t\000o\000-\000A\000x\000i\000o\000m\000\040\000c\000r\000o\000s\000s\000w\000a\000l\000k}{chapter.4}% 65
\BOOKMARK [1][-]{section.4.7}{\376\377\000\247\0003\000.\0006\000\040\040\024\000\040\000T\000h\000e\000\040\000t\000h\000r\000e\000e\000\040\000p\000a\000i\000r\000s\000\040\000a\000n\000d\000\040\000t\000h\000e\000\040\000P\000r\000i\000n\000c\000i\000p\000l\000e}{chapter.4}% 66
\BOOKMARK [1][-]{section.4.8}{\376\377\000\247\0003\000.\0007\000\040\040\024\000\040\000F\000o\000r\000w\000a\000r\000d\000-\000p\000o\000i\000n\000t\000e\000r\000s}{chapter.4}% 67
\BOOKMARK [1][-]{section.4.9}{\376\377\000\247\0003\000.\0008\000\040\040\024\000\040\000S\000u\000r\000f\000a\000c\000e\000d\000-\000l\000e\000m\000m\000a\000\040\000r\000e\000g\000i\000s\000t\000e\000r}{chapter.4}% 68
\BOOKMARK [0][-]{chapter.5}{\376\377\000\247\0004\000\040\040\024\000\040\000C\000o\000r\000o\000l\000l\000a\000r\000y\000\040\000c\000l\000u\000s\000t\000e\000r\000s}{}% 69
\BOOKMARK [1][-]{section.5.1}{\376\377\000\247\0004\000.\0000\000\040\040\024\000\040\000O\000r\000g\000a\000n\000i\000z\000a\000t\000i\000o\000n}{chapter.5}% 70
\BOOKMARK [1][-]{section.5.2}{\376\377\000\247\0004\000.\0001\000\040\040\024\000\040\000C\000l\000u\000s\000t\000e\000r\000\040\000I\000:\000\040\000S\000u\000b\000s\000t\000r\000a\000t\000e\000\040\000a\000n\000d\000\040\000G\000e\000n\000e\000r\000a\000t\000i\000v\000i\000t\000y}{chapter.5}% 71
\BOOKMARK [2][-]{subsection.5.2.1}{\376\377\000C\0001\000\040\040\024\000\040\000C\000o\000n\000c\000r\000e\000t\000e\000n\000e\000s\000s\000\040\000o\000f\000\040\000X}{section.5.2}% 72
\BOOKMARK [2][-]{subsection.5.2.2}{\376\377\000C\0002\000\040\040\024\000\040\000G\000e\000n\000e\000r\000a\000t\000i\000v\000e\000\040\000C\000o\000n\000f\000i\000g\000u\000r\000a\000t\000i\000o\000n\000\040\000f\000o\000r\000\040\000P\000e\000r\000s\000p\000e\000c\000t\000i\000v\000e}{section.5.2}% 73
\BOOKMARK [2][-]{subsection.5.2.3}{\376\377\000C\0003\000\040\040\024\000\040\000N\000u\000l\000l\000-\000S\000p\000a\000c\000e\000\040\000T\000r\000a\000c\000e\000\040\000I\000l\000l\000u\000m\000i\000n\000a\000t\000i\000o\000n}{section.5.2}% 74
\BOOKMARK [1][-]{section.5.3}{\376\377\000\247\0004\000.\0002\000\040\040\024\000\040\000C\000l\000u\000s\000t\000e\000r\000\040\000I\000I\000:\000\040\000S\000t\000r\000e\000a\000m\000\040\000S\000t\000r\000u\000c\000t\000u\000r\000e\000\040\000a\000n\000d\000\040\000N\000a\000v\000i\000g\000a\000t\000i\000o\000n}{chapter.5}% 75
\BOOKMARK [2][-]{subsection.5.3.1}{\376\377\000C\0004\000\040\040\024\000\040\000S\000u\000b\000s\000t\000r\000a\000t\000e\000-\000C\000o\000n\000s\000t\000r\000a\000i\000n\000e\000d\000\040\000P\000e\000r\000s\000p\000e\000c\000t\000i\000v\000a\000l\000\040\000P\000l\000u\000r\000a\000l\000i\000t\000y}{section.5.3}% 76
\BOOKMARK [2][-]{subsection.5.3.2}{\376\377\000C\0005\000\040\040\024\000\040\000S\000t\000r\000e\000a\000m\000s\000\040\000a\000s\000\040\000P\000e\000r\000s\000p\000e\000c\000t\000i\000v\000a\000l\000\040\000F\000-\000c\000o\000a\000l\000g\000e\000b\000r\000a\000s\000\040\000w\000i\000t\000h\000\040\000N\000a\000v\000i\000g\000a\000t\000i\000o\000n\000a\000l\000\040\000F\000r\000e\000e\000d\000o\000m}{section.5.3}% 77
\BOOKMARK [2][-]{subsection.5.3.3}{\376\377\000C\0006\000\040\040\024\000\040\000C\000o\000o\000p\000e\000r\000a\000t\000i\000v\000e\000-\000C\000o\000n\000s\000t\000i\000t\000u\000e\000n\000c\000y\000\040\000M\000u\000l\000t\000i\000-\000S\000t\000r\000e\000a\000m\000\040\000S\000t\000r\000u\000c\000t\000u\000r\000e}{section.5.3}% 78
\BOOKMARK [2][-]{subsection.5.3.4}{\376\377\000C\0007\000\040\040\024\000\040\000N\000a\000v\000i\000g\000a\000t\000i\000o\000n\000a\000l\000\040\000N\000o\000n\000-\000D\000e\000t\000e\000r\000m\000i\000n\000a\000t\000i\000o\000n}{section.5.3}% 79
\BOOKMARK [2][-]{subsection.5.3.5}{\376\377\000C\0008\000\040\040\024\000\040\000O\000b\000s\000e\000r\000v\000a\000t\000i\000o\000n\000a\000l\000\040\000N\000u\000l\000l\000\040\000S\000p\000a\000c\000e\000\040\000\050\000s\000t\000r\000e\000a\000m\000-\000r\000e\000l\000a\000t\000i\000v\000e\000\051}{section.5.3}% 80
\BOOKMARK [2][-]{subsection.5.3.6}{\376\377\000C\0009\000\040\040\024\000\040\000O\000b\000s\000e\000r\000v\000a\000t\000i\000o\000n\000a\000l\000\040\000C\000o\000n\000s\000e\000n\000s\000u\000s\000\040\000R\000e\000q\000u\000i\000r\000e\000s\000\040\000L\000e\000n\000s\000-\000M\000a\000t\000c\000h\000i\000n\000g}{section.5.3}% 81
\BOOKMARK [2][-]{subsection.5.3.7}{\376\377\000C\0001\0000\000\040\040\024\000\040\000J\000o\000i\000n\000t\000\040\000S\000t\000r\000e\000a\000m\000-\000D\000e\000f\000i\000n\000i\000t\000i\000o\000n}{section.5.3}% 82
\BOOKMARK [1][-]{section.5.4}{\376\377\000\247\0004\000.\0003\000\040\040\024\000\040\000C\000l\000u\000s\000t\000e\000r\000\040\000I\000I\000I\000:\000\040\000C\000o\000h\000e\000r\000e\000n\000c\000e\000\040\000C\000o\000n\000s\000e\000q\000u\000e\000n\000c\000e\000s}{chapter.5}% 83
\BOOKMARK [2][-]{subsection.5.4.1}{\376\377\000C\0001\0001\000\040\040\024\000\040\000M\000u\000t\000u\000a\000l\000\040\000T\000r\000a\000n\000s\000f\000o\000r\000m\000a\000t\000i\000o\000n\000\040\000u\000n\000d\000e\000r\000\040\000I\000n\000t\000e\000r\000a\000c\000t\000i\000o\000n}{section.5.4}% 84
\BOOKMARK [2][-]{subsection.5.4.2}{\376\377\000C\0001\0002\000\040\040\024\000\040\000D\000i\000s\000c\000o\000v\000e\000r\000y\000\040\000A\000u\000t\000o\000c\000a\000t\000a\000l\000y\000s\000i\000s}{section.5.4}% 85
\BOOKMARK [2][-]{subsection.5.4.3}{\376\377\000C\0001\0003\000\040\040\024\000\040\000F\000l\000o\000w\000\040\000I\000n\000v\000e\000r\000s\000i\000o\000n}{section.5.4}% 86
\BOOKMARK [1][-]{section.5.5}{\376\377\000\247\0004\000.\0004\000\040\040\024\000\040\000C\000l\000u\000s\000t\000e\000r\000-\000t\000o\000-\000a\000x\000i\000o\000m\000\040\000d\000e\000r\000i\000v\000a\000t\000i\000o\000n\000\040\000t\000a\000b\000l\000e}{chapter.5}% 87
\BOOKMARK [1][-]{section.5.6}{\376\377\000\247\0004\000.\0005\000\040\040\024\000\040\000F\000o\000r\000w\000a\000r\000d\000-\000p\000o\000i\000n\000t\000e\000r\000s}{chapter.5}% 88
\BOOKMARK [1][-]{section.5.7}{\376\377\000\247\0004\000.\0006\000\040\040\024\000\040\000S\000u\000r\000f\000a\000c\000e\000d\000-\000l\000e\000m\000m\000a\000\040\000r\000e\000g\000i\000s\000t\000e\000r}{chapter.5}% 89
\BOOKMARK [0][-]{chapter.6}{\376\377\000\247\0005\000\040\040\024\000\040\000T\000h\000e\000\040\000C\000o\000h\000e\000r\000e\000n\000c\000e\000\040\000P\000r\000i\000n\000c\000i\000p\000l\000e}{}% 90
\BOOKMARK [1][-]{section.6.1}{\376\377\000\247\0005\000.\0000\000\040\040\024\000\040\000O\000r\000i\000e\000n\000t\000a\000t\000i\000o\000n}{chapter.6}% 91
\BOOKMARK [1][-]{section.6.2}{\376\377\000\247\0005\000.\0001\000\040\040\024\000\040\000T\000h\000e\000\040\000P\000r\000i\000n\000c\000i\000p\000l\000e}{chapter.6}% 92
\BOOKMARK [1][-]{section.6.3}{\376\377\000\247\0005\000.\0002\000\040\040\024\000\040\000T\000h\000e\000\040\000f\000o\000u\000r\000\040\000c\000o\000n\000d\000i\000t\000i\000o\000n\000s}{chapter.6}% 93
\BOOKMARK [2][-]{subsection.6.3.1}{\376\377\000\247\0005\000.\0002\000.\0001\000\040\040\024\000\040\000C\000o\000n\000d\000i\000t\000i\000o\000n\000\040\0001\000:\000\040\000S\000e\000p\000a\000r\000a\000t\000i\000o\000n}{section.6.3}% 94
\BOOKMARK [2][-]{subsection.6.3.2}{\376\377\000\247\0005\000.\0002\000.\0002\000\040\040\024\000\040\000C\000o\000n\000d\000i\000t\000i\000o\000n\000\040\0002\000:\000\040\000M\000e\000a\000s\000u\000r\000e\000m\000e\000n\000t}{section.6.3}% 95
\BOOKMARK [2][-]{subsection.6.3.3}{\376\377\000\247\0005\000.\0002\000.\0003\000\040\040\024\000\040\000C\000o\000n\000d\000i\000t\000i\000o\000n\000\040\0003\000:\000\040\000M\000u\000l\000t\000i\000-\000s\000c\000a\000l\000e\000\040\000c\000o\000n\000s\000i\000s\000t\000e\000n\000c\000y}{section.6.3}% 96
\BOOKMARK [2][-]{subsection.6.3.4}{\376\377\000\247\0005\000.\0002\000.\0004\000\040\040\024\000\040\000C\000o\000n\000d\000i\000t\000i\000o\000n\000\040\0004\000:\000\040\000D\000y\000n\000a\000m\000i\000c\000\040\000m\000a\000i\000n\000t\000e\000n\000a\000n\000c\000e}{section.6.3}% 97
\BOOKMARK [2][-]{subsection.6.3.5}{\376\377\000\247\0005\000.\0002\000.\0005\000\040\040\024\000\040\000J\000o\000i\000n\000t\000\040\000s\000u\000f\000f\000i\000c\000i\000e\000n\000c\000y}{section.6.3}% 98
\BOOKMARK [1][-]{section.6.4}{\376\377\000\247\0005\000.\0003\000\040\040\024\000\040\000O\000u\000t\000p\000e\000r\000f\000o\000r\000m\000a\000n\000c\000e\000\040\000m\000e\000t\000r\000i\000c\000\040\000\050\000r\000e\000f\000e\000r\000e\000n\000c\000e\000\051}{chapter.6}% 99
\BOOKMARK [1][-]{section.6.5}{\376\377\000\247\0005\000.\0004\000\040\040\024\000\040\000S\000e\000l\000f\000-\000r\000e\000f\000e\000r\000e\000n\000c\000e\000\040\000c\000l\000o\000s\000u\000r\000e}{chapter.6}% 100
\BOOKMARK [1][-]{section.6.6}{\376\377\000\247\0005\000.\0005\000\040\040\024\000\040\000N\000e\000c\000e\000s\000s\000i\000t\000y\000\040\000o\000f\000\040\000e\000a\000c\000h\000\040\000c\000o\000n\000d\000i\000t\000i\000o\000n\000\040\000\050\000f\000a\000l\000s\000i\000f\000i\000c\000a\000t\000i\000o\000n\000-\000t\000a\000b\000l\000e\000\040\000r\000e\000f\000e\000r\000e\000n\000c\000e\000\051}{chapter.6}% 101
\BOOKMARK [1][-]{section.6.7}{\376\377\000\247\0005\000.\0006\000\040\040\024\000\040\000O\000p\000e\000n\000\040\000q\000u\000e\000s\000t\000i\000o\000n\000s\000\040\000f\000o\000r\000\040\000\247\0005\000\040\000\050\000p\000e\000r\000\040\000A\000n\000c\000h\000o\000r\000\040\000\247\0009\000.\0009\000\051}{chapter.6}% 102
\BOOKMARK [1][-]{section.6.8}{\376\377\000\247\0005\000.\0007\000\040\040\024\000\040\000F\000o\000r\000w\000a\000r\000d\000-\000p\000o\000i\000n\000t\000e\000r\000s}{chapter.6}% 103
\BOOKMARK [1][-]{section.6.9}{\376\377\000\247\0005\000.\0008\000\040\040\024\000\040\000S\000u\000r\000f\000a\000c\000e\000d\000-\000l\000e\000m\000m\000a\000\040\000r\000e\000g\000i\000s\000t\000e\000r}{chapter.6}% 104
\BOOKMARK [0][-]{chapter.7}{\376\377\000\247\0006\000\040\040\024\000\040\000T\000h\000e\000\040\000I\000d\000e\000n\000t\000i\000t\000y\000-\000T\000r\000a\000j\000e\000c\000t\000o\000r\000y\000\040\000T\000r\000i\000p\000l\000e}{}% 105
\BOOKMARK [1][-]{section.7.1}{\376\377\000\247\0006\000.\0000\000\040\040\024\000\040\000C\000o\000n\000v\000e\000n\000t\000i\000o\000n\000s\000\040\000a\000n\000d\000\040\000r\000e\000c\000a\000p}{chapter.7}% 106
\BOOKMARK [1][-]{section.7.2}{\376\377\000\247\0006\000.\0001\000\040\040\024\000\040\000S\000t\000r\000e\000a\000m\000\040\000a\000s\000\040\000a\000\040\000c\000a\000t\000e\000g\000o\000r\000y\000\040\000o\000f\000\040\000F\000-\000c\000o\000a\000l\000g\000e\000b\000r\000a\000s}{chapter.7}% 107
\BOOKMARK [1][-]{section.7.3}{\376\377\000\247\0006\000.\0002\000\040\040\024\000\040\000T\000h\000e\000\040\000T\000r\000i\000p\000l\000e\000\040\000f\000u\000n\000c\000t\000o\000r}{chapter.7}% 108
\BOOKMARK [1][-]{section.7.4}{\376\377\000\247\0006\000.\0003\000\040\040\024\000\040\000R\000e\000c\000u\000r\000s\000i\000v\000e\000\040\000d\000e\000c\000o\000m\000p\000o\000s\000a\000b\000i\000l\000i\000t\000y\000\040\000\050\000f\000i\000n\000i\000t\000e\000\040\000d\000e\000p\000t\000h\000\051}{chapter.7}% 109
\BOOKMARK [1][-]{section.7.5}{\376\377\000\247\0006\000.\0004\000\040\040\024\000\040\000T\000h\000e\000\040\000k\000i\000n\000d\000-\000c\000l\000a\000s\000s\000i\000f\000i\000e\000r\000\040\000f\000i\000b\000r\000a\000t\000i\000o\000n\000\040\000o\000v\000e\000r\000\040\000C\000o\000n\000t\000e\000n\000t}{chapter.7}% 110
\BOOKMARK [2][-]{subsection.7.5.1}{\376\377\000\247\0006\000.\0004\000.\0001\000\040\040\024\000\040\000U\000n\000i\000f\000y\000i\000n\000g\000\040\000s\000t\000r\000e\000a\000m\000s\000\040\000a\000n\000d\000\040\000a\000d\000m\000i\000s\000s\000i\000b\000i\000l\000i\000t\000y}{section.7.5}% 111
\BOOKMARK [1][-]{section.7.6}{\376\377\000\247\0006\000.\0005\000\040\040\024\000\040\000M\000i\000d\000d\000l\000e\000-\000r\000e\000g\000i\000m\000e\000\040\000m\000o\000r\000p\000h\000i\000s\000m\000-\000s\000t\000r\000u\000c\000t\000u\000r\000e\000\040\000\050\000t\000r\000i\000f\000u\000r\000c\000a\000t\000i\000o\000n\000\051}{chapter.7}% 112
\BOOKMARK [1][-]{section.7.7}{\376\377\000\247\0006\000.\0006\000\040\040\024\000\040\000T\000h\000e\000\040\000T\000r\000i\000p\000l\000e\000\040\000a\000s\000\040\000c\000o\000l\000a\000x\000-\000l\000i\000m\000i\000t\000\040\000\050\000c\000o\000n\000d\000i\000t\000i\000o\000n\000a\000l\000\051}{chapter.7}% 113
\BOOKMARK [1][-]{section.7.8}{\376\377\000\247\0006\000.\0007\000\040\040\024\000\040\000S\000t\000r\000e\000a\000m\000\040\000a\000s\000\040\000t\000h\000e\000\040\000c\000a\000t\000e\000g\000o\000r\000y\000\040\000o\000f\000\040\000F\000-\000c\000o\000a\000l\000g\000e\000b\000r\000a\000s\000\040\000\050\000c\000l\000o\000s\000u\000r\000e\000\051}{chapter.7}% 114
\BOOKMARK [1][-]{section.7.9}{\376\377\000\247\0006\000.\0008\000\040\040\024\000\040\000L\000i\000m\000i\000t\000s\000\040\000a\000n\000d\000\040\000c\000o\000l\000i\000m\000i\000t\000s\000\040\000i\000n\000\040\000S\000t\000r\000e\000a\000m\000\040\000u\000n\000d\000e\000r\000\040\000F}{chapter.7}% 115
\BOOKMARK [2][-]{subsection.7.9.1}{\376\377\000\247\0006\000.\0008\000.\0001\000\040\040\024\000\040\000L\000i\000m\000i\000t\000s}{section.7.9}% 116
\BOOKMARK [2][-]{subsection.7.9.2}{\376\377\000\247\0006\000.\0008\000.\0002\000\040\040\024\000\040\000C\000o\000l\000i\000m\000i\000t\000s}{section.7.9}% 117
\BOOKMARK [2][-]{subsection.7.9.3}{\376\377\000\247\0006\000.\0008\000.\0003\000\040\040\024\000\040\000W\000h\000a\000t\000\040\000S\000t\000r\000e\000a\000m\000\040\000d\000o\000e\000s\000\040\000n\000o\000t\000\040\000h\000a\000v\000e}{section.7.9}% 118
\BOOKMARK [2][-]{subsection.7.9.4}{\376\377\000\247\0006\000.\0008\000.\0004\000\040\040\024\000\040\000S\000u\000m\000m\000a\000r\000y\000\040\000t\000a\000b\000l\000e}{section.7.9}% 119
\BOOKMARK [1][-]{section.7.10}{\376\377\000\247\0006\000.\0009\000\040\040\024\000\040\000C\000-\000s\000i\000z\000e\000\040\000r\000e\000g\000i\000m\000e\000s\000,\000\040\000H\0001\000+\000H\0002\000,\000\040\000a\000n\000d\000\040\000r\000e\000c\000u\000r\000s\000i\000v\000e\000\040\000d\000e\000c\000o\000m\000p\000o\000s\000a\000b\000i\000l\000i\000t\000y\000\040\000a\000t\000\040\000d\000e\000p\000t\000h\000\040\003\311}{chapter.7}% 120
\BOOKMARK [2][-]{subsection.7.10.1}{\376\377\000\247\0006\000.\0009\000.\0000\000\040\040\024\000\040\000T\000h\000e\000\040\000t\000h\000r\000e\000e\000\040\000C\000-\000s\000i\000z\000e\000\040\000r\000e\000g\000i\000m\000e\000s}{section.7.10}% 121
\BOOKMARK [2][-]{subsection.7.10.2}{\376\377\000\247\0006\000.\0009\000.\0001\000\040\040\024\000\040\000R\000e\000g\000i\000m\000e\000\040\000A\000:\000\040\000H\0001\000\040\000a\000n\000d\000\040\000H\0002\000\040\000b\000o\000t\000h\000\040\000h\000o\000l\000d}{section.7.10}% 122
\BOOKMARK [2][-]{subsection.7.10.3}{\376\377\000\247\0006\000.\0009\000.\0002\000\040\040\024\000\040\000R\000e\000g\000i\000m\000e\000\040\000B\000:\000\040\000H\0002\000\040\000g\000e\000n\000e\000r\000i\000c\000a\000l\000l\000y\000\040\000f\000a\000i\000l\000s}{section.7.10}% 123
\BOOKMARK [2][-]{subsection.7.10.4}{\376\377\000\247\0006\000.\0009\000.\0003\000\040\040\024\000\040\000D\000e\000p\000t\000h\000-\003\311\000\040\000r\000e\000s\000u\000l\000t\000\040\000\050\000c\000o\000n\000d\000i\000t\000i\000o\000n\000a\000l\000\040\000o\000n\000\040\000r\000e\000g\000i\000m\000e\000\051}{section.7.10}% 124
\BOOKMARK [2][-]{subsection.7.10.5}{\376\377\000\247\0006\000.\0009\000.\0004\000\040\040\024\000\040\000P\000l\000a\000c\000e\000m\000e\000n\000t\000\040\000o\000f\000\040\000F\000\137\042\036}{section.7.10}% 125
\BOOKMARK [2][-]{subsection.7.10.6}{\376\377\000\247\0006\000.\0009\000.\0005\000\040\040\024\000\040\000C\000o\000n\000n\000e\000c\000t\000i\000o\000n\000\040\000t\000o\000\040\000\247\0007\000'\000s\000\040\000s\000m\000a\000l\000l\000-\000C\000\040\000a\000n\000d\000\040\003\303\000-\000f\000i\000n\000i\000t\000e\000n\000e\000s\000s}{section.7.10}% 126
\BOOKMARK [2][-]{subsection.7.10.7}{\376\377\000\247\0006\000.\0009\000.\0006\000\040\040\024\000\040\000S\000u\000r\000f\000a\000c\000e\000d\000-\000l\000e\000m\000m\000a\000\040\000r\000e\000g\000i\000s\000t\000e\000r\000\040\000\050\000t\000h\000i\000s\000\040\000s\000e\000c\000t\000i\000o\000n\000\051}{section.7.10}% 127
\BOOKMARK [1][-]{section.7.11}{\376\377\000\247\0006\000.\0001\0000\000\040\040\024\000\040\000S\000u\000m\000m\000a\000r\000y\000\040\000a\000n\000d\000\040\000f\000o\000r\000w\000a\000r\000d\000-\000p\000o\000i\000n\000t\000e\000r\000s}{chapter.7}% 128
\BOOKMARK [2][-]{subsection.7.11.1}{\376\377\000\247\0006\000.\0001\0000\000.\0001\000\040\040\024\000\040\000C\000h\000a\000p\000t\000e\000r\000\040\000s\000u\000m\000m\000a\000r\000y}{section.7.11}% 129
\BOOKMARK [2][-]{subsection.7.11.2}{\376\377\000\247\0006\000.\0001\0000\000.\0002\000\040\040\024\000\040\000F\000o\000r\000w\000a\000r\000d\000-\000p\000o\000i\000n\000t\000e\000r\000s}{section.7.11}% 130
\BOOKMARK [2][-]{subsection.7.11.3}{\376\377\000\247\0006\000.\0001\0000\000.\0003\000\040\040\024\000\040\000O\000p\000e\000n\000\040\000i\000t\000e\000m\000s\000\040\000\050\000n\000o\000t\000\040\000b\000l\000o\000c\000k\000i\000n\000g\000\051}{section.7.11}% 131
\BOOKMARK [1][-]{section.7.12}{\376\377\000S\000u\000r\000f\000a\000c\000e\000d\000-\000l\000e\000m\000m\000a\000\040\000r\000e\000g\000i\000s\000t\000e\000r\000\040\000\050\000\247\0006\000\040\000s\000o\000\040\000f\000a\000r\000\051}{chapter.7}% 132
\BOOKMARK [0][-]{chapter.8}{\376\377\000\247\0007\000\040\040\024\000\040\000F\000i\000l\000t\000e\000r\000i\000n\000g\000\040\000c\000o\000n\000s\000t\000r\000u\000c\000t\000i\000o\000n}{}% 133
\BOOKMARK [1][-]{section.8.1}{\376\377\000\247\0007\000.\0000\000\040\040\024\000\040\000O\000r\000i\000e\000n\000t\000a\000t\000i\000o\000n}{chapter.8}% 134
\BOOKMARK [1][-]{section.8.2}{\376\377\000\247\0007\000.\0001\000\040\040\024\000\040\000T\000h\000e\000\040\000c\000a\000n\000o\000n\000i\000c\000a\000l\000\040\003\303\000-\000a\000l\000g\000e\000b\000r\000a\000\040\000o\000n\000\040\003\251\000\137\000S}{chapter.8}% 135
\BOOKMARK [1][-]{section.8.3}{\376\377\000\247\0007\000.\0002\000\040\040\024\000\040\000M\000e\000a\000s\000u\000r\000a\000b\000i\000l\000i\000t\000y\000\040\000o\000f\000\040\003\263}{chapter.8}% 136
\BOOKMARK [1][-]{section.8.4}{\376\377\000\247\0007\000.\0003\000\040\040\024\000\040\000B\000i\000a\000s\000\050\000S\000\051\000\040\000a\000s\000\040\000a\000\040\000w\000e\000l\000l\000-\000d\000e\000f\000i\000n\000e\000d\000\040\000s\000i\000g\000n\000e\000d\000\040\000m\000e\000a\000s\000u\000r\000e}{chapter.8}% 137
\BOOKMARK [1][-]{section.8.5}{\376\377\000\247\0007\000.\0004\000\040\040\024\000\040\000P\000u\000s\000h\000-\000o\000p\000e\000r\000a\000t\000o\000r\000s\000\040\000a\000s\000\040\000m\000e\000a\000s\000u\000r\000a\000b\000l\000e\000\040\000t\000r\000a\000n\000s\000f\000o\000r\000m\000a\000t\000i\000o\000n\000s}{chapter.8}% 138
\BOOKMARK [1][-]{section.8.6}{\376\377\000\247\0007\000.\0005\000\040\040\024\000\040\000E\000n\000t\000r\000o\000p\000y\000\040\000A\000\137\000S\000\040\000a\000n\000d\000\040\000a\000l\000i\000g\000n\000m\000e\000n\000t\000\040\000A\000l\000i\000g\000n\000\050\000S\000,\000\040\000t\000\051}{chapter.8}% 139
\BOOKMARK [1][-]{section.8.7}{\376\377\000\247\0007\000.\0006\000\040\040\024\000\040\000E\000x\000t\000e\000n\000s\000i\000o\000n\000a\000l\000\040\000\050\003\303\000\137\000F\000,\000\040\000K\000\137\000F\000,\000\040\003\251\000\137\000F\000,\000\040\003\263\000\137\000F\000\051\000\040\000a\000t\000\040\000m\000e\000a\000s\000u\000r\000a\000b\000l\000e\000-\000s\000t\000r\000e\000a\000m\000\040\000l\000a\000y\000e\000r}{chapter.8}% 140
\BOOKMARK [1][-]{section.8.8}{\376\377\000\247\0007\000.\0007\000\040\040\024\000\040\000M\000e\000a\000s\000u\000r\000e\000-\000t\000h\000e\000o\000r\000e\000t\000i\000c\000\040\000s\000u\000m\000m\000a\000r\000y\000\040\000t\000a\000b\000l\000e}{chapter.8}% 141
\BOOKMARK [1][-]{section.8.9}{\376\377\000\247\0007\000.\0008\000\040\040\024\000\040\000F\000o\000r\000w\000a\000r\000d\000-\000p\000o\000i\000n\000t\000e\000r\000s}{chapter.8}% 142
\BOOKMARK [1][-]{section.8.10}{\376\377\000\247\0007\000.\0009\000\040\040\024\000\040\000S\000u\000r\000f\000a\000c\000e\000d\000-\000l\000e\000m\000m\000a\000\040\000r\000e\000g\000i\000s\000t\000e\000r}{chapter.8}% 143
\BOOKMARK [0][-]{chapter.9}{\376\377\000\247\0008\000\040\040\024\000\040\000F\000-\000a\000s\000-\000s\000t\000r\000e\000a\000m\000\040\000\050\000s\000e\000l\000f\000-\000r\000e\000f\000e\000r\000e\000n\000c\000e\000\040\000c\000l\000o\000s\000u\000r\000e\000\051}{}% 144
\BOOKMARK [1][-]{section.9.1}{\376\377\000\247\0008\000.\0000\000\040\040\024\000\040\000O\000r\000i\000e\000n\000t\000a\000t\000i\000o\000n}{chapter.9}% 145
\BOOKMARK [1][-]{section.9.2}{\376\377\000\247\0008\000.\0001\000\040\040\024\000\040\000S\000p\000e\000c\000i\000f\000i\000c\000a\000t\000i\000o\000n\000\040\000o\000f\000\040\000F\000\137\042\036}{chapter.9}% 146
\BOOKMARK [1][-]{section.9.3}{\376\377\000\247\0008\000.\0002\000\040\040\024\000\040\000R\000e\000c\000u\000r\000s\000i\000v\000e\000\040\000d\000e\000c\000o\000m\000p\000o\000s\000i\000t\000i\000o\000n\000\040\000o\000f\000\040\000F\000\137\042\036}{chapter.9}% 147
\BOOKMARK [1][-]{section.9.4}{\376\377\000\247\0008\000.\0003\000\040\040\024\000\040\000A\000u\000d\000i\000t\000\040\000o\000f\000\040\000t\000h\000e\000\040\000f\000o\000u\000r\000\040\000c\000o\000n\000d\000i\000t\000i\000o\000n\000s}{chapter.9}% 148
\BOOKMARK [2][-]{subsection.9.4.1}{\376\377\000\247\0008\000.\0003\000.\0001\000\040\040\024\000\040\000A\000u\000d\000i\000t\000\040\000C\000\137\000s\000e\000p\000\040\000\050\000S\000e\000p\000a\000r\000a\000t\000i\000o\000n\000\051}{section.9.4}% 149
\BOOKMARK [2][-]{subsection.9.4.2}{\376\377\000\247\0008\000.\0003\000.\0002\000\040\040\024\000\040\000A\000u\000d\000i\000t\000\040\000C\000\137\000m\000e\000a\000s\000\040\000\050\000M\000e\000a\000s\000u\000r\000e\000m\000e\000n\000t\000\051}{section.9.4}% 150
\BOOKMARK [2][-]{subsection.9.4.3}{\376\377\000\247\0008\000.\0003\000.\0003\000\040\040\024\000\040\000A\000u\000d\000i\000t\000\040\000C\000\137\000s\000c\000a\000l\000e\000\040\000\050\000M\000u\000l\000t\000i\000-\000s\000c\000a\000l\000e\000\040\000c\000o\000n\000s\000i\000s\000t\000e\000n\000c\000y\000\051}{section.9.4}% 151
\BOOKMARK [2][-]{subsection.9.4.4}{\376\377\000\247\0008\000.\0003\000.\0004\000\040\040\024\000\040\000A\000u\000d\000i\000t\000\040\000C\000\137\000d\000y\000n\000\040\000\050\000D\000y\000n\000a\000m\000i\000c\000\040\000m\000a\000i\000n\000t\000e\000n\000a\000n\000c\000e\000\051}{section.9.4}% 152
\BOOKMARK [2][-]{subsection.9.4.5}{\376\377\000\247\0008\000.\0003\000.\0005\000\040\040\024\000\040\000J\000o\000i\000n\000t\000\040\000c\000o\000n\000c\000l\000u\000s\000i\000o\000n\000\040\000\050\000a\000u\000d\000i\000t\000-\000r\000e\000g\000i\000s\000t\000e\000r\000,\000\040\000n\000o\000t\000\040\000t\000h\000e\000o\000r\000e\000m\000\051}{section.9.4}% 153
\BOOKMARK [1][-]{section.9.5}{\376\377\000\247\0008\000.\0004\000\040\040\024\000\040\000N\000o\000n\000-\000c\000i\000r\000c\000u\000l\000a\000r\000i\000t\000y}{chapter.9}% 154
\BOOKMARK [1][-]{section.9.6}{\376\377\000\247\0008\000.\0005\000\040\040\024\000\040\000M\000e\000t\000a\000-\000f\000a\000l\000s\000i\000f\000i\000c\000a\000t\000i\000o\000n\000\040\000F\0006}{chapter.9}% 155
\BOOKMARK [1][-]{section.9.7}{\376\377\000\247\0008\000.\0006\000\040\040\024\000\040\000O\000p\000e\000n\000\040\000q\000u\000e\000s\000t\000i\000o\000n\000s\000\040\000f\000o\000r\000\040\000\247\0008}{chapter.9}% 156
\BOOKMARK [1][-]{section.9.8}{\376\377\000\247\0008\000.\0007\000\040\040\024\000\040\000F\000o\000r\000w\000a\000r\000d\000-\000p\000o\000i\000n\000t\000e\000r\000s}{chapter.9}% 157
\BOOKMARK [1][-]{section.9.9}{\376\377\000\247\0008\000.\0008\000\040\040\024\000\040\000S\000u\000r\000f\000a\000c\000e\000d\000-\000l\000e\000m\000m\000a\000\040\000r\000e\000g\000i\000s\000t\000e\000r}{chapter.9}% 158
\BOOKMARK [0][-]{chapter.10}{\376\377\000\247\0009\000\040\040\024\000\040\000D\000\040\000t\000r\000a\000j\000e\000c\000t\000o\000r\000y\000-\000d\000i\000v\000e\000r\000g\000e\000n\000c\000e\000\040\000f\000u\000n\000c\000t\000i\000o\000n\000a\000l}{}% 159
\BOOKMARK [1][-]{section.10.1}{\376\377\000\247\0009\000.\0000\000\040\040\024\000\040\000O\000r\000i\000e\000n\000t\000a\000t\000i\000o\000n}{chapter.10}% 160
\BOOKMARK [1][-]{section.10.2}{\376\377\000\247\0009\000.\0001\000\040\040\024\000\040\000C\000o\000n\000s\000t\000r\000u\000c\000t\000i\000o\000n\000\040\000o\000f\000\040\000D}{chapter.10}% 161
\BOOKMARK [1][-]{section.10.3}{\376\377\000\247\0009\000.\0002\000\040\040\024\000\040\000C\000a\000n\000d\000i\000d\000a\000t\000e\000\040\000m\000e\000t\000r\000i\000c\000s\000\040\000d}{chapter.10}% 162
\BOOKMARK [2][-]{subsection.10.3.1}{\376\377\000\247\0009\000.\0002\000.\0001\000\040\040\024\000\040\000W\000a\000s\000s\000e\000r\000s\000t\000e\000i\000n}{section.10.3}% 163
\BOOKMARK [2][-]{subsection.10.3.2}{\376\377\000\247\0009\000.\0002\000.\0002\000\040\040\024\000\040\000R\000e\000g\000u\000l\000a\000r\000i\000z\000e\000d\000\040\000K\000L\000-\000d\000i\000v\000e\000r\000g\000e\000n\000c\000e}{section.10.3}% 164
\BOOKMARK [2][-]{subsection.10.3.3}{\376\377\000\247\0009\000.\0002\000.\0003\000\040\040\024\000\040\000D\000o\000m\000a\000i\000n\000-\000n\000a\000t\000i\000v\000e\000\040\000m\000e\000t\000r\000i\000c\000s}{section.10.3}% 165
\BOOKMARK [1][-]{section.10.4}{\376\377\000\247\0009\000.\0003\000\040\040\024\000\040\000B\000i\000a\000s\000-\000c\000o\000n\000s\000i\000s\000t\000e\000n\000c\000y}{chapter.10}% 166
\BOOKMARK [1][-]{section.10.5}{\376\377\000\247\0009\000.\0004\000\040\040\024\000\040\000T\000h\000e\000\040\000o\000u\000t\000p\000e\000r\000f\000o\000r\000m\000a\000n\000c\000e\000\040\000i\000n\000e\000q\000u\000a\000l\000i\000t\000y}{chapter.10}% 167
\BOOKMARK [2][-]{subsection.10.5.1}{\376\377\000\247\0009\000.\0004\000.\0001\000\040\040\024\000\040\000F\000o\000u\000r\000\040\000s\000t\000r\000e\000a\000m\000-\000p\000a\000r\000a\000m\000e\000t\000e\000r\000s}{section.10.5}% 168
\BOOKMARK [2][-]{subsection.10.5.2}{\376\377\000\247\0009\000.\0004\000.\0002\000\040\040\024\000\040\000T\000h\000e\000\040\000j\000o\000i\000n\000t\000\040\000b\000o\000u\000n\000d}{section.10.5}% 169
\BOOKMARK [2][-]{subsection.10.5.3}{\376\377\000\247\0009\000.\0004\000.\0003\000\040\040\024\000\040\000T\000h\000e\000\040\000o\000u\000t\000p\000e\000r\000f\000o\000r\000m\000a\000n\000c\000e\000\040\000t\000h\000e\000o\000r\000e\000m}{section.10.5}% 170
\BOOKMARK [1][-]{section.10.6}{\376\377\000\247\0009\000.\0005\000\040\040\024\000\040\000C\000r\000o\000s\000s\000-\000m\000e\000t\000r\000i\000c\000\040\000i\000n\000v\000a\000r\000i\000a\000n\000c\000e\000\040\000\050\000r\000e\000s\000o\000l\000u\000t\000i\000o\000n\000\040\000o\000f\000\040\000Q\0001\000\051}{chapter.10}% 171
\BOOKMARK [1][-]{section.10.7}{\376\377\000\247\0009\000.\0006\000\040\040\024\000\040\000D\000\040\000o\000n\000\040\000F\000\137\042\036\000\040\000\050\000s\000e\000l\000f\000-\000r\000e\000f\000e\000r\000e\000n\000c\000e\000\040\000a\000p\000p\000l\000i\000c\000a\000t\000i\000o\000n\000\051}{chapter.10}% 172
\BOOKMARK [1][-]{section.10.8}{\376\377\000\247\0009\000.\0007\000\040\040\024\000\040\000O\000b\000s\000e\000r\000v\000a\000b\000l\000e\000\040\000s\000i\000g\000n\000a\000t\000u\000r\000e\000s\000\040\000r\000e\000c\000a\000p}{chapter.10}% 173
\BOOKMARK [1][-]{section.10.9}{\376\377\000\247\0009\000.\0008\000\040\040\024\000\040\000O\000p\000e\000n\000\040\000q\000u\000e\000s\000t\000i\000o\000n\000s\000\040\000f\000o\000r\000\040\000\247\0009}{chapter.10}% 174
\BOOKMARK [1][-]{section.10.10}{\376\377\000\247\0009\000.\0009\000\040\040\024\000\040\000F\000o\000r\000w\000a\000r\000d\000-\000p\000o\000i\000n\000t\000e\000r\000s}{chapter.10}% 175
\BOOKMARK [1][-]{section.10.11}{\376\377\000\247\0009\000.\0001\0000\000\040\040\024\000\040\000S\000u\000r\000f\000a\000c\000e\000d\000-\000l\000e\000m\000m\000a\000\040\000r\000e\000g\000i\000s\000t\000e\000r}{chapter.10}% 176
\BOOKMARK [0][-]{chapter.11}{\376\377\000\247\0001\0000\000\040\040\024\000\040\000R\000e\000f\000e\000r\000e\000n\000c\000e\000\040\000F\000i\000g\000u\000r\000e\000s}{}% 177
\BOOKMARK [1][-]{section.11.1}{\376\377\000\247\0001\0000\000.\0000\000\040\040\024\000\040\000F\000i\000g\000u\000r\000e\000\040\000i\000n\000d\000e\000x}{chapter.11}% 178
\BOOKMARK [1][-]{section.11.2}{\376\377\000\247\0001\0000\000.\0001\000\040\040\024\000\040\000F\000i\000g\000u\000r\000e\000\040\0001\000:\000\040\000T\000h\000e\000\040\000e\000n\000d\000o\000f\000u\000n\000c\000t\000o\000r\000\040\000F\000\040\000a\000n\000d\000\040\000S\000t\000r\000e\000a\000m\000-\000a\000s\000-\000F\000-\000c\000o\000a\000l\000g\000e\000b\000r\000a}{chapter.11}% 179
\BOOKMARK [1][-]{section.11.3}{\376\377\000\247\0001\0000\000.\0002\000\040\040\024\000\040\000F\000i\000g\000u\000r\000e\000\040\0002\000:\000\040\000T\000r\000i\000p\000l\000e\000\040\000f\000u\000n\000c\000t\000o\000r\000\040\000T}{chapter.11}% 180
\BOOKMARK [1][-]{section.11.4}{\376\377\000\247\0001\0000\000.\0003\000\040\040\024\000\040\000F\000i\000g\000u\000r\000e\000\040\0003\000:\000\040\000R\000e\000c\000u\000r\000s\000i\000v\000e\000\040\000d\000e\000c\000o\000m\000p\000o\000s\000a\000b\000i\000l\000i\000t\000y\000\040\000T\000\136\000\050\000n\000\051}{chapter.11}% 181
\BOOKMARK [1][-]{section.11.5}{\376\377\000\247\0001\0000\000.\0004\000\040\040\024\000\040\000F\000i\000g\000u\000r\000e\000\040\0004\000:\000\040\000K\000i\000n\000d\000-\000c\000l\000a\000s\000s\000i\000f\000i\000e\000r\000\040\000f\000i\000b\000r\000a\000t\000i\000o\000n\000\040\003\300}{chapter.11}% 182
\BOOKMARK [1][-]{section.11.6}{\376\377\000\247\0001\0000\000.\0005\000\040\040\024\000\040\000F\000i\000g\000u\000r\000e\000\040\0005\000:\000\040\000B\000i\000a\000s\000\050\000S\000\051\000\040\000s\000i\000g\000n\000e\000d\000\040\000m\000e\000a\000s\000u\000r\000e\000\040\000+\000\040\000p\000u\000s\000h\000-\000o\000p\000e\000r\000a\000t\000o\000r\000s}{chapter.11}% 183
\BOOKMARK [1][-]{section.11.7}{\376\377\000\247\0001\0000\000.\0006\000\040\040\024\000\040\000F\000i\000g\000u\000r\000e\000\040\0006\000:\000\040\000D\000u\000a\000l\000\040\000c\000o\000h\000e\000r\000e\000n\000c\000e\000\040\000a\000x\000e\000s\000\040\000\050\003\303\000\137\000s\000t\000r\000u\000c\000t\000\040\000\327\000\040\003\303\000\137\000i\000n\000f\000o\000\040\000p\000l\000a\000n\000e\000\051}{chapter.11}% 184
\BOOKMARK [1][-]{section.11.8}{\376\377\000\247\0001\0000\000.\0007\000\040\040\024\000\040\000F\000i\000g\000u\000r\000e\000\040\0007\000:\000\040\000F\000o\000u\000r\000-\000c\000o\000n\000d\000i\000t\000i\000o\000n\000s\000\040\000s\000c\000h\000e\000m\000a\000t\000i\000c}{chapter.11}% 185
\BOOKMARK [1][-]{section.11.9}{\376\377\000\247\0001\0000\000.\0008\000\040\040\024\000\040\000F\000i\000g\000u\000r\000e\000\040\0008\000:\000\040\000S\000e\000l\000f\000-\000r\000e\000f\000e\000r\000e\000n\000c\000e\000\040\000c\000l\000o\000s\000u\000r\000e}{chapter.11}% 186
\BOOKMARK [1][-]{section.11.10}{\376\377\000\247\0001\0000\000.\0009\000\040\040\024\000\040\000B\000a\000c\000k\000-\000p\000o\000r\000t\000\040\000p\000o\000l\000i\000c\000y}{chapter.11}% 187
\BOOKMARK [1][-]{section.11.11}{\376\377\000\247\0001\0000\000.\0001\0000\000\040\040\024\000\040\000F\000o\000r\000w\000a\000r\000d\000-\000p\000o\000i\000n\000t\000e\000r\000s}{chapter.11}% 188
\BOOKMARK [1][-]{section.11.12}{\376\377\000\247\0001\0000\000.\0001\0001\000\040\040\024\000\040\000N\000o\000t\000e\000s\000\040\000o\000n\000\040\000L\000a\000T\000e\000X\000\040\000e\000n\000v\000i\000r\000o\000n\000m\000e\000n\000t}{chapter.11}% 189
\BOOKMARK [0][-]{chapter.12}{\376\377\000A\000p\000p\000e\000n\000d\000i\000x\000\040\000A\000\040\040\024\000\040\000A\000n\000c\000h\000o\000r\000\040\041\222\000\040\000C\000o\000m\000p\000a\000n\000i\000o\000n\000\040\000c\000r\000o\000s\000s\000w\000a\000l\000k}{}% 190
\BOOKMARK [1][-]{section.12.1}{\376\377\000A\000.\0001\000\040\040\024\000\040\000B\000y\000\040\000a\000n\000c\000h\000o\000r\000\040\000c\000h\000a\000p\000t\000e\000r}{chapter.12}% 191
\BOOKMARK [2][-]{subsection.12.1.1}{\376\377\000A\000n\000c\000h\000o\000r\000\040\000\247\0001\000.\0000\000\040\000\050\000T\000h\000e\000\040\000C\000a\000t\000e\000g\000o\000r\000y\000\040\000o\000f\000\040\000S\000t\000r\000e\000a\000m\000s\000\051\000\040\041\222\000\040\000C\000o\000m\000p\000a\000n\000i\000o\000n}{section.12.1}% 192
\BOOKMARK [2][-]{subsection.12.1.2}{\376\377\000A\000n\000c\000h\000o\000r\000\040\000\247\0001\000\040\000\050\000I\000d\000e\000n\000t\000i\000t\000y\000-\000T\000r\000a\000j\000e\000c\000t\000o\000r\000y\000\040\000T\000r\000i\000p\000l\000e\000\051\000\040\041\222\000\040\000C\000o\000m\000p\000a\000n\000i\000o\000n}{section.12.1}% 193
\BOOKMARK [2][-]{subsection.12.1.3}{\376\377\000A\000n\000c\000h\000o\000r\000\040\000\247\0002\000\040\000\050\000A\000x\000i\000o\000m\000\040\0001\000\051\000\040\041\222\000\040\000C\000o\000m\000p\000a\000n\000i\000o\000n}{section.12.1}% 194
\BOOKMARK [2][-]{subsection.12.1.4}{\376\377\000A\000n\000c\000h\000o\000r\000\040\000\247\0003\000\040\000\050\000A\000x\000i\000o\000m\000\040\0002\000\051\000\040\041\222\000\040\000C\000o\000m\000p\000a\000n\000i\000o\000n}{section.12.1}% 195
\BOOKMARK [2][-]{subsection.12.1.5}{\376\377\000A\000n\000c\000h\000o\000r\000\040\000\247\0004\000\040\000\050\000A\000x\000i\000o\000m\000\040\0003\000\051\000\040\041\222\000\040\000C\000o\000m\000p\000a\000n\000i\000o\000n}{section.12.1}% 196
\BOOKMARK [2][-]{subsection.12.1.6}{\376\377\000A\000n\000c\000h\000o\000r\000\040\000\247\0005\000\040\000\050\000D\000e\000s\000c\000r\000i\000p\000t\000i\000v\000e\000\040\000t\000h\000e\000o\000r\000e\000m\000s\000\051\000\040\041\222\000\040\000C\000o\000m\000p\000a\000n\000i\000o\000n}{section.12.1}% 197
\BOOKMARK [2][-]{subsection.12.1.7}{\376\377\000A\000n\000c\000h\000o\000r\000\040\000\247\0006\000\040\000\050\000D\000y\000n\000a\000m\000i\000c\000s\000\040\000t\000h\000e\000o\000r\000e\000m\000s\000\051\000\040\041\222\000\040\000C\000o\000m\000p\000a\000n\000i\000o\000n}{section.12.1}% 198
\BOOKMARK [2][-]{subsection.12.1.8}{\376\377\000A\000n\000c\000h\000o\000r\000\040\000\247\0007\000\040\000\050\000C\000o\000h\000e\000r\000e\000n\000c\000e\000\040\000t\000h\000e\000o\000r\000e\000m\000s\000\051\000\040\041\222\000\040\000C\000o\000m\000p\000a\000n\000i\000o\000n}{section.12.1}% 199
\BOOKMARK [2][-]{subsection.12.1.9}{\376\377\000A\000n\000c\000h\000o\000r\000\040\000\247\0008\000\040\000\050\000C\000o\000r\000o\000l\000l\000a\000r\000y\000\040\000c\000l\000u\000s\000t\000e\000r\000s\000\051\000\040\041\222\000\040\000C\000o\000m\000p\000a\000n\000i\000o\000n}{section.12.1}% 200
\BOOKMARK [2][-]{subsection.12.1.10}{\376\377\000A\000n\000c\000h\000o\000r\000\040\000\247\0009\000\040\000\050\000C\000o\000h\000e\000r\000e\000n\000c\000e\000\040\000P\000r\000i\000n\000c\000i\000p\000l\000e\000\051\000\040\041\222\000\040\000C\000o\000m\000p\000a\000n\000i\000o\000n}{section.12.1}% 201
\BOOKMARK [2][-]{subsection.12.1.11}{\376\377\000A\000n\000c\000h\000o\000r\000\040\000\247\0001\0000\000\040\000\050\000F\000i\000l\000t\000e\000r\000i\000n\000g\000\040\000t\000h\000e\000\040\000f\000r\000a\000m\000e\000w\000o\000r\000k\000\051\000\040\041\222\000\040\000C\000o\000m\000p\000a\000n\000i\000o\000n}{section.12.1}% 202
\BOOKMARK [2][-]{subsection.12.1.12}{\376\377\000A\000n\000c\000h\000o\000r\000\040\000A\000p\000p\000e\000n\000d\000i\000x\000\040\000A\000\040\000\050\000F\000o\000r\000m\000a\000l\000\040\000O\000b\000j\000e\000c\000t\000s\000\040\000I\000n\000d\000e\000x\000\051\000\040\041\222\000\040\000C\000o\000m\000p\000a\000n\000i\000o\000n}{section.12.1}% 203
\BOOKMARK [2][-]{subsection.12.1.13}{\376\377\000A\000n\000c\000h\000o\000r\000\040\000A\000p\000p\000e\000n\000d\000i\000x\000\040\000B\000\040\000\050\000B\000i\000a\000s\000\040\000F\000o\000r\000m\000a\000l\000i\000z\000a\000t\000i\000o\000n\000\051\000\040\041\222\000\040\000C\000o\000m\000p\000a\000n\000i\000o\000n}{section.12.1}% 204
\BOOKMARK [1][-]{section.12.2}{\376\377\000A\000.\0002\000\040\040\024\000\040\000A\000n\000c\000h\000o\000r\000-\000i\000n\000t\000e\000r\000n\000a\000l\000\040\000c\000r\000o\000s\000s\000-\000r\000e\000f\000e\000r\000e\000n\000c\000e\000s\000\040\000r\000e\000s\000o\000l\000v\000i\000n\000g\000\040\000t\000o\000\040\000C\000o\000m\000p\000a\000n\000i\000o\000n}{chapter.12}% 205
\BOOKMARK [1][-]{section.12.3}{\376\377\000A\000.\0003\000\040\040\024\000\040\000P\000o\000l\000i\000c\000y}{chapter.12}% 206
\BOOKMARK [0][-]{chapter.13}{\376\377\000A\000p\000p\000e\000n\000d\000i\000x\000\040\000B\000\040\040\024\000\040\000C\000o\000m\000p\000a\000n\000i\000o\000n\000\040\041\222\000\040\000A\000n\000c\000h\000o\000r\000\040\000c\000r\000o\000s\000s\000w\000a\000l\000k}{}% 207
\BOOKMARK [1][-]{section.13.1}{\376\377\000B\000.\0001\000\040\040\024\000\040\000B\000y\000\040\000C\000o\000m\000p\000a\000n\000i\000o\000n\000\040\000c\000h\000a\000p\000t\000e\000r}{chapter.13}% 208
\BOOKMARK [2][-]{subsection.13.1.1}{\376\377\000\247\0001\000\040\000\050\000C\000a\000t\000e\000g\000o\000r\000y\000\040\000f\000r\000a\000m\000e\000w\000o\000r\000k\000\051\000\040\000o\000b\000j\000e\000c\000t\000s}{section.13.1}% 209
\BOOKMARK [2][-]{subsection.13.1.2}{\376\377\000\247\0002\000\040\000\050\000A\000x\000i\000o\000m\000s\000\051\000\040\000o\000b\000j\000e\000c\000t\000s}{section.13.1}% 210
\BOOKMARK [2][-]{subsection.13.1.3}{\376\377\000\247\0003\000\040\000\050\000T\000h\000e\000o\000r\000e\000m\000s\000\051\000\040\000o\000b\000j\000e\000c\000t\000s}{section.13.1}% 211
\BOOKMARK [2][-]{subsection.13.1.4}{\376\377\000\247\0004\000\040\000\050\000C\000o\000r\000o\000l\000l\000a\000r\000i\000e\000s\000\051\000\040\000o\000b\000j\000e\000c\000t\000s}{section.13.1}% 212
\BOOKMARK [2][-]{subsection.13.1.5}{\376\377\000\247\0005\000\040\000\050\000C\000o\000h\000e\000r\000e\000n\000c\000e\000\040\000P\000r\000i\000n\000c\000i\000p\000l\000e\000\051\000\040\000o\000b\000j\000e\000c\000t\000s}{section.13.1}% 213
\BOOKMARK [2][-]{subsection.13.1.6}{\376\377\000\247\0006\000\040\000\050\000T\000r\000i\000p\000l\000e\000\051\000\040\000o\000b\000j\000e\000c\000t\000s}{section.13.1}% 214
\BOOKMARK [2][-]{subsection.13.1.7}{\376\377\000\247\0007\000\040\000\050\000F\000i\000l\000t\000e\000r\000i\000n\000g\000\040\000c\000o\000n\000s\000t\000r\000u\000c\000t\000i\000o\000n\000\051\000\040\000o\000b\000j\000e\000c\000t\000s}{section.13.1}% 215
\BOOKMARK [2][-]{subsection.13.1.8}{\376\377\000\247\0008\000\040\000\050\000F\000-\000a\000s\000-\000s\000t\000r\000e\000a\000m\000\051\000\040\000o\000b\000j\000e\000c\000t\000s}{section.13.1}% 216
\BOOKMARK [2][-]{subsection.13.1.9}{\376\377\000\247\0009\000\040\000\050\000D\000\040\000t\000r\000a\000j\000e\000c\000t\000o\000r\000y\000-\000d\000i\000v\000e\000r\000g\000e\000n\000c\000e\000\051\000\040\000o\000b\000j\000e\000c\000t\000s}{section.13.1}% 217
\BOOKMARK [2][-]{subsection.13.1.10}{\376\377\000\247\0001\0000\000\040\000\050\000R\000e\000f\000e\000r\000e\000n\000c\000e\000\040\000f\000i\000g\000u\000r\000e\000s\000\051\000\040\000o\000b\000j\000e\000c\000t\000s}{section.13.1}% 218
\BOOKMARK [1][-]{section.13.2}{\376\377\000B\000.\0002\000\040\040\024\000\040\000S\000u\000r\000f\000a\000c\000e\000d\000-\000l\000e\000m\000m\000a\000\040\000r\000e\000g\000i\000s\000t\000e\000r\000\040\000\050\000f\000u\000l\000l\000\051}{chapter.13}% 219
\BOOKMARK [1][-]{section.13.3}{\376\377\000B\000.\0003\000\040\040\024\000\040\000P\000o\000l\000i\000c\000y}{chapter.13}% 220
