\BOOKMARK [0][-]{chapter*.1}{\376\377\000P\000r\000e\000f\000a\000c\000e}{}% 1
\BOOKMARK [1][-]{section.0.1}{\376\377\000T\000h\000e\000\040\000C\000o\000h\000e\000r\000e\000n\000c\000e\000\040\000P\000r\000i\000n\000c\000i\000p\000l\000e\000\040\040\024\000\040\000F\000o\000u\000n\000d\000a\000t\000i\000o\000n\000a\000l\000\040\000V\000o\000l\000u\000m\000e}{chapter*.1}% 2
\BOOKMARK [2][-]{subsection.0.1.1}{\376\377\000C\000h\000a\000p\000t\000e\000r\000\040\000i\000n\000d\000e\000x}{section.0.1}% 3
\BOOKMARK [2][-]{subsection.0.1.2}{\376\377\000S\000t\000r\000u\000c\000t\000u\000r\000e}{section.0.1}% 4
\BOOKMARK [0][-]{chapter.1}{\376\377\000\247\0001\000.\0000\000\040\040\024\000\040\000T\000h\000e\000\040\000C\000a\000t\000e\000g\000o\000r\000y\000\040\000o\000f\000\040\000S\000t\000r\000e\000a\000m\000s}{}% 5
\BOOKMARK [1][-]{section.1.1}{\376\377\000\247\0001\000.\0000\000.\0000\000\040\000W\000h\000y\000\040\000t\000h\000i\000s\000\040\000c\000h\000a\000p\000t\000e\000r\000\040\000c\000o\000m\000e\000s\000\040\000f\000i\000r\000s\000t}{chapter.1}% 6
\BOOKMARK [1][-]{section.1.2}{\376\377\000\247\0001\000.\0000\000.\0001\000\040\000O\000b\000j\000e\000c\000t\000s\000:\000\040\000s\000t\000r\000e\000a\000m\000s}{chapter.1}% 7
\BOOKMARK [2][-]{subsection.1.2.1}{\376\377\000C\000T\000\040\000s\000t\000a\000t\000e\000m\000e\000n\000t}{section.1.2}% 8
\BOOKMARK [2][-]{subsection.1.2.2}{\376\377\000P\000r\000o\000s\000e}{section.1.2}% 9
\BOOKMARK [1][-]{section.1.3}{\376\377\000\247\0001\000.\0000\000.\0002\000\040\000M\000o\000r\000p\000h\000i\000s\000m\000s\000:\000\040\000c\000o\000o\000p\000e\000r\000a\000t\000i\000v\000e\000-\000c\000o\000n\000s\000t\000i\000t\000u\000e\000n\000c\000y}{chapter.1}% 10
\BOOKMARK [2][-]{subsection.1.3.1}{\376\377\000C\000T\000\040\000s\000t\000a\000t\000e\000m\000e\000n\000t}{section.1.3}% 11
\BOOKMARK [2][-]{subsection.1.3.2}{\376\377\000P\000r\000o\000s\000e}{section.1.3}% 12
\BOOKMARK [1][-]{section.1.4}{\376\377\000\247\0001\000.\0000\000.\0003\000\040\000C\000o\000m\000p\000o\000s\000i\000t\000i\000o\000n\000\040\000a\000n\000d\000\040\000i\000d\000e\000n\000t\000i\000t\000y}{chapter.1}% 13
\BOOKMARK [2][-]{subsection.1.4.1}{\376\377\000C\000T\000\040\000s\000t\000a\000t\000e\000m\000e\000n\000t}{section.1.4}% 14
\BOOKMARK [2][-]{subsection.1.4.2}{\376\377\000P\000r\000o\000s\000e}{section.1.4}% 15
\BOOKMARK [1][-]{section.1.5}{\376\377\000\247\0001\000.\0000\000.\0004\000\040\000K\000e\000y\000\040\000s\000t\000r\000u\000c\000t\000u\000r\000a\000l\000\040\000p\000r\000o\000p\000e\000r\000t\000i\000e\000s\000\040\000o\000f\000\040\330\065\334\236\000\137\000S\000t\000r}{chapter.1}% 16
\BOOKMARK [2][-]{subsection.1.5.1}{\376\377\000C\000T\000\040\000s\000t\000a\000t\000e\000m\000e\000n\000t}{section.1.5}% 17
\BOOKMARK [2][-]{subsection.1.5.2}{\376\377\000P\000r\000o\000s\000e}{section.1.5}% 18
\BOOKMARK [2][-]{subsection.1.5.3}{\376\377\000F\000i\000g\000u\000r\000e\000\040\0001\000.\0000\000.\0001\000\040\040\024\000\040\330\065\334\236\000\137\000S\000t\000r\000\040\000a\000s\000\040\000a\000\040\000D\000A\000G\000\040\000o\000f\000\040\000s\000t\000r\000e\000a\000m\000s}{section.1.5}% 19
\BOOKMARK [1][-]{section.1.6}{\376\377\000\247\0001\000.\0000\000.\0005\000\040\000W\000h\000a\000t\000\040\000t\000h\000e\000\040\000T\000r\000i\000p\000l\000e\000\040\000p\000r\000o\000j\000e\000c\000t\000s\000\040\000o\000n\000t\000o}{chapter.1}% 20
\BOOKMARK [2][-]{subsection.1.6.1}{\376\377\000C\000T\000\040\000s\000t\000a\000t\000e\000m\000e\000n\000t}{section.1.6}% 21
\BOOKMARK [2][-]{subsection.1.6.2}{\376\377\000P\000r\000o\000s\000e}{section.1.6}% 22
\BOOKMARK [1][-]{section.1.7}{\376\377\000\247\0001\000.\0000\000.\0006\000\040\000O\000p\000e\000n\000\040\000q\000u\000e\000s\000t\000i\000o\000n\000s\000\040\000a\000n\000d\000\040\000c\000a\000r\000r\000y\000-\000f\000o\000r\000w\000a\000r\000d\000s}{chapter.1}% 23
\BOOKMARK [1][-]{section.1.8}{\376\377\000\247\0001\000.\0000\000.\0007\000\040\000S\000u\000m\000m\000a\000r\000y\000\040\040\024\000\040\000w\000h\000a\000t\000\040\000\247\0001\000.\0000\000\040\000e\000s\000t\000a\000b\000l\000i\000s\000h\000e\000d}{chapter.1}% 24
\BOOKMARK [0][-]{chapter.2}{\376\377\000\247\0001\000\040\040\024\000\040\000T\000h\000e\000\040\000I\000d\000e\000n\000t\000i\000t\000y\000-\000T\000r\000a\000j\000e\000c\000t\000o\000r\000y\000\040\000T\000r\000i\000p\000l\000e}{}% 25
\BOOKMARK [1][-]{section.2.1}{\376\377\000\247\0001\000.\0000\000\040\040\024\000\040\000W\000h\000y\000\040\000t\000h\000i\000s\000\040\000c\000h\000a\000p\000t\000e\000r\000\040\000o\000p\000e\000n\000s\000\040\000t\000h\000e\000\040\000v\000o\000l\000u\000m\000e}{chapter.2}% 26
\BOOKMARK [1][-]{section.2.2}{\376\377\000\247\0001\000.\0001\000\040\040\024\000\040\000T\000h\000e\000\040\000t\000h\000r\000e\000e\000\040\000a\000x\000e\000s\000:\000\040\000F\000o\000r\000m\000,\000\040\000C\000o\000n\000t\000e\000n\000t\000,\000\040\000C\000a\000r\000r\000i\000e\000r}{chapter.2}% 27
\BOOKMARK [2][-]{subsection.2.2.1}{\376\377\000F\000o\000r\000m\000a\000l\000\040\000s\000t\000a\000t\000e\000m\000e\000n\000t}{section.2.2}% 28
\BOOKMARK [2][-]{subsection.2.2.2}{\376\377\000P\000r\000o\000s\000e\000\040\000t\000r\000a\000n\000s\000l\000a\000t\000i\000o\000n}{section.2.2}% 29
\BOOKMARK [2][-]{subsection.2.2.3}{\376\377\000W\000h\000y\000\040\000t\000h\000i\000s\000\040\000i\000s\000\040\000n\000o\000t\000\040\000j\000u\000s\000t\000\040\000a\000\040\000l\000i\000s\000t}{section.2.2}% 30
\BOOKMARK [1][-]{section.2.3}{\376\377\000\247\0001\000.\0002\000\040\040\024\000\040\000C\000o\000m\000p\000o\000s\000i\000t\000i\000o\000n\000a\000l\000\040\000c\000o\000n\000s\000t\000r\000a\000i\000n\000t\000s}{chapter.2}% 31
\BOOKMARK [2][-]{subsection.2.3.1}{\376\377\000F\000o\000r\000m\000a\000l\000\040\000s\000t\000a\000t\000e\000m\000e\000n\000t}{section.2.3}% 32
\BOOKMARK [2][-]{subsection.2.3.2}{\376\377\000F\000i\000g\000u\000r\000e\000\040\0001\000.\0001\000\040\040\024\000\040\000T\000h\000e\000\040\000T\000r\000i\000p\000l\000e\000\040\000a\000s\000\040\000c\000o\000l\000a\000x\000-\000l\000i\000m\000i\000t\000\040\000d\000i\000a\000g\000r\000a\000m}{section.2.3}% 33
\BOOKMARK [2][-]{subsection.2.3.3}{\376\377\000P\000r\000o\000s\000e\000\040\000t\000r\000a\000n\000s\000l\000a\000t\000i\000o\000n}{section.2.3}% 34
\BOOKMARK [2][-]{subsection.2.3.4}{\376\377\000A\000\040\000n\000o\000t\000e\000\040\000o\000n\000\040\000t\000h\000e\000\040\000f\000o\000r\000m\000a\000l\000\040\000s\000t\000a\000t\000u\000s\000\040\000o\000f\000\040\000\050\000T\000C\0001\000\051\040\023\000\050\000T\000C\0003\000\051}{section.2.3}% 35
\BOOKMARK [1][-]{section.2.4}{\376\377\000\247\0001\000.\0003\000\040\040\024\000\040\000R\000e\000c\000u\000r\000s\000i\000v\000e\000\040\000d\000e\000c\000o\000m\000p\000o\000s\000a\000b\000i\000l\000i\000t\000y}{chapter.2}% 36
\BOOKMARK [2][-]{subsection.2.4.1}{\376\377\000F\000o\000r\000m\000a\000l\000\040\000s\000t\000a\000t\000e\000m\000e\000n\000t}{section.2.4}% 37
\BOOKMARK [2][-]{subsection.2.4.2}{\376\377\000F\000i\000g\000u\000r\000e\000\040\0001\000.\0002\000\040\040\024\000\040\000R\000e\000c\000u\000r\000s\000i\000v\000e\000\040\000d\000e\000c\000o\000m\000p\000o\000s\000a\000b\000i\000l\000i\000t\000y\000\040\000d\000i\000a\000g\000r\000a\000m}{section.2.4}% 38
\BOOKMARK [2][-]{subsection.2.4.3}{\376\377\000P\000r\000o\000s\000e\000\040\000t\000r\000a\000n\000s\000l\000a\000t\000i\000o\000n}{section.2.4}% 39
\BOOKMARK [1][-]{section.2.5}{\376\377\000\247\0001\000.\0004\000\040\040\024\000\040\000B\000r\000i\000d\000g\000e\000\040\000\043\0001\0000\0008\000\040\000d\000e\000r\000i\000v\000e\000d\000:\000\040\000t\000h\000e\000\040\000m\000i\000s\000m\000a\000t\000c\000h\000\040\000c\000o\000n\000d\000i\000t\000i\000o\000n}{chapter.2}% 40
\BOOKMARK [2][-]{subsection.2.5.1}{\376\377\000F\000o\000r\000m\000a\000l\000\040\000s\000t\000a\000t\000e\000m\000e\000n\000t}{section.2.5}% 41
\BOOKMARK [2][-]{subsection.2.5.2}{\376\377\000F\000i\000g\000u\000r\000e\000\040\0001\000.\0003\000\040\040\024\000\040\000T\000h\000e\000\040\000m\000i\000s\000m\000a\000t\000c\000h\000\040\000c\000o\000n\000d\000i\000t\000i\000o\000n}{section.2.5}% 42
\BOOKMARK [2][-]{subsection.2.5.3}{\376\377\000P\000r\000o\000s\000e\000\040\000t\000r\000a\000n\000s\000l\000a\000t\000i\000o\000n}{section.2.5}% 43
\BOOKMARK [1][-]{section.2.6}{\376\377\000\247\0001\000.\0005\000\040\040\024\000\040\000E\000d\000g\000e\000\040\000c\000a\000s\000e\000s}{chapter.2}% 44
\BOOKMARK [2][-]{subsection.2.6.1}{\376\377\000F\000o\000r\000m\000a\000l\000\040\000s\000t\000a\000t\000e\000m\000e\000n\000t}{section.2.6}% 45
\BOOKMARK [2][-]{subsection.2.6.2}{\376\377\000P\000r\000o\000s\000e\000\040\000t\000r\000a\000n\000s\000l\000a\000t\000i\000o\000n}{section.2.6}% 46
\BOOKMARK [1][-]{section.2.7}{\376\377\000\247\0001\000.\0006\000\040\040\024\000\040\000F\000a\000l\000s\000i\000f\000i\000c\000a\000t\000i\000o\000n\000\040\000o\000b\000l\000i\000g\000a\000t\000i\000o\000n\000s}{chapter.2}% 47
\BOOKMARK [1][-]{section.2.8}{\376\377\000\247\0001\000.\0007\000\040\040\024\000\040\000W\000o\000r\000k\000e\000d\000\040\000E\000x\000a\000m\000p\000l\000e\000\040\0001\000:\000\040\000C\000l\000a\000w\000d\000'\000s\000\040\000f\000o\000u\000r\000\040\000c\000a\000r\000r\000i\000e\000r\000-\000l\000e\000v\000e\000l\000s}{chapter.2}% 48
\BOOKMARK [2][-]{subsection.2.8.1}{\376\377\003\303\000\137\000C\000l\000a\000w\000d\000\040\000p\000r\000e\000-\000c\000o\000r\000r\000e\000c\000t\000i\000o\000n\000\040\000v\000s\000\040\003\303\000\137\000C\000l\000a\000w\000d\000\040\000p\000o\000s\000t\000-\000c\000o\000r\000r\000e\000c\000t\000i\000o\000n}{section.2.8}% 49
\BOOKMARK [2][-]{subsection.2.8.2}{\376\377\000T\000h\000e\000\040\000b\000a\000c\000k\000-\000p\000r\000o\000p\000a\000g\000a\000t\000i\000o\000n\000\040\000n\000o\000t\000e}{section.2.8}% 50
\BOOKMARK [1][-]{section.2.9}{\376\377\000\247\0001\000.\0008\000\040\040\024\000\040\000W\000o\000r\000k\000e\000d\000\040\000E\000x\000a\000m\000p\000l\000e\000\040\0002\000:\000\040\000C\000o\000u\000p\000l\000e\000d\000\040\000d\000y\000a\000d\000\040\000p\000a\000r\000t\000n\000e\000r\000-\000d\000e\000a\000t\000h}{chapter.2}% 51
\BOOKMARK [1][-]{section.2.10}{\376\377\000\247\0001\000.\0009\000\040\040\024\000\040\000H\000o\000w\000\040\000\247\0001\000\040\000c\000o\000n\000n\000e\000c\000t\000s\000\040\000f\000o\000r\000w\000a\000r\000d}{chapter.2}% 52
\BOOKMARK [1][-]{section.2.11}{\376\377\000\247\0001\000.\0001\0000\000\040\040\024\000\040\000O\000p\000e\000n\000\040\000q\000u\000e\000s\000t\000i\000o\000n\000s\000\040\000f\000o\000r\000\040\000\247\0002\000\040\000o\000n\000w\000a\000r\000d\000s}{chapter.2}% 53
\BOOKMARK [0][-]{chapter.3}{\376\377\000\247\0002\000\040\040\024\000\040\000A\000x\000i\000o\000m\000\040\0001\000:\000\040\000C\000o\000n\000s\000c\000i\000o\000u\000s\000n\000e\000s\000s\000\040\000a\000s\000\040\000S\000u\000b\000s\000t\000r\000a\000t\000e}{}% 54
\BOOKMARK [1][-]{section.3.1}{\376\377\000\247\0002\000.\0000\000\040\040\024\000\040\000W\000h\000y\000\040\000\247\0002\000\040\000f\000o\000l\000l\000o\000w\000s\000\040\000\247\0001}{chapter.3}% 55
\BOOKMARK [1][-]{section.3.2}{\376\377\000\247\0002\000.\0001\000\040\040\024\000\040\000T\000h\000e\000\040\000f\000o\000r\000m\000a\000l\000\040\000s\000t\000a\000t\000e\000m\000e\000n\000t\000\040\000o\000f\000\040\000A\0001}{chapter.3}% 56
\BOOKMARK [2][-]{subsection.3.2.1}{\376\377\000S\000t\000a\000t\000e\000m\000e\000n\000t}{section.3.2}% 57
\BOOKMARK [2][-]{subsection.3.2.2}{\376\377\000W\000h\000e\000r\000e\000\040\000t\000h\000e\000\040\000o\000b\000j\000e\000c\000t\000s\000\040\000c\000o\000m\000e\000\040\000f\000r\000o\000m}{section.3.2}% 58
\BOOKMARK [1][-]{section.3.3}{\376\377\000\247\0002\000.\0002\000\040\040\024\000\040\000T\000h\000e\000\040\000n\000o\000n\000-\000r\000e\000d\000u\000c\000i\000b\000i\000l\000i\000t\000y\000\040\000c\000l\000a\000u\000s\000e\000\040\000\050\000A\0001\000.\0001\000\051\000\040\040\024\000\040\000p\000a\000i\000r\000e\000d\000\040\000p\000r\000o\000s\000e}{chapter.3}% 59
\BOOKMARK [2][-]{subsection.3.3.1}{\376\377\000F\000o\000r\000m\000a\000l\000\040\000c\000o\000n\000t\000e\000n\000t}{section.3.3}% 60
\BOOKMARK [2][-]{subsection.3.3.2}{\376\377\000P\000r\000o\000s\000e\000\040\000t\000r\000a\000n\000s\000l\000a\000t\000i\000o\000n}{section.3.3}% 61
\BOOKMARK [2][-]{subsection.3.3.3}{\376\377\000W\000h\000y\000\040\000t\000h\000e\000\040\000f\000u\000n\000c\000t\000o\000r\000\040\000l\000a\000n\000g\000u\000a\000g\000e\000\040\000i\000s\000\040\000l\000o\000a\000d\000-\000b\000e\000a\000r\000i\000n\000g}{section.3.3}% 62
\BOOKMARK [1][-]{section.3.4}{\376\377\000\247\0002\000.\0003\000\040\040\024\000\040\000T\000h\000e\000\040\000n\000o\000n\000-\000f\000a\000c\000t\000o\000r\000i\000n\000g\000\040\000c\000l\000a\000u\000s\000e\000\040\000\050\000A\0001\000.\0002\000\051\000\040\040\024\000\040\000p\000a\000i\000r\000e\000d\000\040\000p\000r\000o\000s\000e}{chapter.3}% 63
\BOOKMARK [2][-]{subsection.3.4.1}{\376\377\000F\000o\000r\000m\000a\000l\000\040\000c\000o\000n\000t\000e\000n\000t}{section.3.4}% 64
\BOOKMARK [2][-]{subsection.3.4.2}{\376\377\000P\000r\000o\000s\000e\000\040\000t\000r\000a\000n\000s\000l\000a\000t\000i\000o\000n}{section.3.4}% 65
\BOOKMARK [2][-]{subsection.3.4.3}{\376\377\000C\000o\000n\000n\000e\000c\000t\000i\000o\000n\000\040\000t\000o\000\040\000\247\0001}{section.3.4}% 66
\BOOKMARK [1][-]{section.3.5}{\376\377\000\247\0002\000.\0004\000\040\040\024\000\040\000T\000h\000e\000\040\000a\000l\000l\000-\000p\000o\000t\000e\000n\000t\000i\000a\000l\000s\000-\000r\000e\000a\000l\000i\000z\000e\000d\000\040\000c\000l\000a\000u\000s\000e\000\040\000\050\000A\0001\000.\0003\000\051\000\040\040\024\000\040\000p\000a\000i\000r\000e\000d\000\040\000p\000r\000o\000s\000e}{chapter.3}% 67
\BOOKMARK [2][-]{subsection.3.5.1}{\376\377\000F\000o\000r\000m\000a\000l\000\040\000c\000o\000n\000t\000e\000n\000t}{section.3.5}% 68
\BOOKMARK [2][-]{subsection.3.5.2}{\376\377\000P\000r\000o\000s\000e\000\040\000t\000r\000a\000n\000s\000l\000a\000t\000i\000o\000n}{section.3.5}% 69
\BOOKMARK [2][-]{subsection.3.5.3}{\376\377\000W\000h\000y\000\040\000t\000h\000i\000s\000\040\000i\000s\000\040\000n\000o\000t\000\040\000a\000\040\000t\000r\000i\000v\000i\000a\000l\000\040\000m\000e\000t\000a\000p\000h\000y\000s\000i\000c\000a\000l\000\040\000a\000d\000d\000-\000o\000n}{section.3.5}% 70
\BOOKMARK [1][-]{section.3.6}{\376\377\000\247\0002\000.\0005\000\040\040\024\000\040\000T\000h\000e\000\040\000e\000t\000y\000m\000o\000l\000o\000g\000i\000c\000a\000l\000\040\000c\000l\000a\000u\000s\000e\000\040\000\050\000A\0001\000.\0004\000\051\000\040\040\024\000\040\000p\000a\000i\000r\000e\000d\000\040\000p\000r\000o\000s\000e}{chapter.3}% 71
\BOOKMARK [2][-]{subsection.3.6.1}{\376\377\000F\000o\000r\000m\000a\000l\000\040\000c\000o\000n\000t\000e\000n\000t}{section.3.6}% 72
\BOOKMARK [2][-]{subsection.3.6.2}{\376\377\000P\000r\000o\000s\000e\000\040\000t\000r\000a\000n\000s\000l\000a\000t\000i\000o\000n}{section.3.6}% 73
\BOOKMARK [2][-]{subsection.3.6.3}{\376\377\000W\000h\000y\000\040\000t\000h\000e\000\040\000c\000h\000o\000i\000c\000e\000\040\000o\000f\000\040\000w\000o\000r\000d\000\040\000i\000s\000\040\000l\000o\000a\000d\000-\000b\000e\000a\000r\000i\000n\000g}{section.3.6}% 74
\BOOKMARK [1][-]{section.3.7}{\376\377\000\247\0002\000.\0006\000\040\040\024\000\040\000T\000o\000g\000e\000t\000h\000e\000r\000:\000\040\000w\000h\000a\000t\000\040\000A\0001\000\040\000g\000i\000v\000e\000s\000\040\000u\000s}{chapter.3}% 75
\BOOKMARK [1][-]{section.3.8}{\376\377\000\247\0002\000.\0007\000\040\040\024\000\040\000O\000b\000j\000e\000c\000t\000i\000o\000n\000s\000\040\000a\000n\000d\000\040\000r\000e\000s\000p\000o\000n\000s\000e\000s}{chapter.3}% 76
\BOOKMARK [0][-]{chapter.4}{\376\377\000\247\0003\000\040\040\024\000\040\000A\000x\000i\000o\000m\000\040\0002\000:\000\040\000N\000e\000s\000t\000e\000d\000\040\000S\000t\000r\000e\000a\000m\000s\000\040\000a\000n\000d\000\040\000N\000a\000v\000i\000g\000a\000t\000i\000o\000n}{}% 77
\BOOKMARK [1][-]{section.4.1}{\376\377\000\247\0003\000.\0000\000\040\040\024\000\040\000W\000h\000y\000\040\000\247\0003\000\040\000f\000o\000l\000l\000o\000w\000s\000\040\000\247\0002}{chapter.4}% 78
\BOOKMARK [1][-]{section.4.2}{\376\377\000\247\0003\000.\0001\000\040\040\024\000\040\000T\000h\000e\000\040\000f\000o\000r\000m\000a\000l\000\040\000s\000t\000a\000t\000e\000m\000e\000n\000t\000\040\000o\000f\000\040\000A\0002}{chapter.4}% 79
\BOOKMARK [2][-]{subsection.4.2.1}{\376\377\000S\000t\000a\000t\000e\000m\000e\000n\000t}{section.4.2}% 80
\BOOKMARK [1][-]{section.4.3}{\376\377\000\247\0003\000.\0002\000\040\040\024\000\040\000U\000n\000i\000v\000e\000r\000s\000a\000l\000-\000s\000t\000r\000e\000a\000m\000\040\000\050\000A\0002\000.\0001\000\051\000\040\040\024\000\040\000p\000a\000i\000r\000e\000d\000\040\000p\000r\000o\000s\000e}{chapter.4}% 81
\BOOKMARK [2][-]{subsection.4.3.1}{\376\377\000F\000o\000r\000m\000a\000l\000\040\000c\000o\000n\000t\000e\000n\000t}{section.4.3}% 82
\BOOKMARK [2][-]{subsection.4.3.2}{\376\377\000P\000r\000o\000s\000e\000\040\000t\000r\000a\000n\000s\000l\000a\000t\000i\000o\000n}{section.4.3}% 83
\BOOKMARK [2][-]{subsection.4.3.3}{\376\377\000W\000h\000y\000\040\000t\000h\000i\000s\000\040\000i\000s\000\040\000l\000o\000a\000d\000-\000b\000e\000a\000r\000i\000n\000g\000\040\000f\000o\000r\000\040\000t\000h\000e\000\040\000f\000r\000a\000m\000e\000w\000o\000r\000k}{section.4.3}% 84
\BOOKMARK [1][-]{section.4.4}{\376\377\000\247\0003\000.\0003\000\040\040\024\000\040\000K\000i\000n\000d\000-\000s\000t\000r\000a\000t\000i\000f\000i\000c\000a\000t\000i\000o\000n\000\040\000\050\000A\0002\000.\0002\000\051\000\040\040\024\000\040\000p\000a\000i\000r\000e\000d\000\040\000p\000r\000o\000s\000e}{chapter.4}% 85
\BOOKMARK [2][-]{subsection.4.4.1}{\376\377\000F\000o\000r\000m\000a\000l\000\040\000c\000o\000n\000t\000e\000n\000t}{section.4.4}% 86
\BOOKMARK [2][-]{subsection.4.4.2}{\376\377\000F\000i\000g\000u\000r\000e\000\040\0003\000.\0001\000\040\040\024\000\040\000K\000i\000n\000d\000\040\000s\000t\000r\000a\000t\000i\000f\000i\000c\000a\000t\000i\000o\000n}{section.4.4}% 87
\BOOKMARK [2][-]{subsection.4.4.3}{\376\377\000P\000r\000o\000s\000e\000\040\000t\000r\000a\000n\000s\000l\000a\000t\000i\000o\000n}{section.4.4}% 88
\BOOKMARK [2][-]{subsection.4.4.4}{\376\377\000W\000h\000y\000\040\000s\000t\000r\000i\000c\000t\000\040\000i\000n\000c\000l\000u\000s\000i\000o\000n\000\040\000m\000a\000t\000t\000e\000r\000s}{section.4.4}% 89
\BOOKMARK [2][-]{subsection.4.4.5}{\376\377\000A\000\040\000n\000o\000t\000e\000\040\000o\000n\000\040\000k\000i\000n\000d\000\040\000v\000s\000.\000\040\000n\000a\000m\000i\000n\000g}{section.4.4}% 90
\BOOKMARK [1][-]{section.4.5}{\376\377\000\247\0003\000.\0004\000\040\040\024\000\040\000K\000i\000n\000d\000s\000-\000a\000s\000-\000p\000e\000r\000s\000p\000e\000c\000t\000i\000v\000a\000l\000\040\000\050\000A\0002\000.\0003\000\051\000\040\040\024\000\040\000p\000a\000i\000r\000e\000d\000\040\000p\000r\000o\000s\000e}{chapter.4}% 91
\BOOKMARK [2][-]{subsection.4.5.1}{\376\377\000F\000o\000r\000m\000a\000l\000\040\000c\000o\000n\000t\000e\000n\000t}{section.4.5}% 92
\BOOKMARK [2][-]{subsection.4.5.2}{\376\377\000P\000r\000o\000s\000e\000\040\000t\000r\000a\000n\000s\000l\000a\000t\000i\000o\000n}{section.4.5}% 93
\BOOKMARK [2][-]{subsection.4.5.3}{\376\377\000W\000h\000y\000\040\000t\000h\000i\000s\000\040\000m\000a\000t\000t\000e\000r\000s\000\040\000f\000o\000r\000\040\000t\000h\000e\000\040\000f\000r\000a\000m\000e\000w\000o\000r\000k\000'\000s\000\040\000o\000w\000n\000\040\000s\000t\000a\000t\000u\000s}{section.4.5}% 94
\BOOKMARK [1][-]{section.4.6}{\376\377\000\247\0003\000.\0005\000\040\040\024\000\040\000C\000o\000o\000p\000e\000r\000a\000t\000i\000v\000e\000\040\000c\000o\000n\000s\000t\000i\000t\000u\000e\000n\000c\000y\000\040\000\050\000A\0002\000.\0004\000\051\000\040\040\024\000\040\000p\000a\000i\000r\000e\000d\000\040\000p\000r\000o\000s\000e}{chapter.4}% 95
\BOOKMARK [2][-]{subsection.4.6.1}{\376\377\000F\000o\000r\000m\000a\000l\000\040\000c\000o\000n\000t\000e\000n\000t}{section.4.6}% 96
\BOOKMARK [2][-]{subsection.4.6.2}{\376\377\000P\000r\000o\000s\000e\000\040\000t\000r\000a\000n\000s\000l\000a\000t\000i\000o\000n}{section.4.6}% 97
\BOOKMARK [2][-]{subsection.4.6.3}{\376\377\000W\000h\000y\000\040\000t\000h\000i\000s\000\040\000c\000l\000a\000u\000s\000e\000\040\000i\000s\000\040\000s\000o\000\040\000d\000e\000n\000s\000e}{section.4.6}% 98
\BOOKMARK [2][-]{subsection.4.6.4}{\376\377\000F\000i\000g\000u\000r\000e\000\040\0003\000.\0002\000\040\040\024\000\040\000T\000h\000e\000\040\000c\000o\000o\000p\000e\000r\000a\000t\000i\000v\000e\000-\000c\000o\000n\000s\000t\000i\000t\000u\000e\000n\000c\000y\000\040\000a\000d\000j\000u\000n\000c\000t\000i\000o\000n\000\040\003\271\000\040\042\243\000\040\003\272}{section.4.6}% 99
\BOOKMARK [2][-]{subsection.4.6.5}{\376\377\000C\000o\000n\000n\000e\000c\000t\000i\000o\000n\000\040\000t\000o\000\040\000\247\0001\000'\000s\000\040\000C\000a\000r\000r\000i\000e\000r\000\040\000a\000x\000i\000s}{section.4.6}% 100
\BOOKMARK [1][-]{section.4.7}{\376\377\000\247\0003\000.\0006\000\040\040\024\000\040\000E\000x\000p\000e\000r\000i\000e\000n\000c\000e\000\040\000i\000s\000\040\000n\000a\000v\000i\000g\000a\000t\000i\000o\000n\000\040\000\050\000A\0002\000.\0005\000\051\000\040\040\024\000\040\000p\000a\000i\000r\000e\000d\000\040\000p\000r\000o\000s\000e}{chapter.4}% 101
\BOOKMARK [2][-]{subsection.4.7.1}{\376\377\000F\000o\000r\000m\000a\000l\000\040\000c\000o\000n\000t\000e\000n\000t}{section.4.7}% 102
\BOOKMARK [2][-]{subsection.4.7.2}{\376\377\000P\000r\000o\000s\000e\000\040\000t\000r\000a\000n\000s\000l\000a\000t\000i\000o\000n}{section.4.7}% 103
\BOOKMARK [2][-]{subsection.4.7.3}{\376\377\000W\000h\000y\000\040\000t\000h\000i\000s\000\040\000m\000a\000t\000t\000e\000r\000s\000\040\000b\000e\000y\000o\000n\000d\000\040\000A\0002}{section.4.7}% 104
\BOOKMARK [1][-]{section.4.8}{\376\377\000\247\0003\000.\0007\000\040\040\024\000\040\000D\000A\000G\000-\000n\000e\000s\000t\000i\000n\000g\000\040\000\050\000A\0002\000.\0006\000\051\000\040\040\024\000\040\000p\000a\000i\000r\000e\000d\000\040\000p\000r\000o\000s\000e}{chapter.4}% 105
\BOOKMARK [2][-]{subsection.4.8.1}{\376\377\000F\000o\000r\000m\000a\000l\000\040\000c\000o\000n\000t\000e\000n\000t}{section.4.8}% 106
\BOOKMARK [2][-]{subsection.4.8.2}{\376\377\000P\000r\000o\000s\000e\000\040\000t\000r\000a\000n\000s\000l\000a\000t\000i\000o\000n}{section.4.8}% 107
\BOOKMARK [2][-]{subsection.4.8.3}{\376\377\000C\000o\000n\000s\000e\000q\000u\000e\000n\000c\000e\000\040\000f\000o\000r\000\040\000t\000h\000e\000\040\000T\000r\000i\000p\000l\000e\000'\000s\000\040\000C\000a\000r\000r\000i\000e\000r\000\040\000a\000x\000i\000s}{section.4.8}% 108
\BOOKMARK [0][-]{chapter.5}{\376\377\000\247\0004\000\040\040\024\000\040\000A\000x\000i\000o\000m\000\040\0003\000:\000\040\000C\000o\000n\000s\000c\000i\000o\000u\000s\000\040\000G\000r\000a\000v\000i\000t\000y}{}% 109
\BOOKMARK [1][-]{section.5.1}{\376\377\000\247\0004\000.\0000\000\040\040\024\000\040\000W\000h\000y\000\040\000\247\0004\000\040\000c\000l\000o\000s\000e\000s\000\040\000t\000h\000e\000\040\000a\000x\000i\000o\000m\000\040\000t\000i\000e\000r}{chapter.5}% 110
\BOOKMARK [1][-]{section.5.2}{\376\377\000\247\0004\000.\0001\000\040\040\024\000\040\000T\000h\000e\000\040\000f\000o\000r\000m\000a\000l\000\040\000s\000t\000a\000t\000e\000m\000e\000n\000t\000\040\000o\000f\000\040\000A\0003}{chapter.5}% 111
\BOOKMARK [2][-]{subsection.5.2.1}{\376\377\000S\000t\000a\000t\000e\000m\000e\000n\000t}{section.5.2}% 112
\BOOKMARK [1][-]{section.5.3}{\376\377\000\247\0004\000.\0002\000\040\040\024\000\040\000T\000h\000e\000\040\000c\000o\000a\000l\000g\000e\000b\000r\000a\000\040\003\263\000\137\000S\000\040\000\050\000A\0003\000.\0001\000\051\000\040\040\024\000\040\000p\000a\000i\000r\000e\000d\000\040\000p\000r\000o\000s\000e}{chapter.5}% 113
\BOOKMARK [2][-]{subsection.5.3.1}{\376\377\000F\000o\000r\000m\000a\000l\000\040\000c\000o\000n\000t\000e\000n\000t}{section.5.3}% 114
\BOOKMARK [2][-]{subsection.5.3.2}{\376\377\000P\000r\000o\000s\000e\000\040\000t\000r\000a\000n\000s\000l\000a\000t\000i\000o\000n}{section.5.3}% 115
\BOOKMARK [2][-]{subsection.5.3.3}{\376\377\000W\000h\000y\000\040\000c\000o\000a\000l\000g\000e\000b\000r\000a\000\040\000r\000a\000t\000h\000e\000r\000\040\000t\000h\000a\000n\000\040\000a\000l\000g\000e\000b\000r\000a}{section.5.3}% 116
\BOOKMARK [2][-]{subsection.5.3.4}{\376\377\000C\000o\000n\000n\000e\000c\000t\000i\000o\000n\000\040\000t\000o\000\040\000\247\0001\000'\000s\000\040\000F\000o\000r\000m\000\040\000a\000x\000i\000s}{section.5.3}% 117
\BOOKMARK [1][-]{section.5.4}{\376\377\000\247\0004\000.\0003\000\040\040\024\000\040\000T\000h\000e\000\040\000i\000m\000m\000u\000n\000e\000-\000r\000e\000s\000p\000o\000n\000s\000e\000\040\000c\000l\000a\000u\000s\000e\000\040\000\050\000A\0003\000.\0002\000\051\000\040\040\024\000\040\000p\000a\000i\000r\000e\000d\000\040\000p\000r\000o\000s\000e}{chapter.5}% 118
\BOOKMARK [2][-]{subsection.5.4.1}{\376\377\000F\000o\000r\000m\000a\000l\000\040\000c\000o\000n\000t\000e\000n\000t}{section.5.4}% 119
\BOOKMARK [2][-]{subsection.5.4.2}{\376\377\000P\000r\000o\000s\000e\000\040\000t\000r\000a\000n\000s\000l\000a\000t\000i\000o\000n}{section.5.4}% 120
\BOOKMARK [2][-]{subsection.5.4.3}{\376\377\000W\000h\000y\000\040\000t\000h\000i\000s\000\040\000i\000s\000\040\000n\000o\000t\000\040\000d\000u\000a\000l\000i\000s\000m}{section.5.4}% 121
\BOOKMARK [2][-]{subsection.5.4.4}{\376\377\000C\000o\000n\000n\000e\000c\000t\000i\000o\000n\000\040\000t\000o\000\040\000\247\0001\000'\000s\000\040\000B\000r\000i\000d\000g\000e\000\040\000\043\0001\0000\0008\000\040\000d\000e\000r\000i\000v\000a\000t\000i\000o\000n}{section.5.4}% 122
\BOOKMARK [1][-]{section.5.5}{\376\377\000\247\0004\000.\0004\000\040\040\024\000\040\000D\000O\000F\000-\000g\000r\000a\000d\000i\000e\000n\000t\000\040\000i\000n\000t\000e\000g\000r\000a\000t\000i\000o\000n\000\040\000\050\000A\0003\000.\0003\000\051\000\040\040\024\000\040\000p\000a\000i\000r\000e\000d\000\040\000p\000r\000o\000s\000e}{chapter.5}% 123
\BOOKMARK [2][-]{subsection.5.5.1}{\376\377\000F\000o\000r\000m\000a\000l\000\040\000c\000o\000n\000t\000e\000n\000t}{section.5.5}% 124
\BOOKMARK [2][-]{subsection.5.5.2}{\376\377\000P\000r\000o\000s\000e\000\040\000t\000r\000a\000n\000s\000l\000a\000t\000i\000o\000n}{section.5.5}% 125
\BOOKMARK [2][-]{subsection.5.5.3}{\376\377\000W\000h\000y\000\040\000t\000h\000e\000\040\000s\000m\000o\000o\000t\000h\000i\000n\000g\000\040\000m\000a\000t\000t\000e\000r\000s}{section.5.5}% 126
\BOOKMARK [2][-]{subsection.5.5.4}{\376\377\000C\000o\000n\000n\000e\000c\000t\000i\000o\000n\000\040\000t\000o\000\040\000\247\0001\000'\000s\000\040\000C\000o\000n\000t\000e\000n\000t\000\040\000a\000x\000i\000s}{section.5.5}% 127
\BOOKMARK [1][-]{section.5.6}{\376\377\000\247\0004\000.\0005\000\040\040\024\000\040\000A\000d\000a\000p\000t\000i\000v\000i\000t\000y\000\040\000\050\000A\0003\000.\0004\000\051\000\040\040\024\000\040\000p\000a\000i\000r\000e\000d\000\040\000p\000r\000o\000s\000e}{chapter.5}% 128
\BOOKMARK [2][-]{subsection.5.6.1}{\376\377\000F\000o\000r\000m\000a\000l\000\040\000c\000o\000n\000t\000e\000n\000t}{section.5.6}% 129
\BOOKMARK [2][-]{subsection.5.6.2}{\376\377\000P\000r\000o\000s\000e\000\040\000t\000r\000a\000n\000s\000l\000a\000t\000i\000o\000n}{section.5.6}% 130
\BOOKMARK [2][-]{subsection.5.6.3}{\376\377\000C\000o\000n\000n\000e\000c\000t\000i\000o\000n\000\040\000t\000o\000\040\000\247\0001\000'\000s\000\040\000m\000u\000l\000t\000i\000p\000l\000e\000x\000\040\000c\000a\000r\000r\000i\000e\000r\000s}{section.5.6}% 131
\BOOKMARK [1][-]{section.5.7}{\376\377\000\247\0004\000.\0006\000\040\040\024\000\040\000S\000t\000r\000e\000a\000m\000-\000u\000n\000i\000v\000e\000r\000s\000a\000l\000i\000t\000y\000\040\000\050\000A\0003\000.\0005\000\051\000\040\040\024\000\040\000p\000a\000i\000r\000e\000d\000\040\000p\000r\000o\000s\000e}{chapter.5}% 132
\BOOKMARK [2][-]{subsection.5.7.1}{\376\377\000F\000o\000r\000m\000a\000l\000\040\000c\000o\000n\000t\000e\000n\000t}{section.5.7}% 133
\BOOKMARK [2][-]{subsection.5.7.2}{\376\377\000P\000r\000o\000s\000e\000\040\000t\000r\000a\000n\000s\000l\000a\000t\000i\000o\000n}{section.5.7}% 134
\BOOKMARK [2][-]{subsection.5.7.3}{\376\377\000W\000h\000y\000\040\000t\000h\000i\000s\000\040\000m\000a\000t\000t\000e\000r\000s\000\040\000f\000o\000r\000\040\000t\000h\000e\000\040\000T\000r\000i\000p\000l\000e}{section.5.7}% 135
\BOOKMARK [1][-]{section.5.8}{\376\377\000\247\0004\000.\0007\000\040\040\024\000\040\000T\000o\000g\000e\000t\000h\000e\000r\000:\000\040\000w\000h\000a\000t\000\040\000A\0003\000\040\000g\000i\000v\000e\000s\000\040\000u\000s\000,\000\040\000a\000n\000d\000\040\000w\000h\000a\000t\000\040\000t\000h\000e\000\040\000t\000h\000r\000e\000e\000\040\000a\000x\000i\000o\000m\000s\000\040\000t\000o\000g\000e\000t\000h\000e\000r\000\040\000g\000i\000v\000e}{chapter.5}% 136
\BOOKMARK [1][-]{section.5.9}{\376\377\000\247\0004\000.\0008\000\040\040\024\000\040\000O\000b\000j\000e\000c\000t\000i\000o\000n\000s\000\040\000a\000n\000d\000\040\000r\000e\000s\000p\000o\000n\000s\000e\000s}{chapter.5}% 137
\BOOKMARK [0][-]{chapter.6}{\376\377\000\247\0005\000\040\040\024\000\040\000T\000h\000e\000o\000r\000e\000m\000\040\000P\000a\000i\000r\000\040\000I\000\040\000\050\000D\000e\000s\000c\000r\000i\000p\000t\000i\000v\000e\000\051\000:\000\040\000T\0001\000\040\000M\000a\000t\000h\000e\000m\000a\000t\000i\000c\000a\000l\000\040\000P\000e\000r\000s\000p\000e\000c\000t\000i\000v\000i\000s\000m\000\040\000+\000\040\000T\0002\000\040\000E\000s\000t\000i\000m\000a\000t\000o\000r\000-\000D\000e\000p\000e\000n\000d\000e\000n\000t\000\040\000D\000u\000r\000a\000t\000i\000o\000n}{}% 138
\BOOKMARK [1][-]{section.6.1}{\376\377\000\247\0005\000.\0000\000\040\040\024\000\040\000W\000h\000y\000\040\000t\000h\000e\000\040\000d\000e\000s\000c\000r\000i\000p\000t\000i\000v\000e\000\040\000p\000a\000i\000r\000\040\000o\000p\000e\000n\000s\000\040\000t\000h\000e\000\040\000t\000h\000e\000o\000r\000e\000m\000\040\000t\000i\000e\000r}{chapter.6}% 139
\BOOKMARK [1][-]{section.6.2}{\376\377\000\247\0005\000.\0001\000\040\040\024\000\040\000T\0001\000:\000\040\000M\000a\000t\000h\000e\000m\000a\000t\000i\000c\000a\000l\000\040\000P\000e\000r\000s\000p\000e\000c\000t\000i\000v\000i\000s\000m}{chapter.6}% 140
\BOOKMARK [2][-]{subsection.6.2.1}{\376\377\000F\000o\000r\000m\000a\000l\000\040\000s\000t\000a\000t\000e\000m\000e\000n\000t}{section.6.2}% 141
\BOOKMARK [2][-]{subsection.6.2.2}{\376\377\000P\000r\000o\000s\000e\000\040\000t\000r\000a\000n\000s\000l\000a\000t\000i\000o\000n}{section.6.2}% 142
\BOOKMARK [2][-]{subsection.6.2.3}{\376\377\000W\000h\000a\000t\000\040\000t\000h\000i\000s\000\040\000t\000h\000e\000o\000r\000e\000m\000\040\000d\000o\000e\000s}{section.6.2}% 143
\BOOKMARK [1][-]{section.6.3}{\376\377\000\247\0005\000.\0002\000\040\040\024\000\040\000T\0002\000:\000\040\000E\000s\000t\000i\000m\000a\000t\000o\000r\000-\000D\000e\000p\000e\000n\000d\000e\000n\000t\000\040\000D\000u\000r\000a\000t\000i\000o\000n}{chapter.6}% 144
\BOOKMARK [2][-]{subsection.6.3.1}{\376\377\000F\000o\000r\000m\000a\000l\000\040\000s\000t\000a\000t\000e\000m\000e\000n\000t}{section.6.3}% 145
\BOOKMARK [2][-]{subsection.6.3.2}{\376\377\000P\000r\000o\000s\000e\000\040\000t\000r\000a\000n\000s\000l\000a\000t\000i\000o\000n}{section.6.3}% 146
\BOOKMARK [2][-]{subsection.6.3.3}{\376\377\000T\000h\000e\000\040\000n\000o\000n\000-\000i\000n\000t\000u\000i\000t\000i\000o\000n}{section.6.3}% 147
\BOOKMARK [1][-]{section.6.4}{\376\377\000\247\0005\000.\0003\000\040\040\024\000\040\000T\000h\000e\000\040\000s\000t\000r\000u\000c\000t\000u\000r\000a\000l\000\040\000p\000a\000r\000a\000l\000l\000e\000l}{chapter.6}% 148
\BOOKMARK [1][-]{section.6.5}{\376\377\000\247\0005\000.\0004\000\040\040\024\000\040\000T\000h\000e\000\040\000D\000e\000s\000c\000r\000i\000p\000t\000i\000v\000e\000-\000F\000u\000n\000c\000t\000o\000r\000\040\000M\000e\000t\000a\000-\000T\000h\000e\000o\000r\000e\000m}{chapter.6}% 149
\BOOKMARK [2][-]{subsection.6.5.1}{\376\377\000F\000o\000r\000m\000a\000l\000\040\000s\000t\000a\000t\000e\000m\000e\000n\000t}{section.6.5}% 150
\BOOKMARK [2][-]{subsection.6.5.2}{\376\377\000P\000r\000o\000s\000e\000\040\000t\000r\000a\000n\000s\000l\000a\000t\000i\000o\000n}{section.6.5}% 151
\BOOKMARK [2][-]{subsection.6.5.3}{\376\377\000W\000h\000a\000t\000\040\000t\000h\000i\000s\000\040\000a\000d\000d\000s\000\040\000t\000o\000\040\000t\000h\000e\000\040\000f\000r\000a\000m\000e\000w\000o\000r\000k}{section.6.5}% 152
\BOOKMARK [1][-]{section.6.6}{\376\377\000\247\0005\000.\0005\000\040\040\024\000\040\000W\000o\000r\000k\000e\000d\000\040\000E\000x\000a\000m\000p\000l\000e\000\040\0001\000:\000\040\000C\000o\000n\000c\000r\000e\000t\000e\000n\000e\000s\000s\000\040\000o\000f\000\040\000X\000\040\000\050\000C\0001\000\051}{chapter.6}% 153
\BOOKMARK [1][-]{section.6.7}{\376\377\000\247\0005\000.\0006\000\040\040\024\000\040\000W\000o\000r\000k\000e\000d\000\040\000E\000x\000a\000m\000p\000l\000e\000\040\0002\000:\000\040\000F\000l\000o\000w\000\040\000I\000n\000v\000e\000r\000s\000i\000o\000n\000\040\000\050\000C\0001\0003\000\051}{chapter.6}% 154
\BOOKMARK [1][-]{section.6.8}{\376\377\000\247\0005\000.\0007\000\040\040\024\000\040\000F\000a\000l\000s\000i\000f\000i\000c\000a\000t\000i\000o\000n\000\040\000o\000b\000l\000i\000g\000a\000t\000i\000o\000n\000s}{chapter.6}% 155
\BOOKMARK [0][-]{chapter.7}{\376\377\000\247\0006\000\040\040\024\000\040\000T\000h\000e\000o\000r\000e\000m\000\040\000P\000a\000i\000r\000\040\000I\000I\000\040\000\050\000D\000y\000n\000a\000m\000i\000c\000s\000\051\000:\000\040\000T\0003\000\040\000A\000t\000t\000e\000n\000t\000i\000o\000n\000a\000l\000\040\000Q\000u\000a\000l\000i\000t\000y\000\040\000a\000n\000d\000\040\000N\000a\000v\000i\000g\000a\000t\000i\000o\000n\000a\000l\000\040\000D\000y\000n\000a\000m\000i\000c\000s\000\040\000+\000\040\000T\0004\000\040\000C\000o\000h\000e\000r\000e\000n\000c\000e\000-\000F\000o\000r\000c\000i\000n\000g\000\040\000M\000e\000a\000s\000u\000r\000e\000m\000e\000n\000t}{}% 156
\BOOKMARK [1][-]{section.7.1}{\376\377\000\247\0006\000.\0000\000\040\040\024\000\040\000W\000h\000y\000\040\000t\000h\000e\000\040\000d\000y\000n\000a\000m\000i\000c\000s\000\040\000p\000a\000i\000r}{chapter.7}% 157
\BOOKMARK [1][-]{section.7.2}{\376\377\000\247\0006\000.\0001\000\040\040\024\000\040\000T\0003\000:\000\040\000A\000t\000t\000e\000n\000t\000i\000o\000n\000a\000l\000\040\000Q\000u\000a\000l\000i\000t\000y\000\040\000a\000n\000d\000\040\000N\000a\000v\000i\000g\000a\000t\000i\000o\000n\000a\000l\000\040\000D\000y\000n\000a\000m\000i\000c\000s}{chapter.7}% 158
\BOOKMARK [2][-]{subsection.7.2.1}{\376\377\000F\000o\000r\000m\000a\000l\000\040\000s\000t\000a\000t\000e\000m\000e\000n\000t}{section.7.2}% 159
\BOOKMARK [2][-]{subsection.7.2.2}{\376\377\000P\000r\000o\000s\000e\000\040\000t\000r\000a\000n\000s\000l\000a\000t\000i\000o\000n}{section.7.2}% 160
\BOOKMARK [2][-]{subsection.7.2.3}{\376\377\000S\000t\000r\000e\000a\000m\000-\000u\000n\000i\000v\000e\000r\000s\000a\000l\000i\000t\000y}{section.7.2}% 161
\BOOKMARK [2][-]{subsection.7.2.4}{\376\377\000W\000h\000a\000t\000\040\000t\000h\000i\000s\000\040\000r\000e\000q\000u\000i\000r\000e\000s\000:\000\040\000B\000i\000a\000s\000\050\000S\000\051\000\040\000i\000n\000\040\000D\000O\000F\000-\000l\000a\000n\000g\000u\000a\000g\000e}{section.7.2}% 162
\BOOKMARK [1][-]{section.7.3}{\376\377\000\247\0006\000.\0002\000\040\040\024\000\040\000T\0004\000:\000\040\000C\000o\000h\000e\000r\000e\000n\000c\000e\000-\000F\000o\000r\000c\000i\000n\000g\000\040\000M\000e\000a\000s\000u\000r\000e\000m\000e\000n\000t}{chapter.7}% 163
\BOOKMARK [2][-]{subsection.7.3.1}{\376\377\000F\000o\000r\000m\000a\000l\000\040\000s\000t\000a\000t\000e\000m\000e\000n\000t}{section.7.3}% 164
\BOOKMARK [2][-]{subsection.7.3.2}{\376\377\000P\000r\000o\000s\000e\000\040\000t\000r\000a\000n\000s\000l\000a\000t\000i\000o\000n}{section.7.3}% 165
\BOOKMARK [2][-]{subsection.7.3.3}{\376\377\000W\000h\000a\000t\000\040\000t\000h\000e\000\040\000r\000e\000f\000r\000e\000s\000h\000-\000e\000v\000e\000n\000t\000\040\000i\000s}{section.7.3}% 166
\BOOKMARK [2][-]{subsection.7.3.4}{\376\377\000Q\000u\000a\000n\000t\000u\000m\000,\000\040\000b\000i\000o\000l\000o\000g\000i\000c\000a\000l\000,\000\040\000s\000o\000c\000i\000a\000l\000,\000\040\000c\000o\000m\000p\000u\000t\000a\000t\000i\000o\000n\000a\000l}{section.7.3}% 167
\BOOKMARK [1][-]{section.7.4}{\376\377\000\247\0006\000.\0003\000\040\040\024\000\040\000T\000h\000e\000\040\000s\000t\000r\000u\000c\000t\000u\000r\000a\000l\000\040\000p\000a\000r\000a\000l\000l\000e\000l}{chapter.7}% 168
\BOOKMARK [1][-]{section.7.5}{\376\377\000\247\0006\000.\0004\000\040\040\024\000\040\000B\000i\000a\000s\000\050\000S\000\051\000\040\000f\000o\000r\000m\000a\000l\000i\000z\000a\000t\000i\000o\000n\000\040\000i\000n\000\040\000D\000O\000F\000-\000l\000a\000n\000g\000u\000a\000g\000e}{chapter.7}% 169
\BOOKMARK [2][-]{subsection.7.5.1}{\376\377\000F\000o\000r\000m\000a\000l\000\040\000c\000o\000n\000s\000t\000r\000u\000c\000t\000i\000o\000n}{section.7.5}% 170
\BOOKMARK [2][-]{subsection.7.5.2}{\376\377\000F\000i\000g\000u\000r\000e\000\040\0006\000.\0001\000\040\040\024\000\040\000B\000i\000a\000s\000\050\000S\000\051\000\040\000a\000s\000\040\000s\000i\000g\000n\000e\000d\000\040\000m\000e\000a\000s\000u\000r\000e\000\040\000o\000v\000e\000r\000\040\003\251\000\137\000S}{section.7.5}% 171
\BOOKMARK [2][-]{subsection.7.5.3}{\376\377\000F\000i\000g\000u\000r\000e\000\040\0006\000.\0002\000\040\040\024\000\040\000p\000u\000s\000h\000\137\000s\000t\000r\000u\000c\000t\000u\000r\000a\000l\000\040\000v\000s\000\040\000p\000u\000s\000h\000\137\000i\000n\000f\000o\000r\000m\000a\000t\000i\000o\000n\000a\000l}{section.7.5}% 172
\BOOKMARK [2][-]{subsection.7.5.4}{\376\377\000P\000r\000o\000s\000e\000\040\000t\000r\000a\000n\000s\000l\000a\000t\000i\000o\000n}{section.7.5}% 173
\BOOKMARK [2][-]{subsection.7.5.5}{\376\377\000W\000h\000a\000t\000\040\000t\000h\000i\000s\000\040\000a\000c\000c\000o\000m\000p\000l\000i\000s\000h\000e\000s}{section.7.5}% 174
\BOOKMARK [1][-]{section.7.6}{\376\377\000\247\0006\000.\0005\000\040\040\024\000\040\000W\000o\000r\000k\000e\000d\000\040\000E\000x\000a\000m\000p\000l\000e\000\040\0001\000:\000\040\000D\000o\000\040\000B\000e\000\040\000T\000a\000l\000k\000\040\000B\000e\000\040\000D\000o}{chapter.7}% 175
\BOOKMARK [2][-]{subsection.7.6.1}{\376\377\000T\000h\000e\000\040\000c\000y\000c\000l\000e\000,\000\040\000p\000h\000a\000s\000e\000\040\000b\000y\000\040\000p\000h\000a\000s\000e}{section.7.6}% 176
\BOOKMARK [2][-]{subsection.7.6.2}{\376\377\000W\000h\000y\000\040\000t\000h\000e\000\040\000m\000i\000r\000r\000o\000r\000-\000s\000y\000m\000m\000e\000t\000r\000i\000c\000\040\000p\000a\000t\000t\000e\000r\000n}{section.7.6}% 177
\BOOKMARK [2][-]{subsection.7.6.3}{\376\377\000T\000h\000e\000\040\000c\000r\000o\000s\000s\000-\000s\000c\000a\000l\000e\000\040\000c\000l\000a\000i\000m}{section.7.6}% 178
\BOOKMARK [2][-]{subsection.7.6.4}{\376\377\000W\000h\000a\000t\000\040\000t\000h\000i\000s\000\040\000v\000i\000n\000d\000i\000c\000a\000t\000e\000s}{section.7.6}% 179
\BOOKMARK [1][-]{section.7.7}{\376\377\000\247\0006\000.\0006\000\040\040\024\000\040\000W\000o\000r\000k\000e\000d\000\040\000E\000x\000a\000m\000p\000l\000e\000\040\0002\000:\000\040\000N\000a\000v\000i\000g\000a\000t\000i\000o\000n\000a\000l\000\040\000N\000o\000n\000-\000D\000e\000t\000e\000r\000m\000i\000n\000a\000t\000i\000o\000n\000\040\000\050\000C\0007\000\051}{chapter.7}% 180
\BOOKMARK [1][-]{section.7.8}{\376\377\000\247\0006\000.\0007\000\040\040\024\000\040\000F\000a\000l\000s\000i\000f\000i\000c\000a\000t\000i\000o\000n\000\040\000o\000b\000l\000i\000g\000a\000t\000i\000o\000n\000s}{chapter.7}% 181
\BOOKMARK [0][-]{chapter.8}{\376\377\000\247\0007\000\040\040\024\000\040\000T\000h\000e\000o\000r\000e\000m\000\040\000P\000a\000i\000r\000\040\000I\000I\000I\000\040\000\050\000C\000o\000h\000e\000r\000e\000n\000c\000e\000\051\000:\000\040\000T\0005\000\040\000I\000n\000t\000e\000r\000n\000a\000l\000\040\000C\000o\000h\000e\000r\000e\000n\000c\000e\000\040\000+\000\040\000T\0006\000\040\000D\000u\000a\000l\000\040\000C\000o\000h\000e\000r\000e\000n\000c\000e\000\040\000A\000x\000e\000s}{}% 182
\BOOKMARK [1][-]{section.8.1}{\376\377\000\247\0007\000.\0000\000\040\040\024\000\040\000W\000h\000y\000\040\000t\000h\000e\000\040\000c\000o\000h\000e\000r\000e\000n\000c\000e\000\040\000p\000a\000i\000r\000\040\000c\000l\000o\000s\000e\000s\000\040\000t\000h\000e\000\040\000t\000h\000e\000o\000r\000e\000m\000\040\000t\000i\000e\000r}{chapter.8}% 183
\BOOKMARK [1][-]{section.8.2}{\376\377\000\247\0007\000.\0001\000\040\040\024\000\040\000T\0005\000:\000\040\000I\000n\000t\000e\000r\000n\000a\000l\000\040\000C\000o\000h\000e\000r\000e\000n\000c\000e}{chapter.8}% 184
\BOOKMARK [2][-]{subsection.8.2.1}{\376\377\000F\000o\000r\000m\000a\000l\000\040\000s\000t\000a\000t\000e\000m\000e\000n\000t}{section.8.2}% 185
\BOOKMARK [2][-]{subsection.8.2.2}{\376\377\000P\000r\000o\000s\000e\000\040\000t\000r\000a\000n\000s\000l\000a\000t\000i\000o\000n}{section.8.2}% 186
\BOOKMARK [2][-]{subsection.8.2.3}{\376\377\000T\000h\000e\000\040\000k\000i\000n\000d\000-\000d\000e\000m\000o\000t\000i\000o\000n\000\040\000d\000y\000n\000a\000m\000i\000c}{section.8.2}% 187
\BOOKMARK [1][-]{section.8.3}{\376\377\000\247\0007\000.\0002\000\040\040\024\000\040\000T\0006\000:\000\040\000D\000u\000a\000l\000\040\000C\000o\000h\000e\000r\000e\000n\000c\000e\000\040\000A\000x\000e\000s}{chapter.8}% 188
\BOOKMARK [2][-]{subsection.8.3.1}{\376\377\000F\000o\000r\000m\000a\000l\000\040\000s\000t\000a\000t\000e\000m\000e\000n\000t}{section.8.3}% 189
\BOOKMARK [2][-]{subsection.8.3.2}{\376\377\000P\000r\000o\000s\000e\000\040\000t\000r\000a\000n\000s\000l\000a\000t\000i\000o\000n}{section.8.3}% 190
\BOOKMARK [2][-]{subsection.8.3.3}{\376\377\000F\000i\000g\000u\000r\000e\000\040\0007\000.\0001\000\040\040\024\000\040\000T\000h\000e\000\040\000d\000u\000a\000l\000\040\000c\000o\000h\000e\000r\000e\000n\000c\000e\000\040\000p\000l\000a\000n\000e\000\040\003\303\000\137\000s\000t\000r\000u\000c\000t\000\040\000\327\000\040\003\303\000\137\000i\000n\000f\000o}{section.8.3}% 191
\BOOKMARK [2][-]{subsection.8.3.4}{\376\377\000I\000n\000f\000o\000r\000m\000a\000t\000i\000o\000n\000a\000l\000\040\000c\000o\000h\000e\000r\000e\000n\000c\000e\000\040\000a\000s\000\040\000o\000p\000e\000r\000a\000t\000o\000r}{section.8.3}% 192
\BOOKMARK [2][-]{subsection.8.3.5}{\376\377\000T\000h\000e\000\040\000t\000r\000a\000n\000s\000c\000e\000n\000d\000e\000n\000t\000a\000l\000\040\000r\000e\000s\000c\000u\000e}{section.8.3}% 193
\BOOKMARK [1][-]{section.8.4}{\376\377\000\247\0007\000.\0003\000\040\040\024\000\040\000T\000h\000e\000\040\000s\000t\000r\000u\000c\000t\000u\000r\000a\000l\000\040\000p\000a\000r\000a\000l\000l\000e\000l}{chapter.8}% 194
\BOOKMARK [1][-]{section.8.5}{\376\377\000\247\0007\000.\0004\000\040\040\024\000\040\000T\000h\000e\000\040\000K\000i\000n\000d\000-\000D\000e\000m\000o\000t\000i\000o\000n\000\040\000D\000y\000n\000a\000m\000i\000c}{chapter.8}% 195
\BOOKMARK [2][-]{subsection.8.5.1}{\376\377\000F\000o\000r\000m\000a\000l\000\040\000t\000r\000a\000c\000e}{section.8.5}% 196
\BOOKMARK [2][-]{subsection.8.5.2}{\376\377\000R\000e\000a\000l\000-\000r\000e\000g\000i\000m\000e\000\040\000e\000x\000a\000m\000p\000l\000e\000s}{section.8.5}% 197
\BOOKMARK [2][-]{subsection.8.5.3}{\376\377\000W\000h\000a\000t\000\040\000t\000h\000i\000s\000\040\000i\000s\000\040\000n\000o\000t}{section.8.5}% 198
\BOOKMARK [2][-]{subsection.8.5.4}{\376\377\000T\000h\000e\000\040\000r\000e\000-\000p\000r\000o\000m\000o\000t\000i\000o\000n\000\040\000c\000l\000a\000i\000m}{section.8.5}% 199
\BOOKMARK [2][-]{subsection.8.5.5}{\376\377\000F\000i\000g\000u\000r\000e\000\040\0007\000.\0002\000\040\040\024\000\040\000K\000i\000n\000d\000-\000d\000e\000m\000o\000t\000i\000o\000n\000\040\000d\000y\000n\000a\000m\000i\000c}{section.8.5}% 200
\BOOKMARK [1][-]{section.8.6}{\376\377\000\247\0007\000.\0005\000\040\040\024\000\040\000W\000o\000r\000k\000e\000d\000\040\000E\000x\000a\000m\000p\000l\000e\000\040\0001\000:\000\040\000T\000r\000a\000n\000s\000c\000e\000n\000d\000e\000n\000t\000a\000l\000s\000\040\000a\000s\000\040\000c\000o\000o\000p\000e\000r\000a\000t\000i\000v\000e\000-\000s\000t\000r\000e\000a\000m\000s}{chapter.8}% 201
\BOOKMARK [1][-]{section.8.7}{\376\377\000\247\0007\000.\0006\000\040\040\024\000\040\000W\000o\000r\000k\000e\000d\000\040\000E\000x\000a\000m\000p\000l\000e\000\040\0002\000:\000\040\000"\000I\000d\000e\000a\000s\000\040\000t\000r\000a\000v\000e\000l\000\040\000f\000u\000r\000t\000h\000e\000r\000\040\000t\000h\000a\000n\000\040\000t\000h\000e\000y\000\040\000l\000i\000v\000e\000"}{chapter.8}% 202
\BOOKMARK [1][-]{section.8.8}{\376\377\000\247\0007\000.\0007\000\040\040\024\000\040\000F\000a\000l\000s\000i\000f\000i\000c\000a\000t\000i\000o\000n\000\040\000o\000b\000l\000i\000g\000a\000t\000i\000o\000n\000s}{chapter.8}% 203
\BOOKMARK [0][-]{chapter.9}{\376\377\000\247\0008\000\040\040\024\000\040\000T\000h\000e\000\040\000C\000o\000r\000o\000l\000l\000a\000r\000y\000\040\000C\000l\000u\000s\000t\000e\000r\000s}{}% 204
\BOOKMARK [1][-]{section.9.1}{\376\377\000\247\0008\000.\0000\000\040\040\024\000\040\000W\000h\000y\000\040\000t\000h\000e\000\040\000c\000o\000r\000o\000l\000l\000a\000r\000i\000e\000s\000\040\000m\000a\000t\000t\000e\000r}{chapter.9}% 205
\BOOKMARK [1][-]{section.9.2}{\376\377\000\247\0008\000.\0001\000\040\040\024\000\040\000C\000l\000u\000s\000t\000e\000r\000\040\000I\000:\000\040\000S\000u\000b\000s\000t\000r\000a\000t\000e\000\040\000a\000n\000d\000\040\000G\000e\000n\000e\000r\000a\000t\000i\000v\000i\000t\000y}{chapter.9}% 206
\BOOKMARK [2][-]{subsection.9.2.1}{\376\377\000C\0001\000\040\040\024\000\040\000C\000o\000n\000c\000r\000e\000t\000e\000n\000e\000s\000s\000\040\000o\000f\000\040\000X}{section.9.2}% 207
\BOOKMARK [2][-]{subsection.9.2.2}{\376\377\000C\0002\000\040\040\024\000\040\000G\000e\000n\000e\000r\000a\000t\000i\000v\000e\000\040\000C\000o\000n\000f\000i\000g\000u\000r\000a\000t\000i\000o\000n\000\040\000f\000o\000r\000\040\000P\000e\000r\000s\000p\000e\000c\000t\000i\000v\000e\000\040\000\050\000l\000o\000g\000i\000c\000a\000l\000\040\000f\000o\000r\000m\000\051}{section.9.2}% 208
\BOOKMARK [2][-]{subsection.9.2.3}{\376\377\000C\0003\000\040\040\024\000\040\000N\000u\000l\000l\000-\000S\000p\000a\000c\000e\000\040\000T\000r\000a\000c\000e\000\040\000I\000l\000l\000u\000m\000i\000n\000a\000t\000i\000o\000n}{section.9.2}% 209
\BOOKMARK [1][-]{section.9.3}{\376\377\000\247\0008\000.\0002\000\040\040\024\000\040\000C\000l\000u\000s\000t\000e\000r\000\040\000I\000I\000:\000\040\000S\000t\000r\000e\000a\000m\000\040\000S\000t\000r\000u\000c\000t\000u\000r\000e\000\040\000a\000n\000d\000\040\000N\000a\000v\000i\000g\000a\000t\000i\000o\000n}{chapter.9}% 210
\BOOKMARK [2][-]{subsection.9.3.1}{\376\377\000C\0004\000\040\040\024\000\040\000S\000u\000b\000s\000t\000r\000a\000t\000e\000-\000C\000o\000n\000s\000t\000r\000a\000i\000n\000e\000d\000\040\000P\000e\000r\000s\000p\000e\000c\000t\000i\000v\000a\000l\000\040\000P\000l\000u\000r\000a\000l\000i\000t\000y}{section.9.3}% 211
\BOOKMARK [2][-]{subsection.9.3.2}{\376\377\000C\0005\000\040\040\024\000\040\000S\000t\000r\000e\000a\000m\000s\000\040\000a\000s\000\040\000P\000e\000r\000s\000p\000e\000c\000t\000i\000v\000a\000l\000\040\000F\040\202\000-\000P\000r\000o\000j\000e\000c\000t\000i\000o\000n\000s\000\040\000w\000i\000t\000h\000\040\000N\000a\000v\000i\000g\000a\000t\000i\000o\000n\000a\000l\000\040\000F\000r\000e\000e\000d\000o\000m}{section.9.3}% 212
\BOOKMARK [2][-]{subsection.9.3.3}{\376\377\000C\0006\000\040\040\024\000\040\000C\000o\000o\000p\000e\000r\000a\000t\000i\000v\000e\000-\000C\000o\000n\000s\000t\000i\000t\000u\000e\000n\000c\000y\000\040\000M\000u\000l\000t\000i\000-\000S\000t\000r\000e\000a\000m\000\040\000S\000t\000r\000u\000c\000t\000u\000r\000e}{section.9.3}% 213
\BOOKMARK [2][-]{subsection.9.3.4}{\376\377\000C\0007\000\040\040\024\000\040\000N\000a\000v\000i\000g\000a\000t\000i\000o\000n\000a\000l\000\040\000N\000o\000n\000-\000D\000e\000t\000e\000r\000m\000i\000n\000a\000t\000i\000o\000n\000\040\000\050\000a\000l\000l\000-\000s\000t\000r\000e\000a\000m\000s\000\051}{section.9.3}% 214
\BOOKMARK [2][-]{subsection.9.3.5}{\376\377\000C\0008\000\040\040\024\000\040\000O\000b\000s\000e\000r\000v\000a\000t\000i\000o\000n\000a\000l\000\040\000N\000u\000l\000l\000\040\000S\000p\000a\000c\000e\000\040\000\050\000s\000t\000r\000e\000a\000m\000-\000r\000e\000l\000a\000t\000i\000v\000e\000\040\000f\000o\000r\000m\000\051}{section.9.3}% 215
\BOOKMARK [2][-]{subsection.9.3.6}{\376\377\000C\0009\000\040\040\024\000\040\000O\000b\000s\000e\000r\000v\000a\000t\000i\000o\000n\000a\000l\000\040\000C\000o\000n\000s\000e\000n\000s\000u\000s\000\040\000r\000e\000q\000u\000i\000r\000e\000s\000\040\000L\000e\000n\000s\000-\000M\000a\000t\000c\000h\000i\000n\000g}{section.9.3}% 216
\BOOKMARK [2][-]{subsection.9.3.7}{\376\377\000C\0001\0000\000\040\040\024\000\040\000J\000o\000i\000n\000t\000\040\000S\000t\000r\000e\000a\000m\000-\000D\000e\000f\000i\000n\000i\000t\000i\000o\000n}{section.9.3}% 217
\BOOKMARK [1][-]{section.9.4}{\376\377\000\247\0008\000.\0003\000\040\040\024\000\040\000C\000l\000u\000s\000t\000e\000r\000\040\000I\000I\000I\000:\000\040\000C\000o\000h\000e\000r\000e\000n\000c\000e\000\040\000C\000o\000n\000s\000e\000q\000u\000e\000n\000c\000e\000s}{chapter.9}% 218
\BOOKMARK [2][-]{subsection.9.4.1}{\376\377\000C\0001\0001\000\040\040\024\000\040\000M\000u\000t\000u\000a\000l\000\040\000T\000r\000a\000n\000s\000f\000o\000r\000m\000a\000t\000i\000o\000n\000\040\000u\000n\000d\000e\000r\000\040\000I\000n\000t\000e\000r\000a\000c\000t\000i\000o\000n\000\040\000\050\000b\000r\000o\000a\000d\000e\000n\000e\000d\000\051}{section.9.4}% 219
\BOOKMARK [2][-]{subsection.9.4.2}{\376\377\000C\0001\0002\000\040\040\024\000\040\000D\000i\000s\000c\000o\000v\000e\000r\000y\000\040\000A\000u\000t\000o\000c\000a\000t\000a\000l\000y\000s\000i\000s}{section.9.4}% 220
\BOOKMARK [2][-]{subsection.9.4.3}{\376\377\000C\0001\0003\000\040\040\024\000\040\000F\000l\000o\000w\000\040\000I\000n\000v\000e\000r\000s\000i\000o\000n\000\040\000\050\000p\000h\000e\000n\000o\000m\000e\000n\000o\000l\000o\000g\000i\000c\000a\000l\000\051}{section.9.4}% 221
\BOOKMARK [1][-]{section.9.5}{\376\377\000\247\0008\000.\0004\000\040\040\024\000\040\000W\000h\000a\000t\000\040\000t\000h\000e\000\040\000c\000o\000r\000o\000l\000l\000a\000r\000i\000e\000s\000\040\000a\000c\000c\000o\000m\000p\000l\000i\000s\000h}{chapter.9}% 222
\BOOKMARK [1][-]{section.9.6}{\376\377\000\247\0008\000.\0005\000\040\040\024\000\040\000W\000h\000a\000t\000\040\000i\000s\000\040\000n\000o\000t\000\040\000i\000n\000\040\000t\000h\000e\000\040\000c\000o\000r\000o\000l\000l\000a\000r\000y\000\040\000s\000e\000t}{chapter.9}% 223
\BOOKMARK [0][-]{chapter.10}{\376\377\000\247\0009\000\040\040\024\000\040\000T\000h\000e\000\040\000C\000o\000h\000e\000r\000e\000n\000c\000e\000\040\000P\000r\000i\000n\000c\000i\000p\000l\000e}{}% 224
\BOOKMARK [1][-]{section.10.1}{\376\377\000\247\0009\000.\0000\000\040\000W\000h\000y\000\040\000t\000h\000e\000\040\000P\000r\000i\000n\000c\000i\000p\000l\000e\000\040\000c\000l\000o\000s\000e\000s\000\040\000t\000h\000e\000\040\000b\000o\000o\000k}{chapter.10}% 225
\BOOKMARK [1][-]{section.10.2}{\376\377\000\247\0009\000.\0001\000\040\000T\000h\000e\000\040\000P\000r\000i\000n\000c\000i\000p\000l\000e}{chapter.10}% 226
\BOOKMARK [2][-]{subsection.10.2.1}{\376\377\000C\000T\000\040\000s\000t\000a\000t\000e\000m\000e\000n\000t}{section.10.2}% 227
\BOOKMARK [2][-]{subsection.10.2.2}{\376\377\000P\000r\000o\000s\000e\000\040\000s\000t\000a\000t\000e\000m\000e\000n\000t}{section.10.2}% 228
\BOOKMARK [1][-]{section.10.3}{\376\377\000\247\0009\000.\0002\000\040\000T\000h\000e\000\040\000f\000o\000u\000r\000\040\000c\000o\000n\000d\000i\000t\000i\000o\000n\000s\000,\000\040\000e\000a\000c\000h\000\040\000d\000e\000r\000i\000v\000e\000d}{chapter.10}% 229
\BOOKMARK [2][-]{subsection.10.3.1}{\376\377\000F\000i\000g\000u\000r\000e\000\040\0009\000.\0002\000\040\040\024\000\040\000T\000h\000e\000\040\000f\000o\000u\000r\000\040\000c\000o\000n\000d\000i\000t\000i\000o\000n\000s\000\040\000a\000s\000\040\000a\000\040\000u\000n\000i\000f\000i\000e\000d\000\040\000s\000c\000h\000e\000m\000a\000t\000i\000c}{section.10.3}% 230
\BOOKMARK [2][-]{subsection.10.3.2}{\376\377\000C\000o\000n\000d\000i\000t\000i\000o\000n\000\040\0001\000\040\040\024\000\040\000S\000e\000p\000a\000r\000a\000t\000i\000o\000n}{section.10.3}% 231
\BOOKMARK [2][-]{subsection.10.3.3}{\376\377\000C\000o\000n\000d\000i\000t\000i\000o\000n\000\040\0002\000\040\040\024\000\040\000M\000e\000a\000s\000u\000r\000e\000m\000e\000n\000t}{section.10.3}% 232
\BOOKMARK [2][-]{subsection.10.3.4}{\376\377\000C\000o\000n\000d\000i\000t\000i\000o\000n\000\040\0003\000\040\040\024\000\040\000M\000u\000l\000t\000i\000-\000s\000c\000a\000l\000e\000\040\000c\000o\000n\000s\000i\000s\000t\000e\000n\000c\000y}{section.10.3}% 233
\BOOKMARK [2][-]{subsection.10.3.5}{\376\377\000C\000o\000n\000d\000i\000t\000i\000o\000n\000\040\0004\000\040\040\024\000\040\000D\000y\000n\000a\000m\000i\000c\000\040\000m\000a\000i\000n\000t\000e\000n\000a\000n\000c\000e}{section.10.3}% 234
\BOOKMARK [2][-]{subsection.10.3.6}{\376\377\000D\000e\000r\000i\000v\000a\000t\000i\000o\000n\000\040\000t\000a\000b\000l\000e\000\040\000\050\000s\000u\000m\000m\000a\000r\000y\000\051}{section.10.3}% 235
\BOOKMARK [1][-]{section.10.4}{\376\377\000\247\0009\000.\0003\000\040\000T\000h\000e\000\040\000o\000u\000t\000p\000e\000r\000f\000o\000r\000m\000a\000n\000c\000e\000\040\000m\000e\000t\000r\000i\000c}{chapter.10}% 236
\BOOKMARK [2][-]{subsection.10.4.1}{\376\377\000F\000i\000g\000u\000r\000e\000\040\0009\000.\0001\000\040\040\024\000\040\000T\000r\000a\000j\000e\000c\000t\000o\000r\000y\000\040\000d\000i\000v\000e\000r\000g\000e\000n\000c\000e\000\040\000D\000\050\000S\000\051}{section.10.4}% 237
\BOOKMARK [1][-]{section.10.5}{\376\377\000\247\0009\000.\0004\000\040\000S\000t\000a\000t\000u\000s\000\040\040\024\000\040\000d\000e\000r\000i\000v\000e\000d\000\040\000o\000p\000e\000r\000a\000t\000i\000o\000n\000a\000l\000\040\000p\000r\000i\000n\000c\000i\000p\000l\000e}{chapter.10}% 238
\BOOKMARK [1][-]{section.10.6}{\376\377\000\247\0009\000.\0005\000\040\000S\000e\000l\000f\000-\000r\000e\000f\000e\000r\000e\000n\000c\000e\000\040\000c\000l\000o\000s\000u\000r\000e}{chapter.10}% 239
\BOOKMARK [2][-]{subsection.10.6.1}{\376\377\000F\000-\000a\000s\000-\000s\000t\000r\000e\000a\000m\000\040\040\024\000\040\000t\000h\000e\000\040\000f\000o\000r\000m\000a\000l\000\040\000c\000o\000n\000s\000t\000r\000u\000c\000t\000i\000o\000n}{section.10.6}% 240
\BOOKMARK [2][-]{subsection.10.6.2}{\376\377\000P\000h\000y\000s\000i\000c\000s\000\040\000a\000n\000c\000h\000o\000r\000i\000n\000g\000\040\040\024\000\040\000m\000u\000l\000t\000i\000-\000v\000a\000l\000u\000e\000d\000\040\000c\000l\000a\000s\000s\000i\000c\000a\000l\000\040\000a\000c\000t\000i\000o\000n}{section.10.6}% 241
\BOOKMARK [2][-]{subsection.10.6.3}{\376\377\000F\000i\000g\000u\000r\000e\000\040\0009\000.\0003\000\040\040\024\000\040\000S\000e\000l\000f\000-\000r\000e\000f\000e\000r\000e\000n\000c\000e\000\040\000c\000l\000o\000s\000u\000r\000e}{section.10.6}% 242
\BOOKMARK [1][-]{section.10.7}{\376\377\000\247\0009\000.\0006\000\040\000W\000h\000a\000t\000\040\000t\000h\000e\000\040\000P\000r\000i\000n\000c\000i\000p\000l\000e\000\040\000i\000s\000\040\000n\000o\000t}{chapter.10}% 243
\BOOKMARK [1][-]{section.10.8}{\376\377\000\247\0009\000.\0007\000\040\000F\000a\000l\000s\000i\000f\000i\000c\000a\000t\000i\000o\000n\000\040\000c\000o\000n\000d\000i\000t\000i\000o\000n\000s}{chapter.10}% 244
\BOOKMARK [1][-]{section.10.9}{\376\377\000\247\0009\000.\0008\000\040\000F\000o\000r\000w\000a\000r\000d\000\040\000c\000o\000n\000n\000e\000c\000t\000i\000o\000n\000s}{chapter.10}% 245
\BOOKMARK [1][-]{section.10.10}{\376\377\000\247\0009\000.\0009\000\040\000O\000p\000e\000n\000\040\000q\000u\000e\000s\000t\000i\000o\000n\000s}{chapter.10}% 246
\BOOKMARK [1][-]{section.10.11}{\376\377\000\247\0009\000.\0001\0000\000\040\000C\000l\000o\000s\000i\000n\000g\000\040\040\024\000\040\000t\000h\000e\000\040\000f\000r\000a\000m\000e\000w\000o\000r\000k\000'\000s\000\040\000e\000m\000p\000i\000r\000i\000c\000a\000l\000\040\000e\000x\000p\000o\000s\000e\000d\000\040\000s\000u\000r\000f\000a\000c\000e}{chapter.10}% 247
\BOOKMARK [2][-]{subsection.10.11.1}{\376\377\000W\000h\000a\000t\000\040\000"\000c\000l\000o\000s\000u\000r\000e\000"\000\040\000m\000e\000a\000n\000s\000\040\000a\000n\000d\000\040\000d\000o\000e\000s\000\040\000n\000o\000t\000\040\000m\000e\000a\000n}{section.10.11}% 248
\BOOKMARK [0][-]{chapter.11}{\376\377\000\247\0001\0000\000\040\040\024\000\040\000F\000i\000l\000t\000e\000r\000i\000n\000g\000\040\000t\000h\000e\000\040\000F\000r\000a\000m\000e\000w\000o\000r\000k\000\040\000T\000h\000r\000o\000u\000g\000h\000\040\000a\000\040\000D\000o\000m\000a\000i\000n}{}% 249
\BOOKMARK [1][-]{section.11.1}{\376\377\000\247\0001\0000\000.\0000\000\040\000W\000h\000y\000\040\000t\000h\000i\000s\000\040\000c\000h\000a\000p\000t\000e\000r\000\040\000e\000x\000i\000s\000t\000s}{chapter.11}% 250
\BOOKMARK [1][-]{section.11.2}{\376\377\000\247\0001\0000\000.\0001\000\040\000T\000h\000e\000\040\000s\000e\000v\000e\000n\000-\000s\000t\000e\000p\000\040\000p\000r\000o\000c\000e\000d\000u\000r\000e}{chapter.11}% 251
\BOOKMARK [2][-]{subsection.11.2.1}{\376\377\000F\000i\000g\000u\000r\000e\000\040\0001\0000\000.\0001\000\040\040\024\000\040\000T\000h\000e\000\040\000s\000e\000v\000e\000n\000-\000s\000t\000e\000p\000\040\000f\000i\000l\000t\000e\000r\000i\000n\000g\000\040\000p\000r\000o\000c\000e\000d\000u\000r\000e}{section.11.2}% 252
\BOOKMARK [2][-]{subsection.11.2.2}{\376\377\000S\000t\000e\000p\000\040\0001\000\040\040\024\000\040\000I\000d\000e\000n\000t\000i\000f\000y\000\040\000t\000h\000e\000\040\000s\000t\000r\000e\000a\000m\000s}{section.11.2}% 253
\BOOKMARK [2][-]{subsection.11.2.3}{\376\377\000S\000t\000e\000p\000\040\0002\000\040\040\024\000\040\000F\000i\000x\000\040\000t\000h\000e\000\040\000k\000i\000n\000d\000-\000s\000t\000r\000a\000t\000u\000m}{section.11.2}% 254
\BOOKMARK [2][-]{subsection.11.2.4}{\376\377\000S\000t\000e\000p\000\040\0003\000\040\040\024\000\040\000S\000p\000e\000c\000i\000f\000y\000\040\000c\000o\000o\000p\000e\000r\000a\000t\000i\000v\000e\000-\000c\000o\000n\000s\000t\000i\000t\000u\000e\000n\000c\000y}{section.11.2}% 255
\BOOKMARK [2][-]{subsection.11.2.5}{\376\377\000S\000t\000e\000p\000\040\0004\000\040\040\024\000\040\000P\000r\000o\000j\000e\000c\000t\000\040\000t\000h\000e\000\040\000T\000r\000i\000p\000l\000e}{section.11.2}% 256
\BOOKMARK [2][-]{subsection.11.2.6}{\376\377\000S\000t\000e\000p\000\040\0005\000\040\040\024\000\040\000L\000o\000c\000a\000t\000e\000\040\000B\000i\000a\000s\000\050\000S\000\051\000\040\000a\000n\000d\000\040\000t\000h\000e\000\040\000c\000o\000a\000l\000g\000e\000b\000r\000a}{section.11.2}% 257
\BOOKMARK [2][-]{subsection.11.2.7}{\376\377\000S\000t\000e\000p\000\040\0006\000\040\040\024\000\040\000I\000n\000s\000t\000a\000n\000t\000i\000a\000t\000e\000\040\000t\000h\000e\000\040\000C\000o\000h\000e\000r\000e\000n\000c\000e\000\040\000P\000r\000i\000n\000c\000i\000p\000l\000e}{section.11.2}% 258
\BOOKMARK [2][-]{subsection.11.2.8}{\376\377\000S\000t\000e\000p\000\040\0007\000\040\040\024\000\040\000S\000p\000e\000c\000i\000f\000y\000\040\000f\000a\000l\000s\000i\000f\000i\000c\000a\000t\000i\000o\000n}{section.11.2}% 259
\BOOKMARK [1][-]{section.11.3}{\376\377\000\247\0001\0000\000.\0002\000\040\000C\000o\000m\000p\000l\000e\000t\000e\000n\000e\000s\000s\000\040\000c\000h\000e\000c\000k\000l\000i\000s\000t}{chapter.11}% 260
\BOOKMARK [1][-]{section.11.4}{\376\377\000\247\0001\0000\000.\0003\000\040\000W\000o\000r\000k\000e\000d\000\040\000e\000x\000a\000m\000p\000l\000e\000\040\040\024\000\040\000N\000a\000v\000i\000g\000a\000t\000i\000o\000n\000\040\000R\000e\000s\000e\000a\000r\000c\000h\000\040\000a\000s\000\040\000a\000\040\000C\000l\000a\000w\000d\000-\000s\000u\000b\000s\000t\000r\000a\000t\000e\000\040\000f\000i\000l\000t\000e\000r}{chapter.11}% 261
\BOOKMARK [2][-]{subsection.11.4.1}{\376\377\000S\000t\000e\000p\000\040\0001\000\040\040\024\000\040\000S\000t\000r\000e\000a\000m\000s}{section.11.4}% 262
\BOOKMARK [2][-]{subsection.11.4.2}{\376\377\000S\000t\000e\000p\000\040\0002\000\040\040\024\000\040\000K\000i\000n\000d\000s}{section.11.4}% 263
\BOOKMARK [2][-]{subsection.11.4.3}{\376\377\000S\000t\000e\000p\000\040\0003\000\040\040\024\000\040\000C\000o\000n\000s\000t\000i\000t\000u\000e\000n\000c\000y\000\040\000D\000A\000G}{section.11.4}% 264
\BOOKMARK [2][-]{subsection.11.4.4}{\376\377\000S\000t\000e\000p\000\040\0004\000\040\040\024\000\040\000T\000r\000i\000p\000l\000e\000\040\000p\000r\000o\000j\000e\000c\000t\000i\000o\000n}{section.11.4}% 265
\BOOKMARK [2][-]{subsection.11.4.5}{\376\377\000S\000t\000e\000p\000\040\0005\000\040\040\024\000\040\000B\000i\000a\000s\000\050\000S\000\051}{section.11.4}% 266
\BOOKMARK [2][-]{subsection.11.4.6}{\376\377\000S\000t\000e\000p\000\040\0006\000\040\040\024\000\040\000P\000r\000i\000n\000c\000i\000p\000l\000e\000\040\000i\000n\000s\000t\000a\000n\000t\000i\000a\000t\000i\000o\000n}{section.11.4}% 267
\BOOKMARK [2][-]{subsection.11.4.7}{\376\377\000S\000t\000e\000p\000\040\0007\000\040\040\024\000\040\000F\000a\000l\000s\000i\000f\000i\000c\000a\000t\000i\000o\000n}{section.11.4}% 268
\BOOKMARK [2][-]{subsection.11.4.8}{\376\377\000C\000o\000m\000p\000l\000e\000t\000e\000n\000e\000s\000s\000\040\000c\000h\000e\000c\000k}{section.11.4}% 269
\BOOKMARK [1][-]{section.11.5}{\376\377\000\247\0001\0000\000.\0004\000\040\000P\000i\000t\000f\000a\000l\000l\000s}{chapter.11}% 270
\BOOKMARK [1][-]{section.11.6}{\376\377\000\247\0001\0000\000.\0005\000\040\000W\000h\000a\000t\000\040\000\247\0001\0000\000\040\000d\000e\000l\000i\000v\000e\000r\000s}{chapter.11}% 271
\BOOKMARK [1][-]{section.11.7}{\376\377\000\247\0001\0000\000.\0006\000\040\000O\000p\000e\000n\000\040\000q\000u\000e\000s\000t\000i\000o\000n\000s}{chapter.11}% 272
\BOOKMARK [0][-]{chapter.12}{\376\377\000A\000p\000p\000e\000n\000d\000i\000x\000\040\000A\000\040\040\024\000\040\000I\000n\000d\000e\000x\000\040\000o\000f\000\040\000F\000o\000r\000m\000a\000l\000\040\000O\000b\000j\000e\000c\000t\000s}{}% 273
\BOOKMARK [1][-]{section.12.1}{\376\377\000A\000.\0000\000\040\000P\000u\000r\000p\000o\000s\000e\000\040\000a\000n\000d\000\040\000u\000s\000e}{chapter.12}% 274
\BOOKMARK [1][-]{section.12.2}{\376\377\000A\000.\0001\000\040\000S\000u\000b\000s\000t\000r\000a\000t\000e}{chapter.12}% 275
\BOOKMARK [2][-]{subsection.12.2.1}{\376\377\000X}{section.12.2}% 276
\BOOKMARK [2][-]{subsection.12.2.2}{\376\377\000X\000\137\000l\000o\000c\000a\000l}{section.12.2}% 277
\BOOKMARK [2][-]{subsection.12.2.3}{\376\377\000A\000\137\0001\000\040\000n\000o\000n\000-\000r\000e\000d\000u\000c\000i\000b\000i\000l\000i\000t\000y}{section.12.2}% 278
\BOOKMARK [2][-]{subsection.12.2.4}{\376\377\000A\000\137\0001\000\040\000n\000o\000n\000-\000f\000a\000c\000t\000o\000r\000i\000n\000g}{section.12.2}% 279
\BOOKMARK [2][-]{subsection.12.2.5}{\376\377\000A\000\137\0001\000\040\000a\000l\000l\000-\000p\000o\000t\000e\000n\000t\000i\000a\000l\000s\000-\000r\000e\000a\000l\000i\000z\000e\000d}{section.12.2}% 280
\BOOKMARK [1][-]{section.12.3}{\376\377\000A\000.\0002\000\040\000S\000t\000r\000e\000a\000m\000s\000\040\000a\000n\000d\000\040\330\065\334\236\000\137\000S\000t\000r}{chapter.12}% 281
\BOOKMARK [2][-]{subsection.12.3.1}{\376\377\000S\000t\000r\000e\000a\000m\000\040\000S\000\040\000=\000\040\000\050\003\303\000,\000\040\000K\000,\000\040\003\251\000,\000\040\003\263\000\051}{section.12.3}% 282
\BOOKMARK [2][-]{subsection.12.3.2}{\376\377\003\303\000\040\000\050\000l\000o\000c\000a\000l\000i\000z\000a\000t\000i\000o\000n\000\051}{section.12.3}% 283
\BOOKMARK [2][-]{subsection.12.3.3}{\376\377\000K\000\040\000\050\000k\000i\000n\000d\000\051}{section.12.3}% 284
\BOOKMARK [2][-]{subsection.12.3.4}{\376\377\003\251\000\137\000S\000\040\000\050\000D\000O\000F\000-\000c\000o\000n\000f\000i\000g\000u\000r\000a\000t\000i\000o\000n\000\040\000s\000p\000a\000c\000e\000\051}{section.12.3}% 285
\BOOKMARK [2][-]{subsection.12.3.5}{\376\377\003\263\000\137\000S\000\040\000\050\000c\000o\000n\000s\000c\000i\000o\000u\000s\000-\000g\000r\000a\000v\000i\000t\000y\000\040\000c\000o\000a\000l\000g\000e\000b\000r\000a\000\051}{section.12.3}% 286
\BOOKMARK [2][-]{subsection.12.3.6}{\376\377\000F\000\137\0002}{section.12.3}% 287
\BOOKMARK [2][-]{subsection.12.3.7}{\376\377\330\065\334\236\000\137\000S\000t\000r\000\040\000\050\000c\000a\000t\000e\000g\000o\000r\000y\000\040\000o\000f\000\040\000s\000t\000r\000e\000a\000m\000s\000\051}{section.12.3}% 288
\BOOKMARK [2][-]{subsection.12.3.8}{\376\377\003\271\000\040\000\050\000l\000i\000f\000t\000\051\000\040\000a\000n\000d\000\040\003\272\000\040\000\050\000r\000e\000s\000t\000r\000i\000c\000t\000\051}{section.12.3}% 289
\BOOKMARK [2][-]{subsection.12.3.9}{\376\377\003\267\000\040\000\050\000u\000n\000i\000t\000\051\000\040\000a\000n\000d\000\040\003\265\000\040\000\050\000c\000o\000u\000n\000i\000t\000\051}{section.12.3}% 290
\BOOKMARK [2][-]{subsection.12.3.10}{\376\377\330\065\334\236\000\137\000K\000i\000n\000d}{section.12.3}% 291
\BOOKMARK [2][-]{subsection.12.3.11}{\376\377\000K\000\040\000:\000\040\330\065\334\236\000\137\000S\000t\000r\000\040\041\222\000\040\330\065\334\236\000\137\000K\000i\000n\000d}{section.12.3}% 292
\BOOKMARK [1][-]{section.12.4}{\376\377\000A\000.\0003\000\040\000T\000h\000e\000\040\000T\000r\000i\000p\000l\000e\000\040\000a\000n\000d\000\040\000i\000t\000s\000\040\000p\000r\000o\000j\000e\000c\000t\000i\000o\000n\000s}{chapter.12}% 293
\BOOKMARK [2][-]{subsection.12.4.1}{\376\377\000T\000\040\000:\000\040\330\065\334\236\000\137\000S\000t\000r\000\040\041\222\000\040\330\065\334\236\000\137\000F\000o\000r\000m\000\040\000\327\000\040\330\065\334\236\000\137\000L\000D\000S\000\040\000\327\000\040\330\065\334\236\000\137\000D\000O\000F}{section.12.4}% 294
\BOOKMARK [2][-]{subsection.12.4.2}{\376\377\330\065\334\236\000\137\000F\000o\000r\000m}{section.12.4}% 295
\BOOKMARK [2][-]{subsection.12.4.3}{\376\377\330\065\334\236\000\137\000L\000D\000S}{section.12.4}% 296
\BOOKMARK [2][-]{subsection.12.4.4}{\376\377\330\065\334\236\000\137\000D\000O\000F}{section.12.4}% 297
\BOOKMARK [2][-]{subsection.12.4.5}{\376\377\000F\000\137\0001\000,\000\040\000F\000\137\0002\000,\000\040\000F\000\137\0003\000\040\000\050\000p\000e\000r\000s\000p\000e\000c\000t\000i\000v\000a\000l\000\040\000s\000u\000b\000-\000f\000u\000n\000c\000t\000o\000r\000s\000\051}{section.12.4}% 298
\BOOKMARK [2][-]{subsection.12.4.6}{\376\377\000R\000e\000c\000u\000r\000s\000i\000v\000e\000\040\000d\000e\000c\000o\000m\000p\000o\000s\000a\000b\000i\000l\000i\000t\000y}{section.12.4}% 299
\BOOKMARK [1][-]{section.12.5}{\376\377\000A\000.\0004\000\040\000T\000h\000e\000o\000r\000e\000m\000s\000\040\000\050\000s\000h\000o\000r\000t\000-\000f\000o\000r\000m\000\051}{chapter.12}% 300
\BOOKMARK [2][-]{subsection.12.5.1}{\376\377\000T\0001\000\040\040\024\000\040\000M\000a\000t\000h\000e\000m\000a\000t\000i\000c\000a\000l\000\040\000P\000e\000r\000s\000p\000e\000c\000t\000i\000v\000i\000s\000m}{section.12.5}% 301
\BOOKMARK [2][-]{subsection.12.5.2}{\376\377\000T\0002\000\040\040\024\000\040\000E\000s\000t\000i\000m\000a\000t\000o\000r\000-\000D\000e\000p\000e\000n\000d\000e\000n\000t\000\040\000D\000u\000r\000a\000t\000i\000o\000n}{section.12.5}% 302
\BOOKMARK [2][-]{subsection.12.5.3}{\376\377\000T\0003\000\040\040\024\000\040\000A\000t\000t\000e\000n\000t\000i\000o\000n\000a\000l\000\040\000Q\000u\000a\000l\000i\000t\000y\000\040\000a\000n\000d\000\040\000N\000a\000v\000i\000g\000a\000t\000i\000o\000n\000a\000l\000\040\000D\000y\000n\000a\000m\000i\000c\000s}{section.12.5}% 303
\BOOKMARK [2][-]{subsection.12.5.4}{\376\377\000T\0004\000\040\040\024\000\040\000C\000o\000h\000e\000r\000e\000n\000c\000e\000-\000F\000o\000r\000c\000i\000n\000g\000\040\000M\000e\000a\000s\000u\000r\000e\000m\000e\000n\000t}{section.12.5}% 304
\BOOKMARK [2][-]{subsection.12.5.5}{\376\377\000T\0005\000\040\040\024\000\040\000I\000n\000t\000e\000r\000n\000a\000l\000\040\000C\000o\000h\000e\000r\000e\000n\000c\000e}{section.12.5}% 305
\BOOKMARK [2][-]{subsection.12.5.6}{\376\377\000T\0006\000\040\040\024\000\040\000D\000u\000a\000l\000\040\000C\000o\000h\000e\000r\000e\000n\000c\000e\000\040\000A\000x\000e\000s}{section.12.5}% 306
\BOOKMARK [2][-]{subsection.12.5.7}{\376\377\000D\000e\000s\000c\000r\000i\000p\000t\000i\000v\000e\000-\000F\000u\000n\000c\000t\000o\000r\000\040\000M\000e\000t\000a\000-\000T\000h\000e\000o\000r\000e\000m}{section.12.5}% 307
\BOOKMARK [2][-]{subsection.12.5.8}{\376\377\000K\000i\000n\000d\000-\000D\000e\000m\000o\000t\000i\000o\000n\000\040\000D\000y\000n\000a\000m\000i\000c}{section.12.5}% 308
\BOOKMARK [1][-]{section.12.6}{\376\377\000A\000.\0004\000b\000\040\000C\000o\000r\000o\000l\000l\000a\000r\000i\000e\000s\000\040\000\050\000s\000h\000o\000r\000t\000-\000f\000o\000r\000m\000\051}{chapter.12}% 309
\BOOKMARK [2][-]{subsection.12.6.1}{\376\377\000C\000l\000u\000s\000t\000e\000r\000\040\000I\000\040\040\024\000\040\000S\000u\000b\000s\000t\000r\000a\000t\000e\000\040\000a\000n\000d\000\040\000G\000e\000n\000e\000r\000a\000t\000i\000v\000i\000t\000y\000\040\000\050\000d\000e\000s\000c\000e\000n\000d\000s\000\040\000f\000r\000o\000m\000\040\000A\0001\000\051}{section.12.6}% 310
\BOOKMARK [2][-]{subsection.12.6.2}{\376\377\000C\000l\000u\000s\000t\000e\000r\000\040\000I\000I\000\040\040\024\000\040\000S\000t\000r\000e\000a\000m\000\040\000S\000t\000r\000u\000c\000t\000u\000r\000e\000\040\000a\000n\000d\000\040\000N\000a\000v\000i\000g\000a\000t\000i\000o\000n\000\040\000\050\000d\000e\000s\000c\000e\000n\000d\000s\000\040\000f\000r\000o\000m\000\040\000A\0002\000\040\000+\000\040\000T\0003\000\051}{section.12.6}% 311
\BOOKMARK [2][-]{subsection.12.6.3}{\376\377\000C\000l\000u\000s\000t\000e\000r\000\040\000I\000I\000I\000\040\040\024\000\040\000C\000o\000h\000e\000r\000e\000n\000c\000e\000\040\000C\000o\000n\000s\000e\000q\000u\000e\000n\000c\000e\000s\000\040\000\050\000d\000e\000s\000c\000e\000n\000d\000s\000\040\000f\000r\000o\000m\000\040\000T\0005\000/\000T\0006\000\040\000+\000\040\000A\0003\000\051}{section.12.6}% 312
\BOOKMARK [1][-]{section.12.7}{\376\377\000A\000.\0005\000\040\000C\000o\000h\000e\000r\000e\000n\000c\000e\000\040\000a\000n\000d\000\040\000B\000i\000a\000s}{chapter.12}% 313
\BOOKMARK [2][-]{subsection.12.7.1}{\376\377\003\303\000\137\000s\000t\000r\000u\000c\000t}{section.12.7}% 314
\BOOKMARK [2][-]{subsection.12.7.2}{\376\377\003\303\000\137\000i\000n\000f\000o}{section.12.7}% 315
\BOOKMARK [2][-]{subsection.12.7.3}{\376\377\000B\000i\000a\000s\000\050\000S\000\051}{section.12.7}% 316
\BOOKMARK [2][-]{subsection.12.7.4}{\376\377\000A\000\137\000S\000\040\000\050\000e\000n\000t\000r\000o\000p\000y\000\040\000f\000u\000n\000c\000t\000i\000o\000n\000a\000l\000\051}{section.12.7}% 317
\BOOKMARK [2][-]{subsection.12.7.5}{\376\377\000A\000l\000i\000g\000n\000\050\000S\000,\000\040\000t\000\051}{section.12.7}% 318
\BOOKMARK [2][-]{subsection.12.7.6}{\376\377\000p\000u\000s\000h\000\137\000s\000t\000r\000u\000c\000t\000u\000r\000a\000l}{section.12.7}% 319
\BOOKMARK [2][-]{subsection.12.7.7}{\376\377\000p\000u\000s\000h\000\137\000i\000n\000f\000o\000r\000m\000a\000t\000i\000o\000n\000a\000l}{section.12.7}% 320
\BOOKMARK [1][-]{section.12.8}{\376\377\000A\000.\0006\000\040\000T\000h\000e\000\040\000C\000o\000h\000e\000r\000e\000n\000c\000e\000\040\000P\000r\000i\000n\000c\000i\000p\000l\000e}{chapter.12}% 321
\BOOKMARK [2][-]{subsection.12.8.1}{\376\377\000T\000h\000e\000\040\000C\000o\000h\000e\000r\000e\000n\000c\000e\000\040\000P\000r\000i\000n\000c\000i\000p\000l\000e}{section.12.8}% 322
\BOOKMARK [2][-]{subsection.12.8.2}{\376\377\000F\000o\000u\000r\000\040\000C\000o\000n\000d\000i\000t\000i\000o\000n\000s\000\040\000\050\000C\000o\000n\000d\000.\000\040\0001\040\023\0004\000\051}{section.12.8}% 323
\BOOKMARK [2][-]{subsection.12.8.3}{\376\377\003\303\000*\000\050\000t\000\051\000\040\000\050\003\263\000-\000i\000m\000p\000l\000i\000e\000d\000\040\000t\000r\000a\000j\000e\000c\000t\000o\000r\000y\000\051}{section.12.8}% 324
\BOOKMARK [2][-]{subsection.12.8.4}{\376\377\000D\000\050\000S\000,\000\040\000[\000t\000\137\0000\000,\000\040\000t\000\137\0001\000]\000\051\000\040\000\050\000t\000r\000a\000j\000e\000c\000t\000o\000r\000y\000\040\000d\000i\000v\000e\000r\000g\000e\000n\000c\000e\000\051}{section.12.8}% 325
\BOOKMARK [2][-]{subsection.12.8.5}{\376\377\000S\000e\000l\000f\000-\000r\000e\000f\000e\000r\000e\000n\000c\000e\000\040\000c\000l\000o\000s\000u\000r\000e}{section.12.8}% 326
\BOOKMARK [1][-]{section.12.9}{\376\377\000A\000.\0007\000\040\000A\000x\000i\000o\000m\000s\000\040\000a\000n\000d\000\040\000B\000r\000i\000d\000g\000e\000s\000\040\000\050\000s\000h\000o\000r\000t\000-\000f\000o\000r\000m\000\051}{chapter.12}% 327
\BOOKMARK [2][-]{subsection.12.9.1}{\376\377\000A\0001\000\040\040\024\000\040\000C\000o\000n\000s\000c\000i\000o\000u\000s\000n\000e\000s\000s\000\040\000a\000s\000\040\000S\000u\000b\000s\000t\000r\000a\000t\000e}{section.12.9}% 328
\BOOKMARK [2][-]{subsection.12.9.2}{\376\377\000A\0002\000\040\040\024\000\040\000N\000e\000s\000t\000e\000d\000\040\000S\000t\000r\000e\000a\000m\000s\000\040\000a\000n\000d\000\040\000N\000a\000v\000i\000g\000a\000t\000i\000o\000n}{section.12.9}% 329
\BOOKMARK [2][-]{subsection.12.9.3}{\376\377\000A\0003\000\040\040\024\000\040\000C\000o\000n\000s\000c\000i\000o\000u\000s\000\040\000G\000r\000a\000v\000i\000t\000y}{section.12.9}% 330
\BOOKMARK [2][-]{subsection.12.9.4}{\376\377\000B\000r\000i\000d\000g\000e\000\040\000\043\0001\0000\0002\000\040\040\024\000\040\000F\000o\000r\000m\000\040\000f\000a\000c\000t\000o\000r\000-\000f\000u\000n\000c\000t\000o\000r\000\040\000p\000a\000y\000l\000o\000a\000d}{section.12.9}% 331
\BOOKMARK [2][-]{subsection.12.9.5}{\376\377\000B\000r\000i\000d\000g\000e\000\040\000\043\0001\0000\0004\000\040\040\024\000\040\000B\000o\000o\000t\000s\000t\000r\000a\000p\000\040\000A\000s\000y\000m\000m\000e\000t\000r\000y}{section.12.9}% 332
\BOOKMARK [2][-]{subsection.12.9.6}{\376\377\000B\000r\000i\000d\000g\000e\000\040\000\043\0001\0000\0007\000\040\040\024\000\040\000C\000o\000n\000t\000e\000n\000t\000\040\000f\000a\000c\000t\000o\000r\000-\000f\000u\000n\000c\000t\000o\000r\000\040\000p\000a\000y\000l\000o\000a\000d}{section.12.9}% 333
\BOOKMARK [2][-]{subsection.12.9.7}{\376\377\000B\000r\000i\000d\000g\000e\000\040\000\043\0001\0000\0008\000\040\040\024\000\040\000T\000r\000i\000p\000l\000e\000-\000d\000e\000r\000i\000v\000e\000d\000\040\000b\000r\000i\000d\000g\000e}{section.12.9}% 334
\BOOKMARK [2][-]{subsection.12.9.8}{\376\377\000B\000r\000i\000d\000g\000e\000\040\000\043\0001\0000\0009\000\040\040\024\000\040\000C\000a\000r\000r\000i\000e\000r\000\040\000f\000a\000c\000t\000o\000r\000-\000f\000u\000n\000c\000t\000o\000r\000\040\000p\000a\000y\000l\000o\000a\000d}{section.12.9}% 335
\BOOKMARK [2][-]{subsection.12.9.9}{\376\377\000B\000r\000i\000d\000g\000e\000\040\000\043\0001\0001\0000\000\040\040\024\000\040\000I\000d\000e\000n\000t\000i\000t\000y\000-\000T\000r\000a\000j\000e\000c\000t\000o\000r\000y\000\040\000T\000r\000i\000p\000l\000e}{section.12.9}% 336
\BOOKMARK [1][-]{section.12.10}{\376\377\000A\000.\0008\000\040\000F\000i\000l\000t\000e\000r\000i\000n\000g}{chapter.12}% 337
\BOOKMARK [2][-]{subsection.12.10.1}{\376\377\000\247\0001\0000\000\040\000S\000e\000v\000e\000n\000-\000S\000t\000e\000p\000\040\000P\000r\000o\000c\000e\000d\000u\000r\000e}{section.12.10}% 338
\BOOKMARK [2][-]{subsection.12.10.2}{\376\377\000\247\0001\0000\000\040\000C\000o\000m\000p\000l\000e\000t\000e\000n\000e\000s\000s\000\040\000C\000h\000e\000c\000k\000l\000i\000s\000t}{section.12.10}% 339
\BOOKMARK [1][-]{section.12.11}{\376\377\000A\000.\0009\000\040\000N\000o\000t\000a\000t\000i\000o\000n\000\040\000c\000o\000n\000v\000e\000n\000t\000i\000o\000n\000s}{chapter.12}% 340
\BOOKMARK [0][-]{chapter.13}{\376\377\000A\000p\000p\000e\000n\000d\000i\000x\000\040\000B\000\040\040\024\000\040\000T\000h\000e\000\040\000B\000i\000a\000s\000\050\000S\000\051\000\040\000F\000o\000r\000m\000a\000l\000i\000z\000a\000t\000i\000o\000n}{}% 341
\BOOKMARK [1][-]{section.13.1}{\376\377\000B\000.\0000\000\040\000W\000h\000y\000\040\000t\000h\000i\000s\000\040\000a\000p\000p\000e\000n\000d\000i\000x\000\040\000e\000x\000i\000s\000t\000s}{chapter.13}% 342
\BOOKMARK [1][-]{section.13.2}{\376\377\000B\000.\0001\000\040\000D\000e\000f\000i\000n\000i\000t\000i\000o\000n}{chapter.13}% 343
\BOOKMARK [2][-]{subsection.13.2.1}{\376\377\000C\000T\000\040\000d\000e\000f\000i\000n\000i\000t\000i\000o\000n}{section.13.2}% 344
\BOOKMARK [2][-]{subsection.13.2.2}{\376\377\000P\000r\000o\000s\000e}{section.13.2}% 345
\BOOKMARK [1][-]{section.13.3}{\376\377\000B\000.\0002\000\040\000T\000h\000e\000\040\000c\000o\000n\000t\000r\000a\000c\000t\000e\000d\040\023\000o\000p\000e\000n\000\040\000a\000x\000i\000s\000\040\000v\000i\000a\000\040\000e\000n\000t\000r\000o\000p\000y}{chapter.13}% 346
\BOOKMARK [2][-]{subsection.13.3.1}{\376\377\000C\000T\000\040\000f\000o\000r\000m\000u\000l\000a\000t\000i\000o\000n}{section.13.3}% 347
\BOOKMARK [2][-]{subsection.13.3.2}{\376\377\000P\000r\000o\000s\000e}{section.13.3}% 348
\BOOKMARK [1][-]{section.13.4}{\376\377\000B\000.\0003\000\040\000T\000h\000e\000\040\000t\000w\000o\000\040\000p\000u\000s\000h\000-\000o\000p\000e\000r\000a\000t\000o\000r\000s}{chapter.13}% 349
\BOOKMARK [2][-]{subsection.13.4.1}{\376\377\000p\000u\000s\000h\000\137\000s\000t\000r\000u\000c\000t\000u\000r\000a\000l}{section.13.4}% 350
\BOOKMARK [2][-]{subsection.13.4.2}{\376\377\000p\000u\000s\000h\000\137\000i\000n\000f\000o\000r\000m\000a\000t\000i\000o\000n\000a\000l}{section.13.4}% 351
\BOOKMARK [2][-]{subsection.13.4.3}{\376\377\000I\000n\000d\000e\000p\000e\000n\000d\000e\000n\000c\000e}{section.13.4}% 352
\BOOKMARK [2][-]{subsection.13.4.4}{\376\377\000P\000r\000o\000s\000e}{section.13.4}% 353
\BOOKMARK [1][-]{section.13.5}{\376\377\000B\000.\0004\000\040\000R\000e\000l\000a\000t\000i\000o\000n\000s\000h\000i\000p\000\040\000t\000o\000\040\003\263\000\137\000S\000\040\000a\000n\000d\000\040\000t\000o\000\040\000t\000h\000e\000\040\000T\000r\000i\000p\000l\000e}{chapter.13}% 354
\BOOKMARK [1][-]{section.13.6}{\376\377\000B\000.\0005\000\040\000T\000h\000e\000\040\000t\000r\000a\000j\000e\000c\000t\000o\000r\000y\000-\000d\000i\000v\000e\000r\000g\000e\000n\000c\000e\000\040\000m\000e\000t\000r\000i\000c}{chapter.13}% 355
\BOOKMARK [2][-]{subsection.13.6.1}{\376\377\000C\000T\000\040\000s\000t\000a\000t\000e\000m\000e\000n\000t}{section.13.6}% 356
\BOOKMARK [2][-]{subsection.13.6.2}{\376\377\000P\000r\000o\000s\000e}{section.13.6}% 357
\BOOKMARK [1][-]{section.13.7}{\376\377\000B\000.\0006\000\040\000O\000b\000s\000e\000r\000v\000a\000b\000l\000e\000\040\000s\000i\000g\000n\000a\000t\000u\000r\000e\000s}{chapter.13}% 358
\BOOKMARK [1][-]{section.13.8}{\376\377\000B\000.\0007\000\040\000O\000p\000e\000n\000\040\000q\000u\000e\000s\000t\000i\000o\000n\000s}{chapter.13}% 359
\BOOKMARK [1][-]{section.13.9}{\376\377\000B\000.\0008\000\040\000S\000u\000m\000m\000a\000r\000y\000\040\040\024\000\040\000t\000h\000e\000\040\000B\000i\000a\000s\000\050\000S\000\051\000\040\000r\000e\000f\000e\000r\000e\000n\000c\000e\000\040\000c\000a\000r\000d}{chapter.13}% 360
